                                     *-*-*
--- Project 'TRAINAPP', Configuration 'GNU_ARM_DEBUG_T2', Compiler 'GNU ARM 4.3.4 (HWT1/T2)' ---
deleting intermediate files...
done!
                                     *-*-*
--- Project 'TRAINAPP', Configuration 'GNU_ARM_DEBUG_T2', Compiler 'GNU ARM 4.3.4 (HWT1/T2)' ---
deleting binary files...
done!
                                     *-*-*
--- Project 'TRAINAPP', Configuration 'GNU_ARM_DEBUG_T2', Compiler 'GNU ARM 4.3.4 (HWT1/T2)' ---
deleting intermediate files...
done!
                                     *-*-*
--- Project 'TRAINAPP', Configuration 'GNU_ARM_DEBUG_T2', Compiler 'GNU ARM 4.3.4 (HWT1/T2)' ---
deleting binary files...
done!
                                     *-*-*
--- Project 'TRAINAPP', Configuration 'GNU_ARM_DEBUG_T2', Compiler 'GNU ARM 4.3.4 (HWT1/T2)' ---
Build in progress...
'Src/Main.c' compilation in progress...
'Src/Entry.c' compilation in progress...
'Src/Menu.c' compilation in progress...
'Obj/GNU_ARM_DEBUG_T2/TRAINAPP.axf' link in progress...
'Bin/GNU_ARM_DEBUG_T2/TRAINAPP.BIN' binary file generated.
done!
                                     *-*-*
--- Project 'TRAINAPP', Configuration 'GNU_ARM_DEBUG_T2', Compiler 'GNU ARM 4.3.4 (HWT1/T2)' ---
SAT Signature in Progress  ...
'Telium 2' project binaries
'Bin/GNU_ARM_DEBUG_T2/TRAINAPP.AGN' Telium 2 application binary file generated
done!
                                     *-*-*
--- Project 'TRAINAPP', Configuration 'GNU_ARM_DEBUG_T2', Compiler 'GNU ARM 4.3.4 (HWT1/T2)' ---
Telium 2 binary file information: CODE (base address=0x0, size=28776 bytes); DATA (base address=0x200000, size=1700 bytes).

Elapsed time: 3.4 s.
                                     *-*-*
--- Project 'TRAINAPP', Configuration 'GNU_ARM_DEBUG_T2', Compiler 'GNU ARM 4.3.4 (HWT1/T2)' ---
deleting intermediate files...
done!
                                     *-*-*
--- Project 'TRAINAPP', Configuration 'GNU_ARM_DEBUG_T2', Compiler 'GNU ARM 4.3.4 (HWT1/T2)' ---
deleting binary files...
done!
                                     *-*-*
--- Project 'TRAINAPP', Configuration 'GNU_ARM_DEBUG_T2', Compiler 'GNU ARM 4.3.4 (HWT1/T2)' ---
deleting intermediate files...
done!
                                     *-*-*
--- Project 'TRAINAPP', Configuration 'GNU_ARM_DEBUG_T2', Compiler 'GNU ARM 4.3.4 (HWT1/T2)' ---
deleting binary files...
done!
                                     *-*-*
--- Project 'TRAINAPP', Configuration 'GNU_ARM_DEBUG_T2', Compiler 'GNU ARM 4.3.4 (HWT1/T2)' ---
Build in progress...
'Src/Main.c' compilation in progress...
'Src/Entry.c' compilation in progress...
'Src/Menu.c' compilation in progress...
'Obj/GNU_ARM_DEBUG_T2/TRAINAPP.axf' link in progress...
'Bin/GNU_ARM_DEBUG_T2/TRAINAPP.BIN' binary file generated.
done!
                                     *-*-*
--- Project 'TRAINAPP', Configuration 'GNU_ARM_DEBUG_T2', Compiler 'GNU ARM 4.3.4 (HWT1/T2)' ---
SAT Signature in Progress  ...
'Telium 2' project binaries
'Bin/GNU_ARM_DEBUG_T2/TRAINAPP.AGN' Telium 2 application binary file generated
done!
                                     *-*-*
--- Project 'TRAINAPP', Configuration 'GNU_ARM_DEBUG_T2', Compiler 'GNU ARM 4.3.4 (HWT1/T2)' ---
Telium 2 binary file information: CODE (base address=0x0, size=9786 bytes); DATA (base address=0x200000, size=560 bytes).

Elapsed time: 1.72 s.
                                     *-*-*
--- Project 'TRAINAPP', Configuration 'GNU_ARM_DEBUG_T2', Compiler 'GNU ARM 4.3.4 (HWT1/T2)' ---
deleting intermediate files...
done!
                                     *-*-*
--- Project 'TRAINAPP', Configuration 'GNU_ARM_DEBUG_T2', Compiler 'GNU ARM 4.3.4 (HWT1/T2)' ---
deleting binary files...
done!
                                     *-*-*
--- Project 'TRAINAPP', Configuration 'GNU_ARM_DEBUG_T2', Compiler 'GNU ARM 4.3.4 (HWT1/T2)' ---
deleting intermediate files...
done!
                                     *-*-*
--- Project 'TRAINAPP', Configuration 'GNU_ARM_DEBUG_T2', Compiler 'GNU ARM 4.3.4 (HWT1/T2)' ---
deleting binary files...
done!
                                     *-*-*
--- Project 'TRAINAPP', Configuration 'GNU_ARM_DEBUG_T2', Compiler 'GNU ARM 4.3.4 (HWT1/T2)' ---
Build in progress...
'Src/Main.c' compilation in progress...
'Src/Entry.c' compilation in progress...
'Src/Menu.c' compilation in progress...
'Obj/GNU_ARM_DEBUG_T2/TRAINAPP.axf' link in progress...
'Bin/GNU_ARM_DEBUG_T2/TRAINAPP.BIN' binary file generated.
done!
                                     *-*-*
--- Project 'TRAINAPP', Configuration 'GNU_ARM_DEBUG_T2', Compiler 'GNU ARM 4.3.4 (HWT1/T2)' ---
SAT Signature in Progress  ...
'Telium 2' project binaries
'Bin/GNU_ARM_DEBUG_T2/TRAINAPP.AGN' Telium 2 application binary file generated
done!
                                     *-*-*
--- Project 'TRAINAPP', Configuration 'GNU_ARM_DEBUG_T2', Compiler 'GNU ARM 4.3.4 (HWT1/T2)' ---
Telium 2 binary file information: CODE (base address=0x0, size=9786 bytes); DATA (base address=0x200000, size=560 bytes).

Elapsed time: 3.09 s.
                                     *-*-*
--- Project 'TRAINAPP', Configuration 'GNU_ARM_DEBUG_T2', Compiler 'GNU ARM 4.3.4 (HWT1/T2)' ---
deleting intermediate files...
done!
                                     *-*-*
--- Project 'TRAINAPP', Configuration 'GNU_ARM_DEBUG_T2', Compiler 'GNU ARM 4.3.4 (HWT1/T2)' ---
deleting binary files...
done!
                                     *-*-*
--- Project 'TRAINAPP', Configuration 'GNU_ARM_DEBUG_T2', Compiler 'GNU ARM 4.3.4 (HWT1/T2)' ---
deleting intermediate files...
done!
                                     *-*-*
--- Project 'TRAINAPP', Configuration 'GNU_ARM_DEBUG_T2', Compiler 'GNU ARM 4.3.4 (HWT1/T2)' ---
deleting binary files...
done!
                                     *-*-*
--- Project 'TRAINAPP', Configuration 'GNU_ARM_DEBUG_T2', Compiler 'GNU ARM 4.3.4 (HWT1/T2)' ---
Build in progress...
'Src/Main.c' compilation in progress...
'Src/Entry.c' compilation in progress...
'Src/Menu.c' compilation in progress...
'Obj/GNU_ARM_DEBUG_T2/TRAINAPP.axf' link in progress...
'Bin/GNU_ARM_DEBUG_T2/TRAINAPP.BIN' binary file generated.
done!
                                     *-*-*
--- Project 'TRAINAPP', Configuration 'GNU_ARM_DEBUG_T2', Compiler 'GNU ARM 4.3.4 (HWT1/T2)' ---
SAT Signature in Progress  ...
'Telium 2' project binaries
'Bin/GNU_ARM_DEBUG_T2/TRAINAPP.AGN' Telium 2 application binary file generated
done!
                                     *-*-*
--- Project 'TRAINAPP', Configuration 'GNU_ARM_DEBUG_T2', Compiler 'GNU ARM 4.3.4 (HWT1/T2)' ---
Telium 2 binary file information: CODE (base address=0x0, size=9794 bytes); DATA (base address=0x200000, size=560 bytes).

Elapsed time: 1.45 s.
                                     *-*-*
--- Project 'TRAINAPP', Configuration 'GNU_ARM_DEBUG_TETRA', Compiler 'GNU ARM 4.7.xV7A (HWTetra)' ---
deleting intermediate files...
done!
                                     *-*-*
--- Project 'TRAINAPP', Configuration 'GNU_ARM_DEBUG_TETRA', Compiler 'GNU ARM 4.7.xV7A (HWTetra)' ---
deleting binary files...
done!
                                     *-*-*
--- Project 'TRAINAPP', Configuration 'GNU_ARM_DEBUG_TETRA', Compiler 'GNU ARM 4.7.xV7A (HWTetra)' ---
deleting intermediate files...
done!
                                     *-*-*
--- Project 'TRAINAPP', Configuration 'GNU_ARM_DEBUG_TETRA', Compiler 'GNU ARM 4.7.xV7A (HWTetra)' ---
deleting binary files...
done!
                                     *-*-*
--- Project 'TRAINAPP', Configuration 'GNU_ARM_DEBUG_TETRA', Compiler 'GNU ARM 4.7.xV7A (HWTetra)' ---
Build in progress...
Includes file list @option generation: 
'Finished building: Obj/GNU_ARM_DEBUG_TETRA/includesFiles.opt'

'Src/Main.c' compilation in progress...
'Src/Entry.c' compilation in progress...
'Src/Menu.c' compilation in progress...

Linker file @option generation
'Finished building: Obj/GNU_ARM_DEBUG_TETRA/ldFile.opt'

'Obj/GNU_ARM_DEBUG_TETRA/TRAINAP0101.axf' link in progress...
'Finished building: Obj/GNU_ARM_DEBUG_TETRA/TRAINAP0101.axf'

'Invoking: GNUARM Print Size'
'Finished building: Obj/GNU_ARM_DEBUG_TETRA/TRAINAP0101.siz'

'Obj/GNU_ARM_DEBUG_TETRA/TRAINAP0101.lst' lst file generated.
duplicate bin file :  Bin/GNU_ARM_DEBUG_TETRA/TRAINAP0101.BIN to Obj/GNU_ARM_DEBUG_TETRA/TRAINAP0101.T3A
Stripping terminal binary file: 
'Bin/GNU_ARM_DEBUG_TETRA/TRAINAP0101.BIN' binary file generated.
done!
                                     *-*-*
--- Project 'TRAINAPP', Configuration 'GNU_ARM_DEBUG_TETRA', Compiler 'GNU ARM 4.7.xV7A (HWTetra)' ---
'Telium Tetra' 'TRAINAP0101.T3A' file binaries generation in progress...
'Bin/GNU_ARM_DEBUG_TETRA/TRAINAP0101.T3A' Tetra file generated.
done!
                                     *-*-*
--- Project 'TRAINAPP', Configuration 'GNU_ARM_DEBUG_TETRA', Compiler 'GNU ARM 4.7.xV7A (HWTetra)' ---
Packager in progress for file 'TRAINAP0101.T3A' ...


-----------------  SECURE HASHING COMPONNENTS BUILT-IN ------------------
********************************** TRAINAP0101.T3A **********************************
----  HASHING  COMPONENT
Launching SDK 'sec_hash_file_win32.exe' '-r . --teliumappauto TRAINAP0101.T3A -o pkg.hashes' in 'E:\Program Files\Training_BASE_Test\TRAINAPP\Bin\GNU_ARM_DEBUG_TETRA'.
sec_hash_file_win32.exe: (telium auto) OK: apptype:0x006e, type:A, override:'F;R;;04544;CA006E00000;APPS;d=/home/LEGACY_FS/SYSTEM'
sec_hash_file_win32.exe: hashed (FIL) R desc:/home/LEGACY_FS/SYSTEM/TRAINAP0101.T3A, size:17348 (TRAINAP0101.T3A)
----  TARING  COMPONENT
Tar File:  'E:/Program Files/Training_BASE_Test/TRAINAPP/Bin/GNU_ARM_DEBUG_TETRA/pkg.tar' with '[L/TRAINAPP/Bin/GNU_ARM_DEBUG_TETRA/SWAP/TRAINAP0101.T3A]'.
----  HASHING PKGINFO
Launching SDK 'sec_hash_file_win32.exe' '-r . -D /pkginfo/8001100000_TRAINAPP.P3A /.depend /.t3desc /.needed -o pkginfo.hashes' in 'E:\Program Files\Training_BASE_Test\TRAINAPP\Bin\GNU_ARM_DEBUG_TETRA'.
sec_hash_file_win32.exe: hashed (FIL) R desc:/pkginfo/8001100000_TRAINAPP.P3A/.depend, size:13 (/.depend)
sec_hash_file_win32.exe: hashed (FIL) R desc:/pkginfo/8001100000_TRAINAPP.P3A/.t3desc, size:13 (/.t3desc)
sec_hash_file_win32.exe: hashed (FIL) R desc:/pkginfo/8001100000_TRAINAPP.P3A/.needed, size:13 (/.needed)
----  TARING PKGINFO
Tar File:  'E:/Program Files/Training_BASE_Test/TRAINAPP/Bin/GNU_ARM_DEBUG_TETRA/pkginfo.tar' with '[L/TRAINAPP/Bin/GNU_ARM_DEBUG_TETRA/.depend, L/TRAINAPP/Bin/GNU_ARM_DEBUG_TETRA/.t3desc, L/TRAINAPP/Bin/GNU_ARM_DEBUG_TETRA/.needed]'.
----  TAR PACKAGE
Tar File:  'E:/Program Files/Training_BASE_Test/TRAINAPP/Bin/GNU_ARM_DEBUG_TETRA/8001100000_TRAINAPP.pkg' with '[L/TRAINAPP/Bin/GNU_ARM_DEBUG_TETRA/pkg.tar, L/TRAINAPP/Bin/GNU_ARM_DEBUG_TETRA/pkg.hashes, L/TRAINAPP/Bin/GNU_ARM_DEBUG_TETRA/pkginfo.tar, L/TRAINAPP/Bin/GNU_ARM_DEBUG_TETRA/pkginfo.hashes]'.
----  SIGNING: only generate .jsat file
Launching SDK 'pkg_to_jsat_interface_win32.exe' '--in_cmp_to_type TRAINAP0101.T3A --jsat_f 8001100000_TRAINAPP.jsat --pkg_f 8001100000_TRAINAPP.pkg --pkg_family TRAINAPP --pkg_id 110 --pkg_versions 00,00,00 --pkg_country 0 --pkg_range 0 --root . ' in 'E:\Program Files\Training_BASE_Test\TRAINAPP\Bin\GNU_ARM_DEBUG_TETRA'.
a8974df48203864ff51e2d6255fe04ef1e17b8d23ccc7518d1b9f876e6af03e7265e3ad225b99c7eb46c8e109a0d26dacab465a908c1b67de7ee109422fa745c - pkg.hashes
3e7e373a1d1ed72aa6edcbff1b34e40ac2d901b6287a7fa2e8582312a155bd453241e7939b29bfed13182ee5a23227dfe2b918bd2deb45e506147348fe6272ad - pkginfo.hashes
----------------------------  DONE  -----------------------------
                                     *-*-*
--- Project 'TRAINAPP', Configuration 'GNU_ARM_DEBUG_TETRA', Compiler 'GNU ARM 4.7.xV7A (HWTetra)' ---
Sign/Kit Signature in Progress ...
For 'Telium Tetra' 'Bin/GNU_ARM_DEBUG_TETRA/8001100000_TRAINAPP.pkg' package file for mode 'PAYMENT'.
'E:/Program Files/Training_BASE_Test/TRAINAPP/Bin/GNU_ARM_DEBUG_TETRA/8001100000_TRAINAPP.P3A' Telium Tetra application file generated in PAYMENT mode.
done!
                                     *-*-*
--- Project 'TRAINAPP', Configuration 'GNU_ARM_DEBUG_TETRA', Compiler 'GNU ARM 4.7.xV7A (HWTetra)' ---
Telium Tetra binary file information: CODE (base address=0x8c4c, size=11968 bytes); DATA (base address=0x13ae0, size=680 bytes).

Elapsed time: 5.46 s.
                                     *-*-*
--- Project 'TRAINAPP', Configuration 'GNU_ARM_DEBUG_TETRA', Compiler 'GNU ARM 4.7.xV7A (HWTetra)' ---
deleting intermediate files...
done!
                                     *-*-*
--- Project 'TRAINAPP', Configuration 'GNU_ARM_DEBUG_TETRA', Compiler 'GNU ARM 4.7.xV7A (HWTetra)' ---
deleting binary files...
done!
                                     *-*-*
--- Project 'TRAINAPP', Configuration 'GNU_ARM_DEBUG_TETRA', Compiler 'GNU ARM 4.7.xV7A (HWTetra)' ---
deleting intermediate files...
done!
                                     *-*-*
--- Project 'TRAINAPP', Configuration 'GNU_ARM_DEBUG_TETRA', Compiler 'GNU ARM 4.7.xV7A (HWTetra)' ---
deleting binary files...
done!
                                     *-*-*
--- Project 'TRAINAPP', Configuration 'GNU_ARM_DEBUG_TETRA', Compiler 'GNU ARM 4.7.xV7A (HWTetra)' ---
Build in progress...
Includes file list @option generation: 
'Finished building: Obj/GNU_ARM_DEBUG_TETRA/includesFiles.opt'

'Src/Main.c' compilation in progress...
'Src/Entry.c' compilation in progress...
'Src/Menu.c' compilation in progress...

Linker file @option generation
'Finished building: Obj/GNU_ARM_DEBUG_TETRA/ldFile.opt'

'Obj/GNU_ARM_DEBUG_TETRA/TRAINAP0101.axf' link in progress...
'Finished building: Obj/GNU_ARM_DEBUG_TETRA/TRAINAP0101.axf'

'Invoking: GNUARM Print Size'
'Finished building: Obj/GNU_ARM_DEBUG_TETRA/TRAINAP0101.siz'

'Obj/GNU_ARM_DEBUG_TETRA/TRAINAP0101.lst' lst file generated.
duplicate bin file :  Bin/GNU_ARM_DEBUG_TETRA/TRAINAP0101.BIN to Obj/GNU_ARM_DEBUG_TETRA/TRAINAP0101.T3A
Stripping terminal binary file: 
'Bin/GNU_ARM_DEBUG_TETRA/TRAINAP0101.BIN' binary file generated.
done!
                                     *-*-*
--- Project 'TRAINAPP', Configuration 'GNU_ARM_DEBUG_TETRA', Compiler 'GNU ARM 4.7.xV7A (HWTetra)' ---
'Telium Tetra' 'TRAINAP0101.T3A' file binaries generation in progress...
'Bin/GNU_ARM_DEBUG_TETRA/TRAINAP0101.T3A' Tetra file generated.
done!
                                     *-*-*
--- Project 'TRAINAPP', Configuration 'GNU_ARM_DEBUG_TETRA', Compiler 'GNU ARM 4.7.xV7A (HWTetra)' ---
Packager in progress for file 'TRAINAP0101.T3A' ...


-----------------  SECURE HASHING COMPONNENTS BUILT-IN ------------------
********************************** TRAINAP0101.T3A **********************************
----  HASHING  COMPONENT
Launching SDK 'sec_hash_file_win32.exe' '-r . --teliumappauto TRAINAP0101.T3A -o pkg.hashes' in 'E:\Program Files\Training_BASE_Test\TRAINAPP\Bin\GNU_ARM_DEBUG_TETRA'.
sec_hash_file_win32.exe: (telium auto) OK: apptype:0x006e, type:A, override:'F;R;;04544;CA006E00000;APPS;d=/home/LEGACY_FS/SYSTEM'
sec_hash_file_win32.exe: hashed (FIL) R desc:/home/LEGACY_FS/SYSTEM/TRAINAP0101.T3A, size:17348 (TRAINAP0101.T3A)
----  TARING  COMPONENT
Tar File:  'E:/Program Files/Training_BASE_Test/TRAINAPP/Bin/GNU_ARM_DEBUG_TETRA/pkg.tar' with '[L/TRAINAPP/Bin/GNU_ARM_DEBUG_TETRA/SWAP/TRAINAP0101.T3A]'.
----  HASHING PKGINFO
Launching SDK 'sec_hash_file_win32.exe' '-r . -D /pkginfo/8001100000_TRAINAPP.P3A /.depend /.t3desc /.needed -o pkginfo.hashes' in 'E:\Program Files\Training_BASE_Test\TRAINAPP\Bin\GNU_ARM_DEBUG_TETRA'.
sec_hash_file_win32.exe: hashed (FIL) R desc:/pkginfo/8001100000_TRAINAPP.P3A/.depend, size:13 (/.depend)
sec_hash_file_win32.exe: hashed (FIL) R desc:/pkginfo/8001100000_TRAINAPP.P3A/.t3desc, size:13 (/.t3desc)
sec_hash_file_win32.exe: hashed (FIL) R desc:/pkginfo/8001100000_TRAINAPP.P3A/.needed, size:13 (/.needed)
----  TARING PKGINFO
Tar File:  'E:/Program Files/Training_BASE_Test/TRAINAPP/Bin/GNU_ARM_DEBUG_TETRA/pkginfo.tar' with '[L/TRAINAPP/Bin/GNU_ARM_DEBUG_TETRA/.depend, L/TRAINAPP/Bin/GNU_ARM_DEBUG_TETRA/.t3desc, L/TRAINAPP/Bin/GNU_ARM_DEBUG_TETRA/.needed]'.
----  TAR PACKAGE
Tar File:  'E:/Program Files/Training_BASE_Test/TRAINAPP/Bin/GNU_ARM_DEBUG_TETRA/8001100000_TRAINAPP.pkg' with '[L/TRAINAPP/Bin/GNU_ARM_DEBUG_TETRA/pkg.tar, L/TRAINAPP/Bin/GNU_ARM_DEBUG_TETRA/pkg.hashes, L/TRAINAPP/Bin/GNU_ARM_DEBUG_TETRA/pkginfo.tar, L/TRAINAPP/Bin/GNU_ARM_DEBUG_TETRA/pkginfo.hashes]'.
----  SIGNING: only generate .jsat file
Launching SDK 'pkg_to_jsat_interface_win32.exe' '--in_cmp_to_type TRAINAP0101.T3A --jsat_f 8001100000_TRAINAPP.jsat --pkg_f 8001100000_TRAINAPP.pkg --pkg_family TRAINAPP --pkg_id 110 --pkg_versions 00,00,00 --pkg_country 0 --pkg_range 0 --root . ' in 'E:\Program Files\Training_BASE_Test\TRAINAPP\Bin\GNU_ARM_DEBUG_TETRA'.
a8974df48203864ff51e2d6255fe04ef1e17b8d23ccc7518d1b9f876e6af03e7265e3ad225b99c7eb46c8e109a0d26dacab465a908c1b67de7ee109422fa745c - pkg.hashes
3e7e373a1d1ed72aa6edcbff1b34e40ac2d901b6287a7fa2e8582312a155bd453241e7939b29bfed13182ee5a23227dfe2b918bd2deb45e506147348fe6272ad - pkginfo.hashes
----------------------------  DONE  -----------------------------
                                     *-*-*
--- Project 'TRAINAPP', Configuration 'GNU_ARM_DEBUG_TETRA', Compiler 'GNU ARM 4.7.xV7A (HWTetra)' ---
Sign/Kit Signature in Progress ...
For 'Telium Tetra' 'Bin/GNU_ARM_DEBUG_TETRA/8001100000_TRAINAPP.pkg' package file for mode 'PAYMENT'.
'E:/Program Files/Training_BASE_Test/TRAINAPP/Bin/GNU_ARM_DEBUG_TETRA/8001100000_TRAINAPP.P3A' Telium Tetra application file generated in PAYMENT mode.
done!
                                     *-*-*
--- Project 'TRAINAPP', Configuration 'GNU_ARM_DEBUG_TETRA', Compiler 'GNU ARM 4.7.xV7A (HWTetra)' ---
Telium Tetra binary file information: CODE (base address=0x8c4c, size=11968 bytes); DATA (base address=0x13ae0, size=680 bytes).

Elapsed time: 2.49 s.
                                     *-*-*
--- Project 'TRAINAPP', Configuration 'GNU_ARM_DEBUG_TETRA', Compiler 'GNU ARM 4.7.xV7A (HWTetra)' ---
deleting intermediate files...
done!
                                     *-*-*
--- Project 'TRAINAPP', Configuration 'GNU_ARM_DEBUG_TETRA', Compiler 'GNU ARM 4.7.xV7A (HWTetra)' ---
deleting binary files...
done!
                                     *-*-*
--- Project 'TRAINAPP', Configuration 'GNU_ARM_DEBUG_TETRA', Compiler 'GNU ARM 4.7.xV7A (HWTetra)' ---
deleting intermediate files...
done!
                                     *-*-*
--- Project 'TRAINAPP', Configuration 'GNU_ARM_DEBUG_TETRA', Compiler 'GNU ARM 4.7.xV7A (HWTetra)' ---
deleting binary files...
done!
                                     *-*-*
--- Project 'TRAINAPP', Configuration 'GNU_ARM_DEBUG_TETRA', Compiler 'GNU ARM 4.7.xV7A (HWTetra)' ---
Build in progress...
Includes file list @option generation: 
'Finished building: Obj/GNU_ARM_DEBUG_TETRA/includesFiles.opt'

'Src/Main.c' compilation in progress...
'Src/Entry.c' compilation in progress...
'Src/Menu.c' compilation in progress...

Linker file @option generation
'Finished building: Obj/GNU_ARM_DEBUG_TETRA/ldFile.opt'

'Obj/GNU_ARM_DEBUG_TETRA/TRAINAP0101.axf' link in progress...
'Finished building: Obj/GNU_ARM_DEBUG_TETRA/TRAINAP0101.axf'

'Invoking: GNUARM Print Size'
'Finished building: Obj/GNU_ARM_DEBUG_TETRA/TRAINAP0101.siz'

'Obj/GNU_ARM_DEBUG_TETRA/TRAINAP0101.lst' lst file generated.
duplicate bin file :  Bin/GNU_ARM_DEBUG_TETRA/TRAINAP0101.BIN to Obj/GNU_ARM_DEBUG_TETRA/TRAINAP0101.T3A
Stripping terminal binary file: 
'Bin/GNU_ARM_DEBUG_TETRA/TRAINAP0101.BIN' binary file generated.
done!
                                     *-*-*
--- Project 'TRAINAPP', Configuration 'GNU_ARM_DEBUG_TETRA', Compiler 'GNU ARM 4.7.xV7A (HWTetra)' ---
'Telium Tetra' 'TRAINAP0101.T3A' file binaries generation in progress...
Scheme : 500009012100.S3S.mockup added.
Scheme : 500031010200.S3S.mockup added.
Scheme : 500032030200.S3S.mockup added.
Scheme : 500012012100.S3S.mockup added.
Scheme : 500008012100.S3S.mockup added.
Scheme : 500018012100.S3S.mockup added.
Scheme : 500010012100.S3S.mockup added.
Scheme : 500007012100.S3S.mockup added.
Scheme : 500063012100.S3S.mockup added.
Scheme : 500014012100.S3S.mockup added.
Scheme : 500016012100.S3S.mockup added.
Scheme : 500011012100.S3S.mockup added.
Scheme : 500006012100.S3S.mockup added.
Scheme : 500015012100.S3S.mockup added.
'Bin/GNU_ARM_DEBUG_TETRA/TRAINAP0101.T3A' Tetra file generated.
done!
                                     *-*-*
--- Project 'TRAINAPP', Configuration 'GNU_ARM_DEBUG_TETRA', Compiler 'GNU ARM 4.7.xV7A (HWTetra)' ---
Packager in progress for file 'TRAINAP0101.T3A' ...


-----------------  SECURE HASHING COMPONNENTS BUILT-IN ------------------
********************************** TRAINAP0101.T3A **********************************
----  HASHING  COMPONENT
Launching SDK 'sec_hash_file_win32.exe' '-r . --teliumappauto TRAINAP0101.T3A -o pkg.hashes' in 'E:\Program Files\Training_BASE_Test\TRAINAPP\Bin\GNU_ARM_DEBUG_TETRA'.
sec_hash_file_win32.exe: (telium auto) OK: apptype:0x006e, type:A, override:'F;R;;04544;CA006E00000;APPS;d=/home/LEGACY_FS/SYSTEM'
sec_hash_file_win32.exe: hashed (FIL) R desc:/home/LEGACY_FS/SYSTEM/TRAINAP0101.T3A, size:110260 (TRAINAP0101.T3A)
----  TARING  COMPONENT
Tar File:  'E:/Program Files/Training_BASE_Test/TRAINAPP/Bin/GNU_ARM_DEBUG_TETRA/pkg.tar' with '[L/TRAINAPP/Bin/GNU_ARM_DEBUG_TETRA/SWAP/TRAINAP0101.T3A]'.
----  HASHING PKGINFO
Launching SDK 'sec_hash_file_win32.exe' '-r . -D /pkginfo/8001100000_TRAINAPP.P3A /.depend /.t3desc /.needed -o pkginfo.hashes' in 'E:\Program Files\Training_BASE_Test\TRAINAPP\Bin\GNU_ARM_DEBUG_TETRA'.
sec_hash_file_win32.exe: hashed (FIL) R desc:/pkginfo/8001100000_TRAINAPP.P3A/.depend, size:13 (/.depend)
sec_hash_file_win32.exe: hashed (FIL) R desc:/pkginfo/8001100000_TRAINAPP.P3A/.t3desc, size:13 (/.t3desc)
sec_hash_file_win32.exe: hashed (FIL) R desc:/pkginfo/8001100000_TRAINAPP.P3A/.needed, size:13 (/.needed)
----  TARING PKGINFO
Tar File:  'E:/Program Files/Training_BASE_Test/TRAINAPP/Bin/GNU_ARM_DEBUG_TETRA/pkginfo.tar' with '[L/TRAINAPP/Bin/GNU_ARM_DEBUG_TETRA/.depend, L/TRAINAPP/Bin/GNU_ARM_DEBUG_TETRA/.t3desc, L/TRAINAPP/Bin/GNU_ARM_DEBUG_TETRA/.needed]'.
----  TAR PACKAGE
Tar File:  'E:/Program Files/Training_BASE_Test/TRAINAPP/Bin/GNU_ARM_DEBUG_TETRA/8001100000_TRAINAPP.pkg' with '[L/TRAINAPP/Bin/GNU_ARM_DEBUG_TETRA/pkg.tar, L/TRAINAPP/Bin/GNU_ARM_DEBUG_TETRA/pkg.hashes, L/TRAINAPP/Bin/GNU_ARM_DEBUG_TETRA/pkginfo.tar, L/TRAINAPP/Bin/GNU_ARM_DEBUG_TETRA/pkginfo.hashes]'.
----  SIGNING: only generate .jsat file
Launching SDK 'pkg_to_jsat_interface_win32.exe' '--in_cmp_to_type TRAINAP0101.T3A --jsat_f 8001100000_TRAINAPP.jsat --pkg_f 8001100000_TRAINAPP.pkg --pkg_family TRAINAPP --pkg_id 110 --pkg_versions 00,00,00 --pkg_country 0 --pkg_range 0 --root . ' in 'E:\Program Files\Training_BASE_Test\TRAINAPP\Bin\GNU_ARM_DEBUG_TETRA'.
ab0c50993f742cd5675cab94f675c5c24b777741990dceffd935f501c1f4f5c626a9d08978cb362da7cc79ff8e549803ff43f0678d46158d85d514d23251d8d4 - pkg.hashes
3e7e373a1d1ed72aa6edcbff1b34e40ac2d901b6287a7fa2e8582312a155bd453241e7939b29bfed13182ee5a23227dfe2b918bd2deb45e506147348fe6272ad - pkginfo.hashes
----------------------------  DONE  -----------------------------
                                     *-*-*
--- Project 'TRAINAPP', Configuration 'GNU_ARM_DEBUG_TETRA', Compiler 'GNU ARM 4.7.xV7A (HWTetra)' ---
Sign/Kit Signature in Progress ...
For 'Telium Tetra' 'Bin/GNU_ARM_DEBUG_TETRA/8001100000_TRAINAPP.pkg' package file for mode 'PAYMENT'.
'E:/Program Files/Training_BASE_Test/TRAINAPP/Bin/GNU_ARM_DEBUG_TETRA/8001100000_TRAINAPP.P3A' Telium Tetra application file generated in PAYMENT mode.
done!
                                     *-*-*
--- Project 'TRAINAPP', Configuration 'GNU_ARM_DEBUG_TETRA', Compiler 'GNU ARM 4.7.xV7A (HWTetra)' ---
Telium Tetra binary file information: CODE (base address=0x8c4c, size=11968 bytes); DATA (base address=0x13ae0, size=680 bytes).

Elapsed time: 2.91 s.
                                     *-*-*
--- Project 'TRAINAPP', Configuration 'GNU_ARM_DEBUG_TETRA', Compiler 'GNU ARM 4.7.xV7A (HWTetra)' ---
Build in progress...
done!
                                     *-*-*
--- Project 'TRAINAPP', Configuration 'GNU_ARM_DEBUG_TETRA', Compiler 'GNU ARM 4.7.xV7A (HWTetra)' ---
'Telium Tetra' 'TRAINAP0101.T3A' file binaries generation in progress...
done!
                                     *-*-*
--- Project 'TRAINAPP', Configuration 'GNU_ARM_DEBUG_TETRA', Compiler 'GNU ARM 4.7.xV7A (HWTetra)' ---
Packager in progress for file 'TRAINAP0101.T3A' ...


done!
                                     *-*-*
--- Project 'TRAINAPP', Configuration 'GNU_ARM_DEBUG_TETRA', Compiler 'GNU ARM 4.7.xV7A (HWTetra)' ---
Sign/Kit Signature in Progress ...
For 'Telium Tetra' 'Bin/GNU_ARM_DEBUG_TETRA/8001100000_TRAINAPP.pkg' package file for mode 'PAYMENT'.
done!
                                     *-*-*
--- Project 'TRAINAPP', Configuration 'GNU_ARM_DEBUG_TETRA', Compiler 'GNU ARM 4.7.xV7A (HWTetra)' ---
Telium Tetra binary file information: CODE (base address=0x8c4c, size=11968 bytes); DATA (base address=0x13ae0, size=680 bytes).

Elapsed time: 0.49 s.
                                     *-*-*
--- Project 'TRAINAPP', Configuration 'GNU_ARM_DEBUG_T2', Compiler 'GNU ARM 4.3.4 (HWT1/T2)' ---
deleting intermediate files...
done!
                                     *-*-*
--- Project 'TRAINAPP', Configuration 'GNU_ARM_DEBUG_T2', Compiler 'GNU ARM 4.3.4 (HWT1/T2)' ---
deleting binary files...
done!
                                     *-*-*
--- Project 'TRAINAPP', Configuration 'GNU_ARM_DEBUG_T2', Compiler 'GNU ARM 4.3.4 (HWT1/T2)' ---
deleting intermediate files...
done!
                                     *-*-*
--- Project 'TRAINAPP', Configuration 'GNU_ARM_DEBUG_T2', Compiler 'GNU ARM 4.3.4 (HWT1/T2)' ---
deleting binary files...
done!
                                     *-*-*
--- Project 'TRAINAPP', Configuration 'GNU_ARM_DEBUG_T2', Compiler 'GNU ARM 4.3.4 (HWT1/T2)' ---
Build in progress...
'Src/Main.c' compilation in progress...
'Src/Entry.c' compilation in progress...
'Src/Menu.c' compilation in progress...
'Obj/GNU_ARM_DEBUG_T2/TRAINAPP.axf' link in progress...
'Bin/GNU_ARM_DEBUG_T2/TRAINAPP.BIN' binary file generated.
done!
                                     *-*-*
--- Project 'TRAINAPP', Configuration 'GNU_ARM_DEBUG_T2', Compiler 'GNU ARM 4.3.4 (HWT1/T2)' ---
SAT Signature in Progress  ...
'Telium 2' project binaries
Adding Scheme: ScCplutlTlv.sgn .
Adding Scheme: STLList_Tlv.sgn .
Adding Scheme: TlvAESCiph.sgn .
Adding Scheme: TlvCipherDa.sgn .
Adding Scheme: TlvDukpTDes.sgn .
Adding Scheme: TlvFirstKey.sgn .
Adding Scheme: TlvFree.sgn .
Adding Scheme: TlvHaMcS224.sgn .
Adding Scheme: TlvHMac.sgn .
Adding Scheme: TlvIso9564.sgn .
Adding Scheme: TlvKeyVerif.sgn .
Adding Scheme: TlvLoadData.sgn .
Adding Scheme: TlvLoadHMAC.sgn .
Adding Scheme: TlvLoadKey.sgn .
Adding Scheme: TlvLoadTR31.sgn .
Adding Scheme: TlvMacTDes.sgn .
Adding Scheme: TlvMAKeyGen.sgn .
'Bin/GNU_ARM_DEBUG_T2/TRAINAPP.AGN' Telium 2 application binary file generated
done!
                                     *-*-*
--- Project 'TRAINAPP', Configuration 'GNU_ARM_DEBUG_T2', Compiler 'GNU ARM 4.3.4 (HWT1/T2)' ---
Telium 2 binary file information: CODE (base address=0x0, size=9794 bytes); DATA (base address=0x200000, size=560 bytes).

Elapsed time: 1.89 s.
                                     *-*-*
--- Project 'TRAINAPP', Configuration 'GNU_ARM_DEBUG_T2', Compiler 'GNU ARM 4.3.4 (HWT1/T2)' ---
Build in progress...
done!
                                     *-*-*
--- Project 'TRAINAPP', Configuration 'GNU_ARM_DEBUG_T2', Compiler 'GNU ARM 4.3.4 (HWT1/T2)' ---
SAT Signature in Progress  ...
'Telium 2' project binaries
Adding Scheme: ScCplutlTlv.sgn .
Adding Scheme: STLList_Tlv.sgn .
Adding Scheme: TlvAESCiph.sgn .
Adding Scheme: TlvCipherDa.sgn .
Adding Scheme: TlvDukpTDes.sgn .
Adding Scheme: TlvFirstKey.sgn .
Adding Scheme: TlvFree.sgn .
Adding Scheme: TlvHaMcS224.sgn .
Adding Scheme: TlvHMac.sgn .
Adding Scheme: TlvIso9564.sgn .
Adding Scheme: TlvKeyVerif.sgn .
Adding Scheme: TlvLoadData.sgn .
Adding Scheme: TlvLoadHMAC.sgn .
Adding Scheme: TlvLoadKey.sgn .
Adding Scheme: TlvLoadTR31.sgn .
Adding Scheme: TlvMacTDes.sgn .
Adding Scheme: TlvMAKeyGen.sgn .
done!
                                     *-*-*
--- Project 'TRAINAPP', Configuration 'GNU_ARM_DEBUG_T2', Compiler 'GNU ARM 4.3.4 (HWT1/T2)' ---
Telium 2 binary file information: CODE (base address=0x0, size=9794 bytes); DATA (base address=0x200000, size=560 bytes).

Elapsed time: 0.6 s.
                                     *-*-*
--- Project 'TRAINAPP', Configuration 'GNU_ARM_DEBUG_T2', Compiler 'GNU ARM 4.3.4 (HWT1/T2)' ---
Build in progress...
done!
                                     *-*-*
--- Project 'TRAINAPP', Configuration 'GNU_ARM_DEBUG_T2', Compiler 'GNU ARM 4.3.4 (HWT1/T2)' ---
SAT Signature in Progress  ...
'Telium 2' project binaries
Adding Scheme: ScCplutlTlv.sgn .
Adding Scheme: STLList_Tlv.sgn .
Adding Scheme: TlvAESCiph.sgn .
Adding Scheme: TlvCipherDa.sgn .
Adding Scheme: TlvDukpTDes.sgn .
Adding Scheme: TlvFirstKey.sgn .
Adding Scheme: TlvFree.sgn .
Adding Scheme: TlvHaMcS224.sgn .
Adding Scheme: TlvHMac.sgn .
Adding Scheme: TlvIso9564.sgn .
Adding Scheme: TlvKeyVerif.sgn .
Adding Scheme: TlvLoadData.sgn .
Adding Scheme: TlvLoadHMAC.sgn .
Adding Scheme: TlvLoadKey.sgn .
Adding Scheme: TlvLoadTR31.sgn .
Adding Scheme: TlvMacTDes.sgn .
Adding Scheme: TlvMAKeyGen.sgn .
done!
                                     *-*-*
--- Project 'TRAINAPP', Configuration 'GNU_ARM_DEBUG_T2', Compiler 'GNU ARM 4.3.4 (HWT1/T2)' ---
Telium 2 binary file information: CODE (base address=0x0, size=9794 bytes); DATA (base address=0x200000, size=560 bytes).

Elapsed time: 0.78 s.
                                     *-*-*
--- Project 'TRAINAPP', Configuration 'GNU_ARM_DEBUG_T2', Compiler 'GNU ARM 4.3.4 (HWT1/T2)' ---
Build in progress...
done!
                                     *-*-*
--- Project 'TRAINAPP', Configuration 'GNU_ARM_DEBUG_T2', Compiler 'GNU ARM 4.3.4 (HWT1/T2)' ---
SAT Signature in Progress  ...
'Telium 2' project binaries
Adding Scheme: ScCplutlTlv.sgn .
Adding Scheme: STLList_Tlv.sgn .
Adding Scheme: TlvAESCiph.sgn .
Adding Scheme: TlvCipherDa.sgn .
Adding Scheme: TlvDukpTDes.sgn .
Adding Scheme: TlvFirstKey.sgn .
Adding Scheme: TlvFree.sgn .
Adding Scheme: TlvHaMcS224.sgn .
Adding Scheme: TlvHMac.sgn .
Adding Scheme: TlvIso9564.sgn .
Adding Scheme: TlvKeyVerif.sgn .
Adding Scheme: TlvLoadData.sgn .
Adding Scheme: TlvLoadHMAC.sgn .
Adding Scheme: TlvLoadKey.sgn .
Adding Scheme: TlvLoadTR31.sgn .
Adding Scheme: TlvMacTDes.sgn .
Adding Scheme: TlvMAKeyGen.sgn .
done!
                                     *-*-*
--- Project 'TRAINAPP', Configuration 'GNU_ARM_DEBUG_T2', Compiler 'GNU ARM 4.3.4 (HWT1/T2)' ---
Telium 2 binary file information: CODE (base address=0x0, size=9794 bytes); DATA (base address=0x200000, size=560 bytes).

Elapsed time: 0.59 s.
                                     *-*-*
--- Project 'TRAINAPP', Configuration 'GNU_ARM_DEBUG_T2', Compiler 'GNU ARM 4.3.4 (HWT1/T2)' ---
Build in progress...
'Src/Menu.c' compilation in progress...
'Obj/GNU_ARM_DEBUG_T2/TRAINAPP.axf' link in progress...
'Bin/GNU_ARM_DEBUG_T2/TRAINAPP.BIN' binary file generated.
done!
                                     *-*-*
--- Project 'TRAINAPP', Configuration 'GNU_ARM_DEBUG_T2', Compiler 'GNU ARM 4.3.4 (HWT1/T2)' ---
SAT Signature in Progress  ...
'Telium 2' project binaries
Adding Scheme: ScCplutlTlv.sgn .
Adding Scheme: STLList_Tlv.sgn .
Adding Scheme: TlvAESCiph.sgn .
Adding Scheme: TlvCipherDa.sgn .
Adding Scheme: TlvDukpTDes.sgn .
Adding Scheme: TlvFirstKey.sgn .
Adding Scheme: TlvFree.sgn .
Adding Scheme: TlvHaMcS224.sgn .
Adding Scheme: TlvHMac.sgn .
Adding Scheme: TlvIso9564.sgn .
Adding Scheme: TlvKeyVerif.sgn .
Adding Scheme: TlvLoadData.sgn .
Adding Scheme: TlvLoadHMAC.sgn .
Adding Scheme: TlvLoadKey.sgn .
Adding Scheme: TlvLoadTR31.sgn .
Adding Scheme: TlvMacTDes.sgn .
Adding Scheme: TlvMAKeyGen.sgn .
'Bin/GNU_ARM_DEBUG_T2/TRAINAPP.AGN' Telium 2 application binary file generated
done!
                                     *-*-*
--- Project 'TRAINAPP', Configuration 'GNU_ARM_DEBUG_T2', Compiler 'GNU ARM 4.3.4 (HWT1/T2)' ---
Telium 2 binary file information: CODE (base address=0x0, size=9794 bytes); DATA (base address=0x200000, size=560 bytes).

Elapsed time: 1.8 s.
                                     *-*-*
--- Project 'TRAINAPP', Configuration 'GNU_ARM_DEBUG_T2', Compiler 'GNU ARM 4.3.4 (HWT1/T2)' ---
Build in progress...
done!
                                     *-*-*
--- Project 'TRAINAPP', Configuration 'GNU_ARM_DEBUG_T2', Compiler 'GNU ARM 4.3.4 (HWT1/T2)' ---
SAT Signature in Progress  ...
'Telium 2' project binaries
Adding Scheme: ScCplutlTlv.sgn .
Adding Scheme: STLList_Tlv.sgn .
Adding Scheme: TlvAESCiph.sgn .
Adding Scheme: TlvCipherDa.sgn .
Adding Scheme: TlvDukpTDes.sgn .
Adding Scheme: TlvFirstKey.sgn .
Adding Scheme: TlvFree.sgn .
Adding Scheme: TlvHaMcS224.sgn .
Adding Scheme: TlvHMac.sgn .
Adding Scheme: TlvIso9564.sgn .
Adding Scheme: TlvKeyVerif.sgn .
Adding Scheme: TlvLoadData.sgn .
Adding Scheme: TlvLoadHMAC.sgn .
Adding Scheme: TlvLoadKey.sgn .
Adding Scheme: TlvLoadTR31.sgn .
Adding Scheme: TlvMacTDes.sgn .
Adding Scheme: TlvMAKeyGen.sgn .
done!
                                     *-*-*
--- Project 'TRAINAPP', Configuration 'GNU_ARM_DEBUG_T2', Compiler 'GNU ARM 4.3.4 (HWT1/T2)' ---
Telium 2 binary file information: CODE (base address=0x0, size=9794 bytes); DATA (base address=0x200000, size=560 bytes).

Elapsed time: 0.54 s.
                                     *-*-*
--- Project 'TRAINAPP', Configuration 'GNU_ARM_DEBUG_T2', Compiler 'GNU ARM 4.3.4 (HWT1/T2)' ---
deleting intermediate files...
done!
                                     *-*-*
--- Project 'TRAINAPP', Configuration 'GNU_ARM_DEBUG_T2', Compiler 'GNU ARM 4.3.4 (HWT1/T2)' ---
deleting binary files...
done!
                                     *-*-*
--- Project 'TRAINAPP', Configuration 'GNU_ARM_DEBUG_T2', Compiler 'GNU ARM 4.3.4 (HWT1/T2)' ---
deleting intermediate files...
done!
                                     *-*-*
--- Project 'TRAINAPP', Configuration 'GNU_ARM_DEBUG_T2', Compiler 'GNU ARM 4.3.4 (HWT1/T2)' ---
deleting binary files...
done!
                                     *-*-*
--- Project 'TRAINAPP', Configuration 'GNU_ARM_DEBUG_T2', Compiler 'GNU ARM 4.3.4 (HWT1/T2)' ---
Build in progress...
'Src/Main.c' compilation in progress...
'Src/Entry.c' compilation in progress...
'Src/Menu.c' compilation in progress...
In file included from Inc/Training.h:1,
                 from Src/Menu.c:11:
Inc/Goal.h:1:19: error: SDK30.H: No such file or directory
make: *** [Obj/GNU_ARM_DEBUG_T2/Menu.o] Error 1
BuildFiles/GNU_ARM_DEBUG_T2/makefile.mk:295: recipe for target 'Obj/GNU_ARM_DEBUG_T2/Menu.o' failed
'Src/ComGPRS.c' compilation in progress...
In file included from Inc/Training.h:1,
                 from Src/ComGPRS.c:4:
Inc/Goal.h:1:19: error: SDK30.H: No such file or directory
In file included from Src/ComGPRS.c:4:
Inc/Training.h:222: error: expected '=', ',', ';', 'asm' or '__attribute__' before '*' token
Src/ComGPRS.c: In function 'GprsReport':
Src/ComGPRS.c:86: error: 'FILE' undeclared (first use in this function)
Src/ComGPRS.c:86: error: (Each undeclared identifier is reported only once
Src/ComGPRS.c:86: error: for each function it appears in.)
Src/ComGPRS.c:86: error: 'hGprs' undeclared (first use in this function)
Src/ComGPRS.c:95: error: 'T_DGPRS_GET_INFORMATION' undeclared (first use in this function)
Src/ComGPRS.c:95: error: expected ';' before 'xInfo'
Src/ComGPRS.c:100: warning: implicit declaration of function 'stdperif'
Src/ComGPRS.c:106: warning: implicit declaration of function 'atoi'
Src/ComGPRS.c:107: warning: implicit declaration of function 'fioctl'
Src/ComGPRS.c:107: error: 'DGPRS_FIOCTL_SET_PIN_MODE_FREE' undeclared (first use in this function)
Src/ComGPRS.c:110: error: 'DGPRS_FIOCTL_GET_INFORMATION' undeclared (first use in this function)
Src/ComGPRS.c:110: error: 'xInfo' undeclared (first use in this function)
Src/ComGPRS.c:117: error: 'DGPRS_REPORT_NOT_RECEIVED_YET' undeclared (first use in this function)
Src/ComGPRS.c:118: error: 'DGPRS_REPORT_READY' undeclared (first use in this function)
Src/ComGPRS.c:119: error: 'DGPRS_REPORT_WAITING_CODE' undeclared (first use in this function)
Src/ComGPRS.c:120: error: 'DGPRS_REPORT_SIM_NOT_PRESENT' undeclared (first use in this function)
Src/ComGPRS.c:121: error: 'DGPRS_REPORT_SIMLOCK_STATE' undeclared (first use in this function)
Src/ComGPRS.c:122: error: 'DGPRS_REPORT_FATAL_ERROR' undeclared (first use in this function)
Src/ComGPRS.c:130: error: 'DGPRS_SIM_NOT_RECEIVED_YET' undeclared (first use in this function)
Src/ComGPRS.c:138: error: 'DGPRS_SIM_OK' undeclared (first use in this function)
Src/ComGPRS.c:148: error: 'DGPRS_SIM_KO' undeclared (first use in this function)
Src/ComGPRS.c:149: error: 'DGPRS_SIM_PIN_REQUIRED' undeclared (first use in this function)
Src/ComGPRS.c:179: error: 'DGPRS_SIM_PIN2_REQUIRED' undeclared (first use in this function)
Src/ComGPRS.c:180: error: 'DGPRS_SIM_PIN_ERRONEOUS' undeclared (first use in this function)
Src/ComGPRS.c:209: error: 'DGPRS_SIM_NOT_INSERTED' undeclared (first use in this function)
Src/ComGPRS.c:210: error: 'DGPRS_SIM_PUK_REQUIRED' undeclared (first use in this function)
Src/ComGPRS.c:243: warning: implicit declaration of function 'sprintf'
Src/ComGPRS.c:243: warning: incompatible implicit declaration of built-in function 'sprintf'
Src/ComGPRS.c:244: error: 'DGPRS_FIOCTL_SET_PUK_CODE' undeclared (first use in this function)
Src/ComGPRS.c:247: warning: implicit declaration of function 'ttestall'
Src/ComGPRS.c:266: error: 'DGPRS_SIM_PUK2_REQUIRED' undeclared (first use in this function)
Src/ComGPRS.c:267: error: 'DGPRS_SIM_PIN_PRESENTED' undeclared (first use in this function)
Src/ComGPRS.c: In function 'StartGPRS':
Src/ComGPRS.c:335: error: 'KEYBOARD' undeclared (first use in this function)
Src/ComGPRS.c:335: error: 'TSCREEN' undeclared (first use in this function)
Src/ComGPRS.c:352: warning: implicit declaration of function 'buzzer'
Src/ComGPRS.c: In function 'ReceiveGPRS':
Src/ComGPRS.c:618: error: 'KEYBOARD' undeclared (first use in this function)
Src/ComGPRS.c:618: error: 'TSCREEN' undeclared (first use in this function)
Src/ComGPRS.c: In function 'PromptGPRS':
Src/ComGPRS.c:775: warning: implicit declaration of function 'IsHeader'
Src/ComGPRS.c:776: warning: implicit declaration of function 'IsFooter'
Src/ComGPRS.c:785: warning: implicit declaration of function 'DisplayLeds'
Src/ComGPRS.c:785: error: '_OFF_' undeclared (first use in this function)
Src/ComGPRS.c:786: warning: implicit declaration of function 'DisplayHeader'
Src/ComGPRS.c:787: warning: implicit declaration of function 'DisplayFooter'
Src/ComGPRS.c:791: warning: implicit declaration of function 'IsColorDisplay'
Src/ComGPRS.c:793: error: '_ON_' undeclared (first use in this function)
Src/ComGPRS.c:878: warning: incompatible implicit declaration of built-in function 'sprintf'
Src/ComGPRS.c: In function 'ComGPRS':
Src/ComGPRS.c:960: warning: incompatible implicit declaration of built-in function 'sprintf'
BuildFiles/GNU_ARM_DEBUG_T2/makefile.mk:305: recipe for target 'Obj/GNU_ARM_DEBUG_T2/ComGPRS.o' failed
make: *** [Obj/GNU_ARM_DEBUG_T2/ComGPRS.o] Error 1
make: Target 'build' not remade because of errors.

Elapsed time: 1.53 s.
                                     *-*-*
--- Project 'TRAINAPP', Configuration 'GNU_ARM_DEBUG_T2', Compiler 'GNU ARM 4.3.4 (HWT1/T2)' ---
deleting intermediate files...
done!
                                     *-*-*
--- Project 'TRAINAPP', Configuration 'GNU_ARM_DEBUG_T2', Compiler 'GNU ARM 4.3.4 (HWT1/T2)' ---
deleting binary files...
done!
                                     *-*-*
--- Project 'TRAINAPP', Configuration 'GNU_ARM_DEBUG_T2', Compiler 'GNU ARM 4.3.4 (HWT1/T2)' ---
deleting intermediate files...
done!
                                     *-*-*
--- Project 'TRAINAPP', Configuration 'GNU_ARM_DEBUG_T2', Compiler 'GNU ARM 4.3.4 (HWT1/T2)' ---
deleting binary files...
done!
                                     *-*-*
--- Project 'TRAINAPP', Configuration 'GNU_ARM_DEBUG_T2', Compiler 'GNU ARM 4.3.4 (HWT1/T2)' ---
Build in progress...
'Src/Main.c' compilation in progress...
'Src/Entry.c' compilation in progress...
'Src/Menu.c' compilation in progress...
In file included from Inc/Training.h:1,
                 from Src/Menu.c:11:
Inc/Goal.h:1:19: error: SDK30.H: No such file or directory
BuildFiles/GNU_ARM_DEBUG_T2/makefile.mk:295: recipe for target 'Obj/GNU_ARM_DEBUG_T2/Menu.o' failed
make: *** [Obj/GNU_ARM_DEBUG_T2/Menu.o] Error 1
'Src/ComGPRS.c' compilation in progress...
In file included from Inc/Training.h:1,
                 from Src/ComGPRS.c:4:
Inc/Goal.h:1:19: error: SDK30.H: No such file or directory
In file included from Src/ComGPRS.c:4:
Inc/Training.h:222: error: expected '=', ',', ';', 'asm' or '__attribute__' before '*' token
Src/ComGPRS.c: In function 'GprsReport':
Src/ComGPRS.c:88: error: 'FILE' undeclared (first use in this function)
Src/ComGPRS.c:88: error: (Each undeclared identifier is reported only once
Src/ComGPRS.c:88: error: for each function it appears in.)
Src/ComGPRS.c:88: error: 'hGprs' undeclared (first use in this function)
Src/ComGPRS.c:97: error: 'T_DGPRS_GET_INFORMATION' undeclared (first use in this function)
Src/ComGPRS.c:97: error: expected ';' before 'xInfo'
Src/ComGPRS.c:102: warning: implicit declaration of function 'stdperif'
Src/ComGPRS.c:108: warning: implicit declaration of function 'atoi'
Src/ComGPRS.c:109: warning: implicit declaration of function 'fioctl'
Src/ComGPRS.c:109: error: 'DGPRS_FIOCTL_SET_PIN_MODE_FREE' undeclared (first use in this function)
Src/ComGPRS.c:112: error: 'DGPRS_FIOCTL_GET_INFORMATION' undeclared (first use in this function)
Src/ComGPRS.c:112: error: 'xInfo' undeclared (first use in this function)
Src/ComGPRS.c:119: error: 'DGPRS_REPORT_NOT_RECEIVED_YET' undeclared (first use in this function)
Src/ComGPRS.c:120: error: 'DGPRS_REPORT_READY' undeclared (first use in this function)
Src/ComGPRS.c:121: error: 'DGPRS_REPORT_WAITING_CODE' undeclared (first use in this function)
Src/ComGPRS.c:122: error: 'DGPRS_REPORT_SIM_NOT_PRESENT' undeclared (first use in this function)
Src/ComGPRS.c:123: error: 'DGPRS_REPORT_SIMLOCK_STATE' undeclared (first use in this function)
Src/ComGPRS.c:124: error: 'DGPRS_REPORT_FATAL_ERROR' undeclared (first use in this function)
Src/ComGPRS.c:132: error: 'DGPRS_SIM_NOT_RECEIVED_YET' undeclared (first use in this function)
Src/ComGPRS.c:140: error: 'DGPRS_SIM_OK' undeclared (first use in this function)
Src/ComGPRS.c:150: error: 'DGPRS_SIM_KO' undeclared (first use in this function)
Src/ComGPRS.c:151: error: 'DGPRS_SIM_PIN_REQUIRED' undeclared (first use in this function)
Src/ComGPRS.c:181: error: 'DGPRS_SIM_PIN2_REQUIRED' undeclared (first use in this function)
Src/ComGPRS.c:182: error: 'DGPRS_SIM_PIN_ERRONEOUS' undeclared (first use in this function)
Src/ComGPRS.c:211: error: 'DGPRS_SIM_NOT_INSERTED' undeclared (first use in this function)
Src/ComGPRS.c:212: error: 'DGPRS_SIM_PUK_REQUIRED' undeclared (first use in this function)
Src/ComGPRS.c:245: warning: implicit declaration of function 'sprintf'
Src/ComGPRS.c:245: warning: incompatible implicit declaration of built-in function 'sprintf'
Src/ComGPRS.c:246: error: 'DGPRS_FIOCTL_SET_PUK_CODE' undeclared (first use in this function)
Src/ComGPRS.c:249: warning: implicit declaration of function 'ttestall'
Src/ComGPRS.c:268: error: 'DGPRS_SIM_PUK2_REQUIRED' undeclared (first use in this function)
Src/ComGPRS.c:269: error: 'DGPRS_SIM_PIN_PRESENTED' undeclared (first use in this function)
Src/ComGPRS.c: In function 'StartGPRS':
Src/ComGPRS.c:337: error: 'KEYBOARD' undeclared (first use in this function)
Src/ComGPRS.c:337: error: 'TSCREEN' undeclared (first use in this function)
Src/ComGPRS.c:354: warning: implicit declaration of function 'buzzer'
Src/ComGPRS.c: In function 'ReceiveGPRS':
Src/ComGPRS.c:620: error: 'KEYBOARD' undeclared (first use in this function)
Src/ComGPRS.c:620: error: 'TSCREEN' undeclared (first use in this function)
Src/ComGPRS.c: In function 'PromptGPRS':
Src/ComGPRS.c:777: warning: implicit declaration of function 'IsHeader'
Src/ComGPRS.c:778: warning: implicit declaration of function 'IsFooter'
Src/ComGPRS.c:787: warning: implicit declaration of function 'DisplayLeds'
Src/ComGPRS.c:788: warning: implicit declaration of function 'DisplayHeader'
Src/ComGPRS.c:789: warning: implicit declaration of function 'DisplayFooter'
Src/ComGPRS.c:793: warning: implicit declaration of function 'IsColorDisplay'
Src/ComGPRS.c:880: warning: incompatible implicit declaration of built-in function 'sprintf'
Src/ComGPRS.c: In function 'ComGPRS':
Src/ComGPRS.c:962: warning: incompatible implicit declaration of built-in function 'sprintf'
BuildFiles/GNU_ARM_DEBUG_T2/makefile.mk:305: recipe for target 'Obj/GNU_ARM_DEBUG_T2/ComGPRS.o' failed
make: *** [Obj/GNU_ARM_DEBUG_T2/ComGPRS.o] Error 1
make: Target 'build' not remade because of errors.

Elapsed time: 4.09 s.
                                     *-*-*
--- Project 'TRAINAPP', Configuration 'GNU_ARM_DEBUG_T2', Compiler 'GNU ARM 4.3.4 (HWT1/T2)' ---
deleting intermediate files...
done!
                                     *-*-*
--- Project 'TRAINAPP', Configuration 'GNU_ARM_DEBUG_T2', Compiler 'GNU ARM 4.3.4 (HWT1/T2)' ---
deleting binary files...
done!
                                     *-*-*
--- Project 'TRAINAPP', Configuration 'GNU_ARM_DEBUG_T2', Compiler 'GNU ARM 4.3.4 (HWT1/T2)' ---
deleting intermediate files...
done!
                                     *-*-*
--- Project 'TRAINAPP', Configuration 'GNU_ARM_DEBUG_T2', Compiler 'GNU ARM 4.3.4 (HWT1/T2)' ---
deleting binary files...
done!
                                     *-*-*
--- Project 'TRAINAPP', Configuration 'GNU_ARM_DEBUG_T2', Compiler 'GNU ARM 4.3.4 (HWT1/T2)' ---
Build in progress...
'Src/Main.c' compilation in progress...
'Src/Entry.c' compilation in progress...
'Src/Menu.c' compilation in progress...
In file included from Inc/Training.h:1,
                 from Src/Menu.c:11:
Inc/Goal.h:1:19: error: SDK30.H: No such file or directory
make: *** [Obj/GNU_ARM_DEBUG_T2/Menu.o] Error 1
BuildFiles/GNU_ARM_DEBUG_T2/makefile.mk:295: recipe for target 'Obj/GNU_ARM_DEBUG_T2/Menu.o' failed
'Src/ComGPRS.c' compilation in progress...
In file included from Inc/Training.h:1,
                 from Src/ComGPRS.c:4:
Inc/Goal.h:1:19: error: SDK30.H: No such file or directory
In file included from Src/ComGPRS.c:4:
Inc/Training.h:222: error: expected '=', ',', ';', 'asm' or '__attribute__' before '*' token
Src/ComGPRS.c: In function 'GprsReport':
Src/ComGPRS.c:97: error: 'T_DGPRS_GET_INFORMATION' undeclared (first use in this function)
Src/ComGPRS.c:97: error: (Each undeclared identifier is reported only once
Src/ComGPRS.c:97: error: for each function it appears in.)
Src/ComGPRS.c:97: error: expected ';' before 'xInfo'
Src/ComGPRS.c:102: warning: implicit declaration of function 'stdperif'
Src/ComGPRS.c:102: warning: assignment makes pointer from integer without a cast
Src/ComGPRS.c:109: warning: implicit declaration of function 'fioctl'
Src/ComGPRS.c:109: error: 'DGPRS_FIOCTL_SET_PIN_MODE_FREE' undeclared (first use in this function)
Src/ComGPRS.c:112: error: 'DGPRS_FIOCTL_GET_INFORMATION' undeclared (first use in this function)
Src/ComGPRS.c:112: error: 'xInfo' undeclared (first use in this function)
Src/ComGPRS.c:119: error: 'DGPRS_REPORT_NOT_RECEIVED_YET' undeclared (first use in this function)
Src/ComGPRS.c:120: error: 'DGPRS_REPORT_READY' undeclared (first use in this function)
Src/ComGPRS.c:121: error: 'DGPRS_REPORT_WAITING_CODE' undeclared (first use in this function)
Src/ComGPRS.c:122: error: 'DGPRS_REPORT_SIM_NOT_PRESENT' undeclared (first use in this function)
Src/ComGPRS.c:123: error: 'DGPRS_REPORT_SIMLOCK_STATE' undeclared (first use in this function)
Src/ComGPRS.c:124: error: 'DGPRS_REPORT_FATAL_ERROR' undeclared (first use in this function)
Src/ComGPRS.c:246: error: 'DGPRS_FIOCTL_SET_PUK_CODE' undeclared (first use in this function)
Src/ComGPRS.c:249: warning: implicit declaration of function 'ttestall'
BuildFiles/GNU_ARM_DEBUG_T2/makefile.mk:305: recipe for target 'Obj/GNU_ARM_DEBUG_T2/ComGPRS.o' failed
make: *** [Obj/GNU_ARM_DEBUG_T2/ComGPRS.o] Error 1
make: Target 'build' not remade because of errors.

Elapsed time: 1.41 s.
                                     *-*-*
--- Project 'TRAINAPP', Configuration 'GNU_ARM_DEBUG_T2', Compiler 'GNU ARM 4.3.4 (HWT1/T2)' ---
deleting intermediate files...
done!
                                     *-*-*
--- Project 'TRAINAPP', Configuration 'GNU_ARM_DEBUG_T2', Compiler 'GNU ARM 4.3.4 (HWT1/T2)' ---
deleting binary files...
done!
                                     *-*-*
--- Project 'TRAINAPP', Configuration 'GNU_ARM_DEBUG_T2', Compiler 'GNU ARM 4.3.4 (HWT1/T2)' ---
deleting intermediate files...
done!
                                     *-*-*
--- Project 'TRAINAPP', Configuration 'GNU_ARM_DEBUG_T2', Compiler 'GNU ARM 4.3.4 (HWT1/T2)' ---
deleting binary files...
done!
                                     *-*-*
--- Project 'TRAINAPP', Configuration 'GNU_ARM_DEBUG_T2', Compiler 'GNU ARM 4.3.4 (HWT1/T2)' ---
Build in progress...
'Src/Main.c' compilation in progress...
'Src/Entry.c' compilation in progress...
'Src/Menu.c' compilation in progress...
In file included from Inc/Training.h:1,
                 from Src/Menu.c:11:
Inc/Goal.h:1:19: error: SDK30.H: No such file or directory
make: *** [Obj/GNU_ARM_DEBUG_T2/Menu.o] Error 1
BuildFiles/GNU_ARM_DEBUG_T2/makefile.mk:295: recipe for target 'Obj/GNU_ARM_DEBUG_T2/Menu.o' failed
'Src/ComGPRS.c' compilation in progress...
In file included from Inc/Training.h:1,
                 from Src/ComGPRS.c:4:
Inc/Goal.h:1:19: error: SDK30.H: No such file or directory
In file included from Src/ComGPRS.c:4:
Inc/Training.h:222: error: expected '=', ',', ';', 'asm' or '__attribute__' before '*' token
In file included from Src/ComGPRS.c:6:
C:/Program Files/TeliumSDK/SDK11.16.8.02/SDKTPLUS/HW_T2/gnu_434/inc/ExtraGPRS.h:288: error: expected ')' before '*' token
C:/Program Files/TeliumSDK/SDK11.16.8.02/SDKTPLUS/HW_T2/gnu_434/inc/ExtraGPRS.h:294: error: expected ')' before '*' token
C:/Program Files/TeliumSDK/SDK11.16.8.02/SDKTPLUS/HW_T2/gnu_434/inc/ExtraGPRS.h:303: error: expected ')' before '*' token
C:/Program Files/TeliumSDK/SDK11.16.8.02/SDKTPLUS/HW_T2/gnu_434/inc/ExtraGPRS.h:315: error: expected ')' before '*' token
C:/Program Files/TeliumSDK/SDK11.16.8.02/SDKTPLUS/HW_T2/gnu_434/inc/ExtraGPRS.h:359: error: expected ')' before '*' token
C:/Program Files/TeliumSDK/SDK11.16.8.02/SDKTPLUS/HW_T2/gnu_434/inc/ExtraGPRS.h:396: error: expected ')' before '*' token
C:/Program Files/TeliumSDK/SDK11.16.8.02/SDKTPLUS/HW_T2/gnu_434/inc/ExtraGPRS.h:405: error: expected ')' before '*' token
C:/Program Files/TeliumSDK/SDK11.16.8.02/SDKTPLUS/HW_T2/gnu_434/inc/ExtraGPRS.h:414: error: expected ')' before '*' token
C:/Program Files/TeliumSDK/SDK11.16.8.02/SDKTPLUS/HW_T2/gnu_434/inc/ExtraGPRS.h:425: error: expected ')' before '*' token
C:/Program Files/TeliumSDK/SDK11.16.8.02/SDKTPLUS/HW_T2/gnu_434/inc/ExtraGPRS.h:433: error: expected ')' before '*' token
C:/Program Files/TeliumSDK/SDK11.16.8.02/SDKTPLUS/HW_T2/gnu_434/inc/ExtraGPRS.h:493: error: expected ')' before '*' token
C:/Program Files/TeliumSDK/SDK11.16.8.02/SDKTPLUS/HW_T2/gnu_434/inc/ExtraGPRS.h:505: error: expected ')' before '*' token
C:/Program Files/TeliumSDK/SDK11.16.8.02/SDKTPLUS/HW_T2/gnu_434/inc/ExtraGPRS.h:523: error: expected ')' before '*' token
C:/Program Files/TeliumSDK/SDK11.16.8.02/SDKTPLUS/HW_T2/gnu_434/inc/ExtraGPRS.h:540: error: expected ')' before '*' token
C:/Program Files/TeliumSDK/SDK11.16.8.02/SDKTPLUS/HW_T2/gnu_434/inc/ExtraGPRS.h:552: error: expected ')' before '*' token
C:/Program Files/TeliumSDK/SDK11.16.8.02/SDKTPLUS/HW_T2/gnu_434/inc/ExtraGPRS.h:565: error: expected ')' before '*' token
C:/Program Files/TeliumSDK/SDK11.16.8.02/SDKTPLUS/HW_T2/gnu_434/inc/ExtraGPRS.h:593: error: expected ')' before '*' token
C:/Program Files/TeliumSDK/SDK11.16.8.02/SDKTPLUS/HW_T2/gnu_434/inc/ExtraGPRS.h:617: error: expected ')' before '*' token
C:/Program Files/TeliumSDK/SDK11.16.8.02/SDKTPLUS/HW_T2/gnu_434/inc/ExtraGPRS.h:629: error: expected ')' before '*' token
C:/Program Files/TeliumSDK/SDK11.16.8.02/SDKTPLUS/HW_T2/gnu_434/inc/ExtraGPRS.h:641: error: expected ')' before '*' token
C:/Program Files/TeliumSDK/SDK11.16.8.02/SDKTPLUS/HW_T2/gnu_434/inc/ExtraGPRS.h:655: error: expected ')' before '*' token
C:/Program Files/TeliumSDK/SDK11.16.8.02/SDKTPLUS/HW_T2/gnu_434/inc/ExtraGPRS.h:669: error: expected ')' before '*' token
C:/Program Files/TeliumSDK/SDK11.16.8.02/SDKTPLUS/HW_T2/gnu_434/inc/ExtraGPRS.h:681: error: expected ')' before '*' token
C:/Program Files/TeliumSDK/SDK11.16.8.02/SDKTPLUS/HW_T2/gnu_434/inc/ExtraGPRS.h:694: error: expected ')' before '*' token
C:/Program Files/TeliumSDK/SDK11.16.8.02/SDKTPLUS/HW_T2/gnu_434/inc/ExtraGPRS.h:707: error: expected ')' before '*' token
C:/Program Files/TeliumSDK/SDK11.16.8.02/SDKTPLUS/HW_T2/gnu_434/inc/ExtraGPRS.h:720: error: expected ')' before '*' token
C:/Program Files/TeliumSDK/SDK11.16.8.02/SDKTPLUS/HW_T2/gnu_434/inc/ExtraGPRS.h:732: error: expected ')' before '*' token
C:/Program Files/TeliumSDK/SDK11.16.8.02/SDKTPLUS/HW_T2/gnu_434/inc/ExtraGPRS.h:748: error: expected ')' before '*' token
C:/Program Files/TeliumSDK/SDK11.16.8.02/SDKTPLUS/HW_T2/gnu_434/inc/ExtraGPRS.h:760: error: expected ')' before '*' token
C:/Program Files/TeliumSDK/SDK11.16.8.02/SDKTPLUS/HW_T2/gnu_434/inc/ExtraGPRS.h:772: error: expected ')' before '*' token
C:/Program Files/TeliumSDK/SDK11.16.8.02/SDKTPLUS/HW_T2/gnu_434/inc/ExtraGPRS.h:786: error: expected ')' before '*' token
C:/Program Files/TeliumSDK/SDK11.16.8.02/SDKTPLUS/HW_T2/gnu_434/inc/ExtraGPRS.h:807: error: expected ')' before '*' token
Src/ComGPRS.c: In function 'GprsReport':
Src/ComGPRS.c:103: warning: implicit declaration of function 'stdperif'
Src/ComGPRS.c:103: warning: assignment makes pointer from integer without a cast
Src/ComGPRS.c:110: warning: implicit declaration of function 'fioctl'
Src/ComGPRS.c:110: error: 'EGPRS_FIOCTL_SET_PIN_MODE_FREE' undeclared (first use in this function)
Src/ComGPRS.c:110: error: (Each undeclared identifier is reported only once
Src/ComGPRS.c:110: error: for each function it appears in.)
Src/ComGPRS.c:113: error: 'EGPRS_FIOCTL_GET_INFORMATION' undeclared (first use in this function)
Src/ComGPRS.c:247: error: 'EGPRS_FIOCTL_SET_PUK_CODE' undeclared (first use in this function)
Src/ComGPRS.c:250: warning: implicit declaration of function 'ttestall'
BuildFiles/GNU_ARM_DEBUG_T2/makefile.mk:305: recipe for target 'Obj/GNU_ARM_DEBUG_T2/ComGPRS.o' failed
make: *** [Obj/GNU_ARM_DEBUG_T2/ComGPRS.o] Error 1
make: Target 'build' not remade because of errors.

Elapsed time: 1.38 s.
                                     *-*-*
--- Project 'TRAINAPP', Configuration 'GNU_ARM_DEBUG_T2', Compiler 'GNU ARM 4.3.4 (HWT1/T2)' ---
deleting intermediate files...
done!
                                     *-*-*
--- Project 'TRAINAPP', Configuration 'GNU_ARM_DEBUG_T2', Compiler 'GNU ARM 4.3.4 (HWT1/T2)' ---
deleting binary files...
done!
                                     *-*-*
--- Project 'TRAINAPP', Configuration 'GNU_ARM_DEBUG_T2', Compiler 'GNU ARM 4.3.4 (HWT1/T2)' ---
deleting intermediate files...
done!
                                     *-*-*
--- Project 'TRAINAPP', Configuration 'GNU_ARM_DEBUG_T2', Compiler 'GNU ARM 4.3.4 (HWT1/T2)' ---
deleting binary files...
done!
                                     *-*-*
--- Project 'TRAINAPP', Configuration 'GNU_ARM_DEBUG_T2', Compiler 'GNU ARM 4.3.4 (HWT1/T2)' ---
Build in progress...
'Src/Main.c' compilation in progress...
'Src/Entry.c' compilation in progress...
'Src/Menu.c' compilation in progress...
'Src/ComGPRS.c' compilation in progress...
Src/ComGPRS.c: In function 'GprsReport':
Src/ComGPRS.c:103: warning: assignment from incompatible pointer type
Src/ComGPRS.c:110: warning: passing argument 1 of 'gprs_SetPinModeFree' from incompatible pointer type
Src/ComGPRS.c:113: warning: passing argument 1 of 'gprs_GetInformation' from incompatible pointer type
Src/ComGPRS.c:246: warning: passing argument 1 of 'gprs_SubmitPuk' from incompatible pointer type
Src/ComGPRS.c:96: warning: unused variable 'tcCmd'
'Src/Goal.c' compilation in progress...
Src/Goal.c: In function 'GoalGetKey':
Src/Goal.c:843: warning: assignment from incompatible pointer type
Src/Goal.c:845: warning: passing argument 1 of 'Telium_Reset_buf' from incompatible pointer type
Src/Goal.c:847: warning: assignment from incompatible pointer type
Src/Goal.c:849: warning: passing argument 1 of 'Telium_Reset_buf' from incompatible pointer type
'Src/Mapapp.c' compilation in progress...
'Obj/GNU_ARM_DEBUG_T2/TRAINAPP.axf' link in progress...
Obj/GNU_ARM_DEBUG_T2/ComGPRS.o: In function `GprsReport':
/cygdrive/e/Program Files/Training_BASE_Test/TRAINAPP/Src/ComGPRS.c:188: undefined reference to `hGoal'
/cygdrive/e/Program Files/Training_BASE_Test/TRAINAPP/Src/ComGPRS.c:255: undefined reference to `hGoal'
Obj/GNU_ARM_DEBUG_T2/ComGPRS.o: In function `StartGPRS':
/cygdrive/e/Program Files/Training_BASE_Test/TRAINAPP/Src/ComGPRS.c:324: undefined reference to `parseStr'
/cygdrive/e/Program Files/Training_BASE_Test/TRAINAPP/Src/ComGPRS.c:328: undefined reference to `parseStr'
/cygdrive/e/Program Files/Training_BASE_Test/TRAINAPP/Src/ComGPRS.c:332: undefined reference to `parseStr'
/cygdrive/e/Program Files/Training_BASE_Test/TRAINAPP/Src/ComGPRS.c:337: undefined reference to `ResetPeripherals'
/cygdrive/e/Program Files/Training_BASE_Test/TRAINAPP/Src/ComGPRS.c:412: undefined reference to `hGoal'
Obj/GNU_ARM_DEBUG_T2/ComGPRS.o: In function `OpenGPRS':
/cygdrive/e/Program Files/Training_BASE_Test/TRAINAPP/Src/ComGPRS.c:475: undefined reference to `parseStr'
/cygdrive/e/Program Files/Training_BASE_Test/TRAINAPP/Src/ComGPRS.c:479: undefined reference to `parseStr'
Obj/GNU_ARM_DEBUG_T2/ComGPRS.o: In function `ReceiveGPRS':
/cygdrive/e/Program Files/Training_BASE_Test/TRAINAPP/Src/ComGPRS.c:620: undefined reference to `ResetPeripherals'
/cygdrive/e/Program Files/Training_BASE_Test/TRAINAPP/Src/ComGPRS.c:621: undefined reference to `TimerStart'
/cygdrive/e/Program Files/Training_BASE_Test/TRAINAPP/Src/ComGPRS.c:631: undefined reference to `TimerGet'
/cygdrive/e/Program Files/Training_BASE_Test/TRAINAPP/Src/ComGPRS.c:663: undefined reference to `TimerStop'
/cygdrive/e/Program Files/Training_BASE_Test/TRAINAPP/Src/ComGPRS.c:665: undefined reference to `hGoal'
Obj/GNU_ARM_DEBUG_T2/ComGPRS.o: In function `PromptGPRS':
/cygdrive/e/Program Files/Training_BASE_Test/TRAINAPP/Src/ComGPRS.c:827: undefined reference to `hGoal'
/cygdrive/e/Program Files/Training_BASE_Test/TRAINAPP/Src/ComGPRS.c:845: undefined reference to `IpToUint'
/cygdrive/e/Program Files/Training_BASE_Test/TRAINAPP/Src/ComGPRS.c:849: undefined reference to `UintToIp'
/cygdrive/e/Program Files/Training_BASE_Test/TRAINAPP/Src/ComGPRS.c:880: undefined reference to `FMG_ErrorMsg'
/cygdrive/e/Program Files/Training_BASE_Test/TRAINAPP/Src/ComGPRS.c:885: undefined reference to `hGoal'
Obj/GNU_ARM_DEBUG_T2/ComGPRS.o: In function `ComGPRS':
/cygdrive/e/Program Files/Training_BASE_Test/TRAINAPP/Src/ComGPRS.c:993: undefined reference to `hGoal'
/cygdrive/e/Program Files/Training_BASE_Test/TRAINAPP/Src/ComGPRS.c:1050: undefined reference to `hGoal'
/cygdrive/e/Program Files/Training_BASE_Test/TRAINAPP/Src/ComGPRS.c:1065: undefined reference to `LL_ErrorMsg'
/cygdrive/e/Program Files/Training_BASE_Test/TRAINAPP/Src/ComGPRS.c:1076: undefined reference to `LL_ErrorMsg'
/cygdrive/e/Program Files/Training_BASE_Test/TRAINAPP/Src/ComGPRS.c:1082: undefined reference to `FMG_ErrorMsg'
/cygdrive/e/Program Files/Training_BASE_Test/TRAINAPP/Src/ComGPRS.c:1095: undefined reference to `hGoal'
make: *** [Obj/GNU_ARM_DEBUG_T2/TRAINAPP.axf] Error 1
make: Target 'build' not remade because of errors.
BuildFiles/GNU_ARM_DEBUG_T2/makefile.mk:247: recipe for target 'Obj/GNU_ARM_DEBUG_T2/TRAINAPP.axf' failed

Elapsed time: 2.65 s.
                                     *-*-*
--- Project 'TRAINAPP', Configuration 'GNU_ARM_DEBUG_T2', Compiler 'GNU ARM 4.3.4 (HWT1/T2)' ---
deleting intermediate files...
done!
                                     *-*-*
--- Project 'TRAINAPP', Configuration 'GNU_ARM_DEBUG_T2', Compiler 'GNU ARM 4.3.4 (HWT1/T2)' ---
deleting binary files...
done!
                                     *-*-*
--- Project 'TRAINAPP', Configuration 'GNU_ARM_DEBUG_T2', Compiler 'GNU ARM 4.3.4 (HWT1/T2)' ---
deleting intermediate files...
done!
                                     *-*-*
--- Project 'TRAINAPP', Configuration 'GNU_ARM_DEBUG_T2', Compiler 'GNU ARM 4.3.4 (HWT1/T2)' ---
deleting binary files...
done!
                                     *-*-*
--- Project 'TRAINAPP', Configuration 'GNU_ARM_DEBUG_T2', Compiler 'GNU ARM 4.3.4 (HWT1/T2)' ---
Build in progress...
'Src/Main.c' compilation in progress...
'Src/Entry.c' compilation in progress...
'Src/Menu.c' compilation in progress...
'Src/ComGPRS.c' compilation in progress...
Src/ComGPRS.c: In function 'GprsReport':
Src/ComGPRS.c:103: warning: assignment from incompatible pointer type
Src/ComGPRS.c:110: warning: passing argument 1 of 'gprs_SetPinModeFree' from incompatible pointer type
Src/ComGPRS.c:113: warning: passing argument 1 of 'gprs_GetInformation' from incompatible pointer type
Src/ComGPRS.c:246: warning: passing argument 1 of 'gprs_SubmitPuk' from incompatible pointer type
Src/ComGPRS.c:96: warning: unused variable 'tcCmd'
'Src/Goal.c' compilation in progress...
Src/Goal.c: In function 'GoalGetKey':
Src/Goal.c:843: warning: assignment from incompatible pointer type
Src/Goal.c:845: warning: passing argument 1 of 'Telium_Reset_buf' from incompatible pointer type
Src/Goal.c:847: warning: assignment from incompatible pointer type
Src/Goal.c:849: warning: passing argument 1 of 'Telium_Reset_buf' from incompatible pointer type
'Src/Mapapp.c' compilation in progress...
'Obj/GNU_ARM_DEBUG_T2/TRAINAPP.axf' link in progress...
Obj/GNU_ARM_DEBUG_T2/ComGPRS.o: In function `StartGPRS':
/cygdrive/e/Program Files/Training_BASE_Test/TRAINAPP/Src/ComGPRS.c:324: undefined reference to `parseStr'
/cygdrive/e/Program Files/Training_BASE_Test/TRAINAPP/Src/ComGPRS.c:328: undefined reference to `parseStr'
/cygdrive/e/Program Files/Training_BASE_Test/TRAINAPP/Src/ComGPRS.c:332: undefined reference to `parseStr'
/cygdrive/e/Program Files/Training_BASE_Test/TRAINAPP/Src/ComGPRS.c:337: undefined reference to `ResetPeripherals'
Obj/GNU_ARM_DEBUG_T2/ComGPRS.o: In function `OpenGPRS':
/cygdrive/e/Program Files/Training_BASE_Test/TRAINAPP/Src/ComGPRS.c:475: undefined reference to `parseStr'
/cygdrive/e/Program Files/Training_BASE_Test/TRAINAPP/Src/ComGPRS.c:479: undefined reference to `parseStr'
Obj/GNU_ARM_DEBUG_T2/ComGPRS.o: In function `ReceiveGPRS':
/cygdrive/e/Program Files/Training_BASE_Test/TRAINAPP/Src/ComGPRS.c:620: undefined reference to `ResetPeripherals'
/cygdrive/e/Program Files/Training_BASE_Test/TRAINAPP/Src/ComGPRS.c:621: undefined reference to `TimerStart'
/cygdrive/e/Program Files/Training_BASE_Test/TRAINAPP/Src/ComGPRS.c:631: undefined reference to `TimerGet'
/cygdrive/e/Program Files/Training_BASE_Test/TRAINAPP/Src/ComGPRS.c:663: undefined reference to `TimerStop'
Obj/GNU_ARM_DEBUG_T2/ComGPRS.o: In function `PromptGPRS':
/cygdrive/e/Program Files/Training_BASE_Test/TRAINAPP/Src/ComGPRS.c:845: undefined reference to `IpToUint'
/cygdrive/e/Program Files/Training_BASE_Test/TRAINAPP/Src/ComGPRS.c:849: undefined reference to `UintToIp'
/cygdrive/e/Program Files/Training_BASE_Test/TRAINAPP/Src/ComGPRS.c:880: undefined reference to `FMG_ErrorMsg'
Obj/GNU_ARM_DEBUG_T2/ComGPRS.o: In function `ComGPRS':
/cygdrive/e/Program Files/Training_BASE_Test/TRAINAPP/Src/ComGPRS.c:1065: undefined reference to `LL_ErrorMsg'
/cygdrive/e/Program Files/Training_BASE_Test/TRAINAPP/Src/ComGPRS.c:1076: undefined reference to `LL_ErrorMsg'
/cygdrive/e/Program Files/Training_BASE_Test/TRAINAPP/Src/ComGPRS.c:1082: undefined reference to `FMG_ErrorMsg'
make: *** [Obj/GNU_ARM_DEBUG_T2/TRAINAPP.axf] Error 1
BuildFiles/GNU_ARM_DEBUG_T2/makefile.mk:247: recipe for target 'Obj/GNU_ARM_DEBUG_T2/TRAINAPP.axf' failed
make: Target 'build' not remade because of errors.

Elapsed time: 2.1 s.
                                     *-*-*
--- Project 'TRAINAPP', Configuration 'GNU_ARM_DEBUG_T2', Compiler 'GNU ARM 4.3.4 (HWT1/T2)' ---
deleting intermediate files...
done!
                                     *-*-*
--- Project 'TRAINAPP', Configuration 'GNU_ARM_DEBUG_T2', Compiler 'GNU ARM 4.3.4 (HWT1/T2)' ---
deleting binary files...
done!
                                     *-*-*
--- Project 'TRAINAPP', Configuration 'GNU_ARM_DEBUG_T2', Compiler 'GNU ARM 4.3.4 (HWT1/T2)' ---
deleting intermediate files...
done!
                                     *-*-*
--- Project 'TRAINAPP', Configuration 'GNU_ARM_DEBUG_T2', Compiler 'GNU ARM 4.3.4 (HWT1/T2)' ---
deleting binary files...
done!
                                     *-*-*
--- Project 'TRAINAPP', Configuration 'GNU_ARM_DEBUG_T2', Compiler 'GNU ARM 4.3.4 (HWT1/T2)' ---
Build in progress...
'Src/Main.c' compilation in progress...
'Src/Entry.c' compilation in progress...
'Src/Menu.c' compilation in progress...
'Src/ComGPRS.c' compilation in progress...
Src/ComGPRS.c: In function 'GprsReport':
Src/ComGPRS.c:103: warning: assignment from incompatible pointer type
Src/ComGPRS.c:110: warning: passing argument 1 of 'gprs_SetPinModeFree' from incompatible pointer type
Src/ComGPRS.c:113: warning: passing argument 1 of 'gprs_GetInformation' from incompatible pointer type
Src/ComGPRS.c:246: warning: passing argument 1 of 'gprs_SubmitPuk' from incompatible pointer type
Src/ComGPRS.c:96: warning: unused variable 'tcCmd'
'Src/Goal.c' compilation in progress...
Src/Goal.c: In function 'GoalGetKey':
Src/Goal.c:843: warning: assignment from incompatible pointer type
Src/Goal.c:845: warning: passing argument 1 of 'Telium_Reset_buf' from incompatible pointer type
Src/Goal.c:847: warning: assignment from incompatible pointer type
Src/Goal.c:849: warning: passing argument 1 of 'Telium_Reset_buf' from incompatible pointer type
'Src/Mapapp.c' compilation in progress...
'Obj/GNU_ARM_DEBUG_T2/TRAINAPP.axf' link in progress...
Obj/GNU_ARM_DEBUG_T2/ComGPRS.o: In function `StartGPRS':
/cygdrive/e/Program Files/Training_BASE_Test/TRAINAPP/Src/ComGPRS.c:324: undefined reference to `parseStr'
/cygdrive/e/Program Files/Training_BASE_Test/TRAINAPP/Src/ComGPRS.c:328: undefined reference to `parseStr'
/cygdrive/e/Program Files/Training_BASE_Test/TRAINAPP/Src/ComGPRS.c:332: undefined reference to `parseStr'
/cygdrive/e/Program Files/Training_BASE_Test/TRAINAPP/Src/ComGPRS.c:337: undefined reference to `ResetPeripherals'
Obj/GNU_ARM_DEBUG_T2/ComGPRS.o: In function `OpenGPRS':
/cygdrive/e/Program Files/Training_BASE_Test/TRAINAPP/Src/ComGPRS.c:475: undefined reference to `parseStr'
/cygdrive/e/Program Files/Training_BASE_Test/TRAINAPP/Src/ComGPRS.c:479: undefined reference to `parseStr'
Obj/GNU_ARM_DEBUG_T2/ComGPRS.o: In function `ReceiveGPRS':
/cygdrive/e/Program Files/Training_BASE_Test/TRAINAPP/Src/ComGPRS.c:620: undefined reference to `ResetPeripherals'
/cygdrive/e/Program Files/Training_BASE_Test/TRAINAPP/Src/ComGPRS.c:621: undefined reference to `TimerStart'
/cygdrive/e/Program Files/Training_BASE_Test/TRAINAPP/Src/ComGPRS.c:631: undefined reference to `TimerGet'
/cygdrive/e/Program Files/Training_BASE_Test/TRAINAPP/Src/ComGPRS.c:663: undefined reference to `TimerStop'
Obj/GNU_ARM_DEBUG_T2/ComGPRS.o: In function `PromptGPRS':
/cygdrive/e/Program Files/Training_BASE_Test/TRAINAPP/Src/ComGPRS.c:845: undefined reference to `IpToUint'
/cygdrive/e/Program Files/Training_BASE_Test/TRAINAPP/Src/ComGPRS.c:849: undefined reference to `UintToIp'
/cygdrive/e/Program Files/Training_BASE_Test/TRAINAPP/Src/ComGPRS.c:880: undefined reference to `FMG_ErrorMsg'
Obj/GNU_ARM_DEBUG_T2/ComGPRS.o: In function `ComGPRS':
/cygdrive/e/Program Files/Training_BASE_Test/TRAINAPP/Src/ComGPRS.c:1065: undefined reference to `LL_ErrorMsg'
/cygdrive/e/Program Files/Training_BASE_Test/TRAINAPP/Src/ComGPRS.c:1076: undefined reference to `LL_ErrorMsg'
/cygdrive/e/Program Files/Training_BASE_Test/TRAINAPP/Src/ComGPRS.c:1082: undefined reference to `FMG_ErrorMsg'
make: *** [Obj/GNU_ARM_DEBUG_T2/TRAINAPP.axf] Error 1
BuildFiles/GNU_ARM_DEBUG_T2/makefile.mk:247: recipe for target 'Obj/GNU_ARM_DEBUG_T2/TRAINAPP.axf' failed
make: Target 'build' not remade because of errors.

Elapsed time: 2.16 s.
                                     *-*-*
--- Project 'TRAINAPP', Configuration 'GNU_ARM_DEBUG_T2', Compiler 'GNU ARM 4.3.4 (HWT1/T2)' ---
deleting intermediate files...
done!
                                     *-*-*
--- Project 'TRAINAPP', Configuration 'GNU_ARM_DEBUG_T2', Compiler 'GNU ARM 4.3.4 (HWT1/T2)' ---
deleting binary files...
done!
                                     *-*-*
--- Project 'TRAINAPP', Configuration 'GNU_ARM_DEBUG_T2', Compiler 'GNU ARM 4.3.4 (HWT1/T2)' ---
deleting intermediate files...
done!
                                     *-*-*
--- Project 'TRAINAPP', Configuration 'GNU_ARM_DEBUG_T2', Compiler 'GNU ARM 4.3.4 (HWT1/T2)' ---
deleting binary files...
done!
                                     *-*-*
--- Project 'TRAINAPP', Configuration 'GNU_ARM_DEBUG_T2', Compiler 'GNU ARM 4.3.4 (HWT1/T2)' ---
Build in progress...
'Src/Main.c' compilation in progress...
'Src/Entry.c' compilation in progress...
'Src/Menu.c' compilation in progress...
'Src/ComGPRS.c' compilation in progress...
Src/ComGPRS.c: In function 'GprsReport':
Src/ComGPRS.c:103: warning: assignment from incompatible pointer type
Src/ComGPRS.c:110: warning: passing argument 1 of 'gprs_SetPinModeFree' from incompatible pointer type
Src/ComGPRS.c:113: warning: passing argument 1 of 'gprs_GetInformation' from incompatible pointer type
Src/ComGPRS.c:246: warning: passing argument 1 of 'gprs_SubmitPuk' from incompatible pointer type
Src/ComGPRS.c:96: warning: unused variable 'tcCmd'
'Src/Goal.c' compilation in progress...
Src/Goal.c: In function 'GoalGetKey':
Src/Goal.c:843: warning: assignment from incompatible pointer type
Src/Goal.c:845: warning: passing argument 1 of 'Telium_Reset_buf' from incompatible pointer type
Src/Goal.c:847: warning: assignment from incompatible pointer type
Src/Goal.c:849: warning: passing argument 1 of 'Telium_Reset_buf' from incompatible pointer type
'Src/Mapapp.c' compilation in progress...
'Src/FMG.c' compilation in progress...
'Obj/GNU_ARM_DEBUG_T2/TRAINAPP.axf' link in progress...
Obj/GNU_ARM_DEBUG_T2/ComGPRS.o: In function `StartGPRS':
/cygdrive/e/Program Files/Training_BASE_Test/TRAINAPP/Src/ComGPRS.c:324: undefined reference to `parseStr'
/cygdrive/e/Program Files/Training_BASE_Test/TRAINAPP/Src/ComGPRS.c:328: undefined reference to `parseStr'
/cygdrive/e/Program Files/Training_BASE_Test/TRAINAPP/Src/ComGPRS.c:332: undefined reference to `parseStr'
/cygdrive/e/Program Files/Training_BASE_Test/TRAINAPP/Src/ComGPRS.c:337: undefined reference to `ResetPeripherals'
Obj/GNU_ARM_DEBUG_T2/ComGPRS.o: In function `OpenGPRS':
/cygdrive/e/Program Files/Training_BASE_Test/TRAINAPP/Src/ComGPRS.c:475: undefined reference to `parseStr'
/cygdrive/e/Program Files/Training_BASE_Test/TRAINAPP/Src/ComGPRS.c:479: undefined reference to `parseStr'
Obj/GNU_ARM_DEBUG_T2/ComGPRS.o: In function `ReceiveGPRS':
/cygdrive/e/Program Files/Training_BASE_Test/TRAINAPP/Src/ComGPRS.c:620: undefined reference to `ResetPeripherals'
/cygdrive/e/Program Files/Training_BASE_Test/TRAINAPP/Src/ComGPRS.c:621: undefined reference to `TimerStart'
/cygdrive/e/Program Files/Training_BASE_Test/TRAINAPP/Src/ComGPRS.c:631: undefined reference to `TimerGet'
/cygdrive/e/Program Files/Training_BASE_Test/TRAINAPP/Src/ComGPRS.c:663: undefined reference to `TimerStop'
Obj/GNU_ARM_DEBUG_T2/ComGPRS.o: In function `PromptGPRS':
/cygdrive/e/Program Files/Training_BASE_Test/TRAINAPP/Src/ComGPRS.c:845: undefined reference to `IpToUint'
/cygdrive/e/Program Files/Training_BASE_Test/TRAINAPP/Src/ComGPRS.c:849: undefined reference to `UintToIp'
/cygdrive/e/Program Files/Training_BASE_Test/TRAINAPP/Src/ComGPRS.c:880: undefined reference to `FMG_ErrorMsg'
Obj/GNU_ARM_DEBUG_T2/ComGPRS.o: In function `ComGPRS':
/cygdrive/e/Program Files/Training_BASE_Test/TRAINAPP/Src/ComGPRS.c:1065: undefined reference to `LL_ErrorMsg'
/cygdrive/e/Program Files/Training_BASE_Test/TRAINAPP/Src/ComGPRS.c:1076: undefined reference to `LL_ErrorMsg'
/cygdrive/e/Program Files/Training_BASE_Test/TRAINAPP/Src/ComGPRS.c:1082: undefined reference to `FMG_ErrorMsg'
Obj/GNU_ARM_DEBUG_T2/FMG.o: In function `FMGCreateBatch':
/cygdrive/e/Program Files/Training_BASE_Test/TRAINAPP/Src/FMG.c:164: undefined reference to `FMG_ErrorMsg'
/cygdrive/e/Program Files/Training_BASE_Test/TRAINAPP/Src/FMG.c:168: undefined reference to `hGoal'
Obj/GNU_ARM_DEBUG_T2/FMG.o: In function `FMGDeleteBatch':
/cygdrive/e/Program Files/Training_BASE_Test/TRAINAPP/Src/FMG.c:198: undefined reference to `FMG_ErrorMsg'
/cygdrive/e/Program Files/Training_BASE_Test/TRAINAPP/Src/FMG.c:202: undefined reference to `hGoal'
Obj/GNU_ARM_DEBUG_T2/FMG.o: In function `FMGAddDelTransactions':
/cygdrive/e/Program Files/Training_BASE_Test/TRAINAPP/Src/FMG.c:391: undefined reference to `FMG_ErrorMsg'
/cygdrive/e/Program Files/Training_BASE_Test/TRAINAPP/Src/FMG.c:396: undefined reference to `hGoal'
Obj/GNU_ARM_DEBUG_T2/FMG.o: In function `FMGReadTransactions':
/cygdrive/e/Program Files/Training_BASE_Test/TRAINAPP/Src/FMG.c:509: undefined reference to `FMG_ErrorMsg'
/cygdrive/e/Program Files/Training_BASE_Test/TRAINAPP/Src/FMG.c:514: undefined reference to `hGoal'
make: *** [Obj/GNU_ARM_DEBUG_T2/TRAINAPP.axf] Error 1
BuildFiles/GNU_ARM_DEBUG_T2/makefile.mk:248: recipe for target 'Obj/GNU_ARM_DEBUG_T2/TRAINAPP.axf' failed
make: Target 'build' not remade because of errors.

Elapsed time: 2.83 s.
                                     *-*-*
--- Project 'TRAINAPP', Configuration 'GNU_ARM_DEBUG_T2', Compiler 'GNU ARM 4.3.4 (HWT1/T2)' ---
deleting intermediate files...
done!
                                     *-*-*
--- Project 'TRAINAPP', Configuration 'GNU_ARM_DEBUG_T2', Compiler 'GNU ARM 4.3.4 (HWT1/T2)' ---
deleting binary files...
done!
                                     *-*-*
--- Project 'TRAINAPP', Configuration 'GNU_ARM_DEBUG_T2', Compiler 'GNU ARM 4.3.4 (HWT1/T2)' ---
deleting intermediate files...
done!
                                     *-*-*
--- Project 'TRAINAPP', Configuration 'GNU_ARM_DEBUG_T2', Compiler 'GNU ARM 4.3.4 (HWT1/T2)' ---
deleting binary files...
done!
                                     *-*-*
--- Project 'TRAINAPP', Configuration 'GNU_ARM_DEBUG_T2', Compiler 'GNU ARM 4.3.4 (HWT1/T2)' ---
Build in progress...
'Src/Main.c' compilation in progress...
'Src/Entry.c' compilation in progress...
'Src/Menu.c' compilation in progress...
'Src/ComGPRS.c' compilation in progress...
Src/ComGPRS.c: In function 'GprsReport':
Src/ComGPRS.c:103: warning: assignment from incompatible pointer type
Src/ComGPRS.c:110: warning: passing argument 1 of 'gprs_SetPinModeFree' from incompatible pointer type
Src/ComGPRS.c:113: warning: passing argument 1 of 'gprs_GetInformation' from incompatible pointer type
Src/ComGPRS.c:246: warning: passing argument 1 of 'gprs_SubmitPuk' from incompatible pointer type
Src/ComGPRS.c:96: warning: unused variable 'tcCmd'
'Src/Goal.c' compilation in progress...
Src/Goal.c: In function 'GoalGetKey':
Src/Goal.c:843: warning: assignment from incompatible pointer type
Src/Goal.c:845: warning: passing argument 1 of 'Telium_Reset_buf' from incompatible pointer type
Src/Goal.c:847: warning: assignment from incompatible pointer type
Src/Goal.c:849: warning: passing argument 1 of 'Telium_Reset_buf' from incompatible pointer type
'Src/Mapapp.c' compilation in progress...
'Src/FMG.c' compilation in progress...
'Src/Utility.c' compilation in progress...
Src/Utility.c: In function 'OpenConverter':
Src/Utility.c:322: warning: implicit declaration of function 'status'
'Obj/GNU_ARM_DEBUG_T2/TRAINAPP.axf' link in progress...
arm-elf-ld: lib/FMG_TPlus.a(VGE_FMG.o): Unknown mandatory EABI object attribute 44
arm-elf-ld: failed to merge target specific data of file lib/FMG_TPlus.a(VGE_FMG.o)
arm-elf-ld: lib/FMG_TPlus.a(md5.o): Unknown mandatory EABI object attribute 44
arm-elf-ld: failed to merge target specific data of file lib/FMG_TPlus.a(md5.o)
Obj/GNU_ARM_DEBUG_T2/ComGPRS.o: In function `StartGPRS':
/cygdrive/e/Program Files/Training_BASE_Test/TRAINAPP/Src/ComGPRS.c:337: undefined reference to `ResetPeripherals'
Obj/GNU_ARM_DEBUG_T2/ComGPRS.o: In function `ReceiveGPRS':
/cygdrive/e/Program Files/Training_BASE_Test/TRAINAPP/Src/ComGPRS.c:620: undefined reference to `ResetPeripherals'
/cygdrive/e/Program Files/Training_BASE_Test/TRAINAPP/Src/ComGPRS.c:621: undefined reference to `TimerStart'
/cygdrive/e/Program Files/Training_BASE_Test/TRAINAPP/Src/ComGPRS.c:631: undefined reference to `TimerGet'
/cygdrive/e/Program Files/Training_BASE_Test/TRAINAPP/Src/ComGPRS.c:663: undefined reference to `TimerStop'
Obj/GNU_ARM_DEBUG_T2/Utility.o: In function `OpenConverter':
/cygdrive/e/Program Files/Training_BASE_Test/TRAINAPP/Src/Utility.c:322: undefined reference to `status'
make: *** [Obj/GNU_ARM_DEBUG_T2/TRAINAPP.axf] Error 1
BuildFiles/GNU_ARM_DEBUG_T2/makefile.mk:250: recipe for target 'Obj/GNU_ARM_DEBUG_T2/TRAINAPP.axf' failed
make: Target 'build' not remade because of errors.

Elapsed time: 2.84 s.
                                     *-*-*
--- Project 'TRAINAPP', Configuration 'GNU_ARM_DEBUG_T2', Compiler 'GNU ARM 4.3.4 (HWT1/T2)' ---
deleting intermediate files...
done!
                                     *-*-*
--- Project 'TRAINAPP', Configuration 'GNU_ARM_DEBUG_T2', Compiler 'GNU ARM 4.3.4 (HWT1/T2)' ---
deleting binary files...
done!
                                     *-*-*
--- Project 'TRAINAPP', Configuration 'GNU_ARM_DEBUG_T2', Compiler 'GNU ARM 4.3.4 (HWT1/T2)' ---
deleting intermediate files...
done!
                                     *-*-*
--- Project 'TRAINAPP', Configuration 'GNU_ARM_DEBUG_T2', Compiler 'GNU ARM 4.3.4 (HWT1/T2)' ---
deleting binary files...
done!
                                     *-*-*
--- Project 'TRAINAPP', Configuration 'GNU_ARM_DEBUG_T2', Compiler 'GNU ARM 4.3.4 (HWT1/T2)' ---
Build in progress...
'Src/Main.c' compilation in progress...
'Src/Entry.c' compilation in progress...
'Src/Menu.c' compilation in progress...
'Src/ComGPRS.c' compilation in progress...
Src/ComGPRS.c: In function 'GprsReport':
Src/ComGPRS.c:103: warning: assignment from incompatible pointer type
Src/ComGPRS.c:110: warning: passing argument 1 of 'gprs_SetPinModeFree' from incompatible pointer type
Src/ComGPRS.c:113: warning: passing argument 1 of 'gprs_GetInformation' from incompatible pointer type
Src/ComGPRS.c:246: warning: passing argument 1 of 'gprs_SubmitPuk' from incompatible pointer type
Src/ComGPRS.c:96: warning: unused variable 'tcCmd'
'Src/Goal.c' compilation in progress...
Src/Goal.c: In function 'GoalGetKey':
Src/Goal.c:843: warning: assignment from incompatible pointer type
Src/Goal.c:845: warning: passing argument 1 of 'Telium_Reset_buf' from incompatible pointer type
Src/Goal.c:847: warning: assignment from incompatible pointer type
Src/Goal.c:849: warning: passing argument 1 of 'Telium_Reset_buf' from incompatible pointer type
'Src/Mapapp.c' compilation in progress...
'Src/FMG.c' compilation in progress...
'Src/Utility.c' compilation in progress...
Src/Utility.c: In function 'OpenConverter':
Src/Utility.c:322: warning: implicit declaration of function 'status'
'Src/Timer.c' compilation in progress...
'Obj/GNU_ARM_DEBUG_T2/TRAINAPP.axf' link in progress...
arm-elf-ld: lib/FMG_TPlus.a(VGE_FMG.o): Unknown mandatory EABI object attribute 44
arm-elf-ld: failed to merge target specific data of file lib/FMG_TPlus.a(VGE_FMG.o)
arm-elf-ld: lib/FMG_TPlus.a(md5.o): Unknown mandatory EABI object attribute 44
arm-elf-ld: failed to merge target specific data of file lib/FMG_TPlus.a(md5.o)
Obj/GNU_ARM_DEBUG_T2/ComGPRS.o: In function `StartGPRS':
/cygdrive/e/Program Files/Training_BASE_Test/TRAINAPP/Src/ComGPRS.c:337: undefined reference to `ResetPeripherals'
Obj/GNU_ARM_DEBUG_T2/ComGPRS.o: In function `ReceiveGPRS':
/cygdrive/e/Program Files/Training_BASE_Test/TRAINAPP/Src/ComGPRS.c:620: undefined reference to `ResetPeripherals'
Obj/GNU_ARM_DEBUG_T2/Utility.o: In function `OpenConverter':
/cygdrive/e/Program Files/Training_BASE_Test/TRAINAPP/Src/Utility.c:322: undefined reference to `status'
make: *** [Obj/GNU_ARM_DEBUG_T2/TRAINAPP.axf] Error 1
make: Target 'build' not remade because of errors.
BuildFiles/GNU_ARM_DEBUG_T2/makefile.mk:251: recipe for target 'Obj/GNU_ARM_DEBUG_T2/TRAINAPP.axf' failed

Elapsed time: 3.01 s.
                                     *-*-*
--- Project 'TRAINAPP', Configuration 'GNU_ARM_DEBUG_T2', Compiler 'GNU ARM 4.3.4 (HWT1/T2)' ---
deleting intermediate files...
done!
                                     *-*-*
--- Project 'TRAINAPP', Configuration 'GNU_ARM_DEBUG_T2', Compiler 'GNU ARM 4.3.4 (HWT1/T2)' ---
deleting binary files...
done!
                                     *-*-*
--- Project 'TRAINAPP', Configuration 'GNU_ARM_DEBUG_T2', Compiler 'GNU ARM 4.3.4 (HWT1/T2)' ---
deleting intermediate files...
done!
                                     *-*-*
--- Project 'TRAINAPP', Configuration 'GNU_ARM_DEBUG_T2', Compiler 'GNU ARM 4.3.4 (HWT1/T2)' ---
deleting binary files...
done!
                                     *-*-*
--- Project 'TRAINAPP', Configuration 'GNU_ARM_DEBUG_T2', Compiler 'GNU ARM 4.3.4 (HWT1/T2)' ---
Build in progress...
'Src/Main.c' compilation in progress...
'Src/Entry.c' compilation in progress...
'Src/Menu.c' compilation in progress...
Src/Menu.c: In function 'initUIContext':
Src/Menu.c:116: error: label 'lblKO' used but not defined
make: *** [Obj/GNU_ARM_DEBUG_T2/Menu.o] Error 1
BuildFiles/GNU_ARM_DEBUG_T2/makefile.mk:301: recipe for target 'Obj/GNU_ARM_DEBUG_T2/Menu.o' failed
'Src/ComGPRS.c' compilation in progress...
Src/ComGPRS.c: In function 'GprsReport':
Src/ComGPRS.c:103: warning: assignment from incompatible pointer type
Src/ComGPRS.c:110: warning: passing argument 1 of 'gprs_SetPinModeFree' from incompatible pointer type
Src/ComGPRS.c:113: warning: passing argument 1 of 'gprs_GetInformation' from incompatible pointer type
Src/ComGPRS.c:246: warning: passing argument 1 of 'gprs_SubmitPuk' from incompatible pointer type
Src/ComGPRS.c:96: warning: unused variable 'tcCmd'
'Src/Goal.c' compilation in progress...
Src/Goal.c: In function 'GoalGetKey':
Src/Goal.c:843: warning: assignment from incompatible pointer type
Src/Goal.c:845: warning: passing argument 1 of 'Telium_Reset_buf' from incompatible pointer type
Src/Goal.c:847: warning: assignment from incompatible pointer type
Src/Goal.c:849: warning: passing argument 1 of 'Telium_Reset_buf' from incompatible pointer type
'Src/Mapapp.c' compilation in progress...
'Src/FMG.c' compilation in progress...
'Src/Utility.c' compilation in progress...
Src/Utility.c: In function 'OpenConverter':
Src/Utility.c:322: warning: implicit declaration of function 'status'
'Src/Timer.c' compilation in progress...
make: Target 'build' not remade because of errors.

Elapsed time: 2.78 s.
                                     *-*-*
--- Project 'TRAINAPP', Configuration 'GNU_ARM_DEBUG_T2', Compiler 'GNU ARM 4.3.4 (HWT1/T2)' ---
deleting intermediate files...
done!
                                     *-*-*
--- Project 'TRAINAPP', Configuration 'GNU_ARM_DEBUG_T2', Compiler 'GNU ARM 4.3.4 (HWT1/T2)' ---
deleting binary files...
done!
                                     *-*-*
--- Project 'TRAINAPP', Configuration 'GNU_ARM_DEBUG_T2', Compiler 'GNU ARM 4.3.4 (HWT1/T2)' ---
deleting intermediate files...
done!
                                     *-*-*
--- Project 'TRAINAPP', Configuration 'GNU_ARM_DEBUG_T2', Compiler 'GNU ARM 4.3.4 (HWT1/T2)' ---
deleting binary files...
done!
                                     *-*-*
--- Project 'TRAINAPP', Configuration 'GNU_ARM_DEBUG_T2', Compiler 'GNU ARM 4.3.4 (HWT1/T2)' ---
Build in progress...
'Src/Main.c' compilation in progress...
'Src/Entry.c' compilation in progress...
'Src/Menu.c' compilation in progress...
'Src/ComGPRS.c' compilation in progress...
Src/ComGPRS.c: In function 'GprsReport':
Src/ComGPRS.c:103: warning: assignment from incompatible pointer type
Src/ComGPRS.c:110: warning: passing argument 1 of 'gprs_SetPinModeFree' from incompatible pointer type
Src/ComGPRS.c:113: warning: passing argument 1 of 'gprs_GetInformation' from incompatible pointer type
Src/ComGPRS.c:246: warning: passing argument 1 of 'gprs_SubmitPuk' from incompatible pointer type
Src/ComGPRS.c:96: warning: unused variable 'tcCmd'
'Src/Goal.c' compilation in progress...
Src/Goal.c: In function 'GoalGetKey':
Src/Goal.c:843: warning: assignment from incompatible pointer type
Src/Goal.c:845: warning: passing argument 1 of 'Telium_Reset_buf' from incompatible pointer type
Src/Goal.c:847: warning: assignment from incompatible pointer type
Src/Goal.c:849: warning: passing argument 1 of 'Telium_Reset_buf' from incompatible pointer type
'Src/Mapapp.c' compilation in progress...
'Src/FMG.c' compilation in progress...
'Src/Utility.c' compilation in progress...
Src/Utility.c: In function 'OpenConverter':
Src/Utility.c:322: warning: implicit declaration of function 'status'
'Src/Timer.c' compilation in progress...
'Obj/GNU_ARM_DEBUG_T2/TRAINAPP.axf' link in progress...
arm-elf-ld: lib/FMG_TPlus.a(VGE_FMG.o): Unknown mandatory EABI object attribute 44
arm-elf-ld: failed to merge target specific data of file lib/FMG_TPlus.a(VGE_FMG.o)
arm-elf-ld: lib/FMG_TPlus.a(md5.o): Unknown mandatory EABI object attribute 44
arm-elf-ld: failed to merge target specific data of file lib/FMG_TPlus.a(md5.o)
Obj/GNU_ARM_DEBUG_T2/Utility.o: In function `OpenConverter':
/cygdrive/e/Program Files/Training_BASE_Test/TRAINAPP/Src/Utility.c:322: undefined reference to `status'
make: *** [Obj/GNU_ARM_DEBUG_T2/TRAINAPP.axf] Error 1
make: Target 'build' not remade because of errors.
BuildFiles/GNU_ARM_DEBUG_T2/makefile.mk:251: recipe for target 'Obj/GNU_ARM_DEBUG_T2/TRAINAPP.axf' failed

Elapsed time: 2.97 s.
                                     *-*-*
--- Project 'TRAINAPP', Configuration 'GNU_ARM_DEBUG_T2', Compiler 'GNU ARM 4.3.4 (HWT1/T2)' ---
deleting intermediate files...
done!
                                     *-*-*
--- Project 'TRAINAPP', Configuration 'GNU_ARM_DEBUG_T2', Compiler 'GNU ARM 4.3.4 (HWT1/T2)' ---
deleting binary files...
done!
                                     *-*-*
--- Project 'TRAINAPP', Configuration 'GNU_ARM_DEBUG_T2', Compiler 'GNU ARM 4.3.4 (HWT1/T2)' ---
deleting intermediate files...
done!
                                     *-*-*
--- Project 'TRAINAPP', Configuration 'GNU_ARM_DEBUG_T2', Compiler 'GNU ARM 4.3.4 (HWT1/T2)' ---
deleting binary files...
done!
                                     *-*-*
--- Project 'TRAINAPP', Configuration 'GNU_ARM_DEBUG_T2', Compiler 'GNU ARM 4.3.4 (HWT1/T2)' ---
Build in progress...
'Src/Main.c' compilation in progress...
'Src/Entry.c' compilation in progress...
'Src/Menu.c' compilation in progress...
'Src/ComGPRS.c' compilation in progress...
Src/ComGPRS.c: In function 'GprsReport':
Src/ComGPRS.c:103: warning: assignment from incompatible pointer type
Src/ComGPRS.c:110: warning: passing argument 1 of 'gprs_SetPinModeFree' from incompatible pointer type
Src/ComGPRS.c:113: warning: passing argument 1 of 'gprs_GetInformation' from incompatible pointer type
Src/ComGPRS.c:246: warning: passing argument 1 of 'gprs_SubmitPuk' from incompatible pointer type
Src/ComGPRS.c:96: warning: unused variable 'tcCmd'
'Src/Goal.c' compilation in progress...
Src/Goal.c: In function 'GoalGetKey':
Src/Goal.c:843: warning: assignment from incompatible pointer type
Src/Goal.c:845: warning: passing argument 1 of 'Telium_Reset_buf' from incompatible pointer type
Src/Goal.c:847: warning: assignment from incompatible pointer type
Src/Goal.c:849: warning: passing argument 1 of 'Telium_Reset_buf' from incompatible pointer type
'Src/Mapapp.c' compilation in progress...
'Src/FMG.c' compilation in progress...
'Src/Utility.c' compilation in progress...
Src/Utility.c: In function 'OpenConverter':
Src/Utility.c:322: warning: passing argument 1 of 'Telium_Status' from incompatible pointer type
'Src/Timer.c' compilation in progress...
'Obj/GNU_ARM_DEBUG_T2/TRAINAPP.axf' link in progress...
arm-elf-ld: lib/FMG_TPlus.a(VGE_FMG.o): Unknown mandatory EABI object attribute 44
arm-elf-ld: failed to merge target specific data of file lib/FMG_TPlus.a(VGE_FMG.o)
arm-elf-ld: lib/FMG_TPlus.a(md5.o): Unknown mandatory EABI object attribute 44
arm-elf-ld: failed to merge target specific data of file lib/FMG_TPlus.a(md5.o)
make: *** [Obj/GNU_ARM_DEBUG_T2/TRAINAPP.axf] Error 1
make: Target 'build' not remade because of errors.
BuildFiles/GNU_ARM_DEBUG_T2/makefile.mk:251: recipe for target 'Obj/GNU_ARM_DEBUG_T2/TRAINAPP.axf' failed

Elapsed time: 3.02 s.
                                     *-*-*
--- Project 'TRAINAPP', Configuration 'GNU_ARM_DEBUG_T2', Compiler 'GNU ARM 4.3.4 (HWT1/T2)' ---
deleting intermediate files...
done!
                                     *-*-*
--- Project 'TRAINAPP', Configuration 'GNU_ARM_DEBUG_T2', Compiler 'GNU ARM 4.3.4 (HWT1/T2)' ---
deleting binary files...
done!
                                     *-*-*
--- Project 'TRAINAPP', Configuration 'GNU_ARM_DEBUG_T2', Compiler 'GNU ARM 4.3.4 (HWT1/T2)' ---
deleting intermediate files...
done!
                                     *-*-*
--- Project 'TRAINAPP', Configuration 'GNU_ARM_DEBUG_T2', Compiler 'GNU ARM 4.3.4 (HWT1/T2)' ---
deleting binary files...
done!
                                     *-*-*
--- Project 'TRAINAPP', Configuration 'GNU_ARM_DEBUG_T2', Compiler 'GNU ARM 4.3.4 (HWT1/T2)' ---
Build in progress...
'Src/Main.c' compilation in progress...
'Src/Entry.c' compilation in progress...
'Src/Menu.c' compilation in progress...
'Src/ComGPRS.c' compilation in progress...
Src/ComGPRS.c: In function 'GprsReport':
Src/ComGPRS.c:103: warning: assignment from incompatible pointer type
Src/ComGPRS.c:110: warning: passing argument 1 of 'gprs_SetPinModeFree' from incompatible pointer type
Src/ComGPRS.c:113: warning: passing argument 1 of 'gprs_GetInformation' from incompatible pointer type
Src/ComGPRS.c:246: warning: passing argument 1 of 'gprs_SubmitPuk' from incompatible pointer type
Src/ComGPRS.c:96: warning: unused variable 'tcCmd'
'Src/Goal.c' compilation in progress...
Src/Goal.c: In function 'GoalGetKey':
Src/Goal.c:843: warning: assignment from incompatible pointer type
Src/Goal.c:845: warning: passing argument 1 of 'Telium_Reset_buf' from incompatible pointer type
Src/Goal.c:847: warning: assignment from incompatible pointer type
Src/Goal.c:849: warning: passing argument 1 of 'Telium_Reset_buf' from incompatible pointer type
'Src/Mapapp.c' compilation in progress...
'Src/FMG.c' compilation in progress...
'Src/Utility.c' compilation in progress...
Src/Utility.c: In function 'OpenConverter':
Src/Utility.c:322: warning: passing argument 1 of 'Telium_Status' from incompatible pointer type
'Src/Timer.c' compilation in progress...
'Obj/GNU_ARM_DEBUG_T2/TRAINAPP.axf' link in progress...
arm-elf-ld: lib/FMG_TPlus.a(VGE_FMG.o): Unknown mandatory EABI object attribute 44
arm-elf-ld: failed to merge target specific data of file lib/FMG_TPlus.a(VGE_FMG.o)
arm-elf-ld: lib/FMG_TPlus.a(md5.o): Unknown mandatory EABI object attribute 44
arm-elf-ld: failed to merge target specific data of file lib/FMG_TPlus.a(md5.o)
make: *** [Obj/GNU_ARM_DEBUG_T2/TRAINAPP.axf] Error 1
BuildFiles/GNU_ARM_DEBUG_T2/makefile.mk:251: recipe for target 'Obj/GNU_ARM_DEBUG_T2/TRAINAPP.axf' failed
make: Target 'build' not remade because of errors.

Elapsed time: 2.79 s.
                                     *-*-*
--- Project 'TRAINAPP', Configuration 'GNU_ARM_DEBUG_T2', Compiler 'GNU ARM 4.3.4 (HWT1/T2)' ---
deleting intermediate files...
done!
                                     *-*-*
--- Project 'TRAINAPP', Configuration 'GNU_ARM_DEBUG_T2', Compiler 'GNU ARM 4.3.4 (HWT1/T2)' ---
deleting binary files...
done!
                                     *-*-*
--- Project 'TRAINAPP', Configuration 'GNU_ARM_DEBUG_T2', Compiler 'GNU ARM 4.3.4 (HWT1/T2)' ---
deleting intermediate files...
done!
                                     *-*-*
--- Project 'TRAINAPP', Configuration 'GNU_ARM_DEBUG_T2', Compiler 'GNU ARM 4.3.4 (HWT1/T2)' ---
deleting binary files...
done!
                                     *-*-*
--- Project 'TRAINAPP', Configuration 'GNU_ARM_DEBUG_T2', Compiler 'GNU ARM 4.3.4 (HWT1/T2)' ---
Build in progress...
'Src/Main.c' compilation in progress...
'Src/Entry.c' compilation in progress...
'Src/Menu.c' compilation in progress...
'Src/ComGPRS.c' compilation in progress...
Src/ComGPRS.c: In function 'GprsReport':
Src/ComGPRS.c:103: warning: assignment from incompatible pointer type
Src/ComGPRS.c:110: warning: passing argument 1 of 'gprs_SetPinModeFree' from incompatible pointer type
Src/ComGPRS.c:113: warning: passing argument 1 of 'gprs_GetInformation' from incompatible pointer type
Src/ComGPRS.c:246: warning: passing argument 1 of 'gprs_SubmitPuk' from incompatible pointer type
Src/ComGPRS.c:96: warning: unused variable 'tcCmd'
'Src/Goal.c' compilation in progress...
Src/Goal.c: In function 'GoalGetKey':
Src/Goal.c:843: warning: assignment from incompatible pointer type
Src/Goal.c:845: warning: passing argument 1 of 'Telium_Reset_buf' from incompatible pointer type
Src/Goal.c:847: warning: assignment from incompatible pointer type
Src/Goal.c:849: warning: passing argument 1 of 'Telium_Reset_buf' from incompatible pointer type
'Src/Mapapp.c' compilation in progress...
'Src/FMG.c' compilation in progress...
'Src/Utility.c' compilation in progress...
Src/Utility.c: In function 'OpenConverter':
Src/Utility.c:322: warning: passing argument 1 of 'Telium_Status' from incompatible pointer type
'Src/Timer.c' compilation in progress...
'Obj/GNU_ARM_DEBUG_T2/TRAINAPP.axf' link in progress...
arm-elf-ld: lib/FMG_TPlus.a(VGE_FMG.o): Unknown mandatory EABI object attribute 44
arm-elf-ld: failed to merge target specific data of file lib/FMG_TPlus.a(VGE_FMG.o)
arm-elf-ld: lib/FMG_TPlus.a(md5.o): Unknown mandatory EABI object attribute 44
arm-elf-ld: failed to merge target specific data of file lib/FMG_TPlus.a(md5.o)
make: *** [Obj/GNU_ARM_DEBUG_T2/TRAINAPP.axf] Error 1
make: Target 'build' not remade because of errors.
BuildFiles/GNU_ARM_DEBUG_T2/makefile.mk:282: recipe for target 'Obj/GNU_ARM_DEBUG_T2/TRAINAPP.axf' failed

Elapsed time: 2.82 s.
                                     *-*-*
--- Project 'TRAINAPP', Configuration 'GNU_ARM_DEBUG_T2', Compiler 'GNU ARM 4.3.4 (HWT1/T2)' ---
deleting intermediate files...
done!
                                     *-*-*
--- Project 'TRAINAPP', Configuration 'GNU_ARM_DEBUG_T2', Compiler 'GNU ARM 4.3.4 (HWT1/T2)' ---
deleting binary files...
done!
                                     *-*-*
--- Project 'TRAINAPP', Configuration 'GNU_ARM_DEBUG_T2', Compiler 'GNU ARM 4.3.4 (HWT1/T2)' ---
deleting intermediate files...
done!
                                     *-*-*
--- Project 'TRAINAPP', Configuration 'GNU_ARM_DEBUG_T2', Compiler 'GNU ARM 4.3.4 (HWT1/T2)' ---
deleting binary files...
done!
                                     *-*-*
--- Project 'TRAINAPP', Configuration 'GNU_ARM_DEBUG_T2', Compiler 'GNU ARM 4.3.4 (HWT1/T2)' ---
Build in progress...
'Src/Main.c' compilation in progress...
'Src/Entry.c' compilation in progress...
'Src/Menu.c' compilation in progress...
'Src/ComGPRS.c' compilation in progress...
Src/ComGPRS.c: In function 'GprsReport':
Src/ComGPRS.c:103: warning: assignment from incompatible pointer type
Src/ComGPRS.c:110: warning: passing argument 1 of 'gprs_SetPinModeFree' from incompatible pointer type
Src/ComGPRS.c:113: warning: passing argument 1 of 'gprs_GetInformation' from incompatible pointer type
Src/ComGPRS.c:246: warning: passing argument 1 of 'gprs_SubmitPuk' from incompatible pointer type
Src/ComGPRS.c:96: warning: unused variable 'tcCmd'
'Src/Goal.c' compilation in progress...
Src/Goal.c: In function 'GoalGetKey':
Src/Goal.c:843: warning: assignment from incompatible pointer type
Src/Goal.c:845: warning: passing argument 1 of 'Telium_Reset_buf' from incompatible pointer type
Src/Goal.c:847: warning: assignment from incompatible pointer type
Src/Goal.c:849: warning: passing argument 1 of 'Telium_Reset_buf' from incompatible pointer type
'Src/Mapapp.c' compilation in progress...
'Src/FMG.c' compilation in progress...
'Src/Utility.c' compilation in progress...
Src/Utility.c: In function 'OpenConverter':
Src/Utility.c:322: warning: passing argument 1 of 'Telium_Status' from incompatible pointer type
'Src/Timer.c' compilation in progress...
'Obj/GNU_ARM_DEBUG_T2/TRAINAPP.axf' link in progress...
'Bin/GNU_ARM_DEBUG_T2/TRAINAPP.BIN' binary file generated.
done!
                                     *-*-*
--- Project 'TRAINAPP', Configuration 'GNU_ARM_DEBUG_T2', Compiler 'GNU ARM 4.3.4 (HWT1/T2)' ---
SAT Signature in Progress  ...
'Telium 2' project binaries
Adding Scheme: ScCplutlTlv.sgn .
Adding Scheme: STLList_Tlv.sgn .
Adding Scheme: TlvAESCiph.sgn .
Adding Scheme: TlvCipherDa.sgn .
Adding Scheme: TlvDukpTDes.sgn .
Adding Scheme: TlvFirstKey.sgn .
Adding Scheme: TlvFree.sgn .
Adding Scheme: TlvHaMcS224.sgn .
Adding Scheme: TlvHMac.sgn .
Adding Scheme: TlvIso9564.sgn .
Adding Scheme: TlvKeyVerif.sgn .
Adding Scheme: TlvLoadData.sgn .
Adding Scheme: TlvLoadHMAC.sgn .
Adding Scheme: TlvLoadKey.sgn .
Adding Scheme: TlvLoadTR31.sgn .
Adding Scheme: TlvMacTDes.sgn .
Adding Scheme: TlvMAKeyGen.sgn .
'Bin/GNU_ARM_DEBUG_T2/TRAINAPP.AGN' Telium 2 application binary file generated
done!
                                     *-*-*
--- Project 'TRAINAPP', Configuration 'GNU_ARM_DEBUG_T2', Compiler 'GNU ARM 4.3.4 (HWT1/T2)' ---
Telium 2 binary file information: CODE (base address=0x0, size=83507 bytes); DATA (base address=0x200000, size=6576 bytes).

Elapsed time: 4.11 s.
                                     *-*-*
--- Project 'TRAINAPP', Configuration 'GNU_ARM_DEBUG_T2', Compiler 'GNU ARM 4.3.4 (HWT1/T2)' ---
deleting intermediate files...
done!
                                     *-*-*
--- Project 'TRAINAPP', Configuration 'GNU_ARM_DEBUG_T2', Compiler 'GNU ARM 4.3.4 (HWT1/T2)' ---
deleting binary files...
done!
                                     *-*-*
--- Project 'TRAINAPP', Configuration 'GNU_ARM_DEBUG_T2', Compiler 'GNU ARM 4.3.4 (HWT1/T2)' ---
deleting intermediate files...
done!
                                     *-*-*
--- Project 'TRAINAPP', Configuration 'GNU_ARM_DEBUG_T2', Compiler 'GNU ARM 4.3.4 (HWT1/T2)' ---
deleting binary files...
done!
                                     *-*-*
--- Project 'TRAINAPP', Configuration 'GNU_ARM_DEBUG_T2', Compiler 'GNU ARM 4.3.4 (HWT1/T2)' ---
Build in progress...
'Src/Main.c' compilation in progress...
'Src/Entry.c' compilation in progress...
'Src/Menu.c' compilation in progress...
'Src/ComGPRS.c' compilation in progress...
Src/ComGPRS.c: In function 'GprsReport':
Src/ComGPRS.c:96: warning: unused variable 'tcCmd'
'Src/Goal.c' compilation in progress...
Src/Goal.c: In function 'GoalGetKey':
Src/Goal.c:843: warning: assignment from incompatible pointer type
Src/Goal.c:845: warning: passing argument 1 of 'Telium_Reset_buf' from incompatible pointer type
Src/Goal.c:847: warning: assignment from incompatible pointer type
Src/Goal.c:849: warning: passing argument 1 of 'Telium_Reset_buf' from incompatible pointer type
'Src/Mapapp.c' compilation in progress...
'Src/FMG.c' compilation in progress...
'Src/Utility.c' compilation in progress...
Src/Utility.c: In function 'OpenConverter':
Src/Utility.c:322: warning: passing argument 1 of 'Telium_Status' from incompatible pointer type
'Src/Timer.c' compilation in progress...
'Obj/GNU_ARM_DEBUG_T2/TRAINAPP.axf' link in progress...
'Bin/GNU_ARM_DEBUG_T2/TRAINAPP.BIN' binary file generated.
done!
                                     *-*-*
--- Project 'TRAINAPP', Configuration 'GNU_ARM_DEBUG_T2', Compiler 'GNU ARM 4.3.4 (HWT1/T2)' ---
SAT Signature in Progress  ...
'Telium 2' project binaries
Adding Scheme: ScCplutlTlv.sgn .
Adding Scheme: STLList_Tlv.sgn .
Adding Scheme: TlvAESCiph.sgn .
Adding Scheme: TlvCipherDa.sgn .
Adding Scheme: TlvDukpTDes.sgn .
Adding Scheme: TlvFirstKey.sgn .
Adding Scheme: TlvFree.sgn .
Adding Scheme: TlvHaMcS224.sgn .
Adding Scheme: TlvHMac.sgn .
Adding Scheme: TlvIso9564.sgn .
Adding Scheme: TlvKeyVerif.sgn .
Adding Scheme: TlvLoadData.sgn .
Adding Scheme: TlvLoadHMAC.sgn .
Adding Scheme: TlvLoadKey.sgn .
Adding Scheme: TlvLoadTR31.sgn .
Adding Scheme: TlvMacTDes.sgn .
Adding Scheme: TlvMAKeyGen.sgn .
'Bin/GNU_ARM_DEBUG_T2/TRAINAPP.AGN' Telium 2 application binary file generated
done!
                                     *-*-*
--- Project 'TRAINAPP', Configuration 'GNU_ARM_DEBUG_T2', Compiler 'GNU ARM 4.3.4 (HWT1/T2)' ---
Telium 2 binary file information: CODE (base address=0x0, size=83507 bytes); DATA (base address=0x200000, size=6576 bytes).

Elapsed time: 3.46 s.
                                     *-*-*
--- Project 'TRAINAPP', Configuration 'GNU_ARM_DEBUG_T2', Compiler 'GNU ARM 4.3.4 (HWT1/T2)' ---
deleting intermediate files...
done!
                                     *-*-*
--- Project 'TRAINAPP', Configuration 'GNU_ARM_DEBUG_T2', Compiler 'GNU ARM 4.3.4 (HWT1/T2)' ---
deleting binary files...
done!
                                     *-*-*
--- Project 'TRAINAPP', Configuration 'GNU_ARM_DEBUG_T2', Compiler 'GNU ARM 4.3.4 (HWT1/T2)' ---
deleting intermediate files...
done!
                                     *-*-*
--- Project 'TRAINAPP', Configuration 'GNU_ARM_DEBUG_T2', Compiler 'GNU ARM 4.3.4 (HWT1/T2)' ---
deleting binary files...
done!
                                     *-*-*
--- Project 'TRAINAPP', Configuration 'GNU_ARM_DEBUG_T2', Compiler 'GNU ARM 4.3.4 (HWT1/T2)' ---
Build in progress...
'Src/Main.c' compilation in progress...
'Src/Entry.c' compilation in progress...
'Src/Menu.c' compilation in progress...
'Src/ComGPRS.c' compilation in progress...
'Src/Goal.c' compilation in progress...
'Src/Mapapp.c' compilation in progress...
'Src/FMG.c' compilation in progress...
'Src/Utility.c' compilation in progress...
Src/Utility.c:307: error: conflicting types for 'OpenConverter'
Inc/Training.h:222: error: previous declaration of 'OpenConverter' was here
Src/Utility.c: In function 'OpenConverter':
Src/Utility.c:319: warning: assignment from incompatible pointer type
Src/Utility.c:332: warning: passing argument 1 of 'fclose' from incompatible pointer type
make: *** [Obj/GNU_ARM_DEBUG_T2/Utility.o] Error 1
BuildFiles/GNU_ARM_DEBUG_T2/makefile.mk:381: recipe for target 'Obj/GNU_ARM_DEBUG_T2/Utility.o' failed
'Src/Timer.c' compilation in progress...
make: Target 'build' not remade because of errors.

Elapsed time: 2.85 s.
                                     *-*-*
--- Project 'TRAINAPP', Configuration 'GNU_ARM_DEBUG_T2', Compiler 'GNU ARM 4.3.4 (HWT1/T2)' ---
deleting intermediate files...
done!
                                     *-*-*
--- Project 'TRAINAPP', Configuration 'GNU_ARM_DEBUG_T2', Compiler 'GNU ARM 4.3.4 (HWT1/T2)' ---
deleting binary files...
done!
                                     *-*-*
--- Project 'TRAINAPP', Configuration 'GNU_ARM_DEBUG_T2', Compiler 'GNU ARM 4.3.4 (HWT1/T2)' ---
deleting intermediate files...
done!
                                     *-*-*
--- Project 'TRAINAPP', Configuration 'GNU_ARM_DEBUG_T2', Compiler 'GNU ARM 4.3.4 (HWT1/T2)' ---
deleting binary files...
done!
                                     *-*-*
--- Project 'TRAINAPP', Configuration 'GNU_ARM_DEBUG_T2', Compiler 'GNU ARM 4.3.4 (HWT1/T2)' ---
Build in progress...
'Src/Main.c' compilation in progress...
'Src/Entry.c' compilation in progress...
'Src/Menu.c' compilation in progress...
'Src/ComGPRS.c' compilation in progress...
'Src/Goal.c' compilation in progress...
'Src/Mapapp.c' compilation in progress...
'Src/FMG.c' compilation in progress...
'Src/Utility.c' compilation in progress...
Src/Utility.c: In function 'OpenConverter':
Src/Utility.c:319: warning: assignment from incompatible pointer type
Src/Utility.c:332: warning: passing argument 1 of 'fclose' from incompatible pointer type
'Src/Timer.c' compilation in progress...
'Obj/GNU_ARM_DEBUG_T2/TRAINAPP.axf' link in progress...
'Bin/GNU_ARM_DEBUG_T2/TRAINAPP.BIN' binary file generated.
done!
                                     *-*-*
--- Project 'TRAINAPP', Configuration 'GNU_ARM_DEBUG_T2', Compiler 'GNU ARM 4.3.4 (HWT1/T2)' ---
SAT Signature in Progress  ...
'Telium 2' project binaries
Adding Scheme: ScCplutlTlv.sgn .
Adding Scheme: STLList_Tlv.sgn .
Adding Scheme: TlvAESCiph.sgn .
Adding Scheme: TlvCipherDa.sgn .
Adding Scheme: TlvDukpTDes.sgn .
Adding Scheme: TlvFirstKey.sgn .
Adding Scheme: TlvFree.sgn .
Adding Scheme: TlvHaMcS224.sgn .
Adding Scheme: TlvHMac.sgn .
Adding Scheme: TlvIso9564.sgn .
Adding Scheme: TlvKeyVerif.sgn .
Adding Scheme: TlvLoadData.sgn .
Adding Scheme: TlvLoadHMAC.sgn .
Adding Scheme: TlvLoadKey.sgn .
Adding Scheme: TlvLoadTR31.sgn .
Adding Scheme: TlvMacTDes.sgn .
Adding Scheme: TlvMAKeyGen.sgn .
'Bin/GNU_ARM_DEBUG_T2/TRAINAPP.AGN' Telium 2 application binary file generated
done!
                                     *-*-*
--- Project 'TRAINAPP', Configuration 'GNU_ARM_DEBUG_T2', Compiler 'GNU ARM 4.3.4 (HWT1/T2)' ---
Telium 2 binary file information: CODE (base address=0x0, size=83591 bytes); DATA (base address=0x200000, size=6576 bytes).

Elapsed time: 3.35 s.
                                     *-*-*
--- Project 'TRAINAPP', Configuration 'GNU_ARM_DEBUG_T2', Compiler 'GNU ARM 4.3.4 (HWT1/T2)' ---
Build in progress...
done!
                                     *-*-*
--- Project 'TRAINAPP', Configuration 'GNU_ARM_DEBUG_T2', Compiler 'GNU ARM 4.3.4 (HWT1/T2)' ---
SAT Signature in Progress  ...
'Telium 2' project binaries
Adding Scheme: ScCplutlTlv.sgn .
Adding Scheme: STLList_Tlv.sgn .
Adding Scheme: TlvAESCiph.sgn .
Adding Scheme: TlvCipherDa.sgn .
Adding Scheme: TlvDukpTDes.sgn .
Adding Scheme: TlvFirstKey.sgn .
Adding Scheme: TlvFree.sgn .
Adding Scheme: TlvHaMcS224.sgn .
Adding Scheme: TlvHMac.sgn .
Adding Scheme: TlvIso9564.sgn .
Adding Scheme: TlvKeyVerif.sgn .
Adding Scheme: TlvLoadData.sgn .
Adding Scheme: TlvLoadHMAC.sgn .
Adding Scheme: TlvLoadKey.sgn .
Adding Scheme: TlvLoadTR31.sgn .
Adding Scheme: TlvMacTDes.sgn .
Adding Scheme: TlvMAKeyGen.sgn .
done!
                                     *-*-*
--- Project 'TRAINAPP', Configuration 'GNU_ARM_DEBUG_T2', Compiler 'GNU ARM 4.3.4 (HWT1/T2)' ---
Telium 2 binary file information: CODE (base address=0x0, size=83591 bytes); DATA (base address=0x200000, size=6576 bytes).

Elapsed time: 0.61 s.
                                     *-*-*
--- Project 'TRAINAPP', Configuration 'GNU_ARM_DEBUG_T2', Compiler 'GNU ARM 4.3.4 (HWT1/T2)' ---
Build in progress...
'Src/Menu.c' compilation in progress...
'Obj/GNU_ARM_DEBUG_T2/TRAINAPP.axf' link in progress...
'Bin/GNU_ARM_DEBUG_T2/TRAINAPP.BIN' binary file generated.
done!
                                     *-*-*
--- Project 'TRAINAPP', Configuration 'GNU_ARM_DEBUG_T2', Compiler 'GNU ARM 4.3.4 (HWT1/T2)' ---
SAT Signature in Progress  ...
'Telium 2' project binaries
Adding Scheme: ScCplutlTlv.sgn .
Adding Scheme: STLList_Tlv.sgn .
Adding Scheme: TlvAESCiph.sgn .
Adding Scheme: TlvCipherDa.sgn .
Adding Scheme: TlvDukpTDes.sgn .
Adding Scheme: TlvFirstKey.sgn .
Adding Scheme: TlvFree.sgn .
Adding Scheme: TlvHaMcS224.sgn .
Adding Scheme: TlvHMac.sgn .
Adding Scheme: TlvIso9564.sgn .
Adding Scheme: TlvKeyVerif.sgn .
Adding Scheme: TlvLoadData.sgn .
Adding Scheme: TlvLoadHMAC.sgn .
Adding Scheme: TlvLoadKey.sgn .
Adding Scheme: TlvLoadTR31.sgn .
Adding Scheme: TlvMacTDes.sgn .
Adding Scheme: TlvMAKeyGen.sgn .
'Bin/GNU_ARM_DEBUG_T2/TRAINAPP.AGN' Telium 2 application binary file generated
done!
                                     *-*-*
--- Project 'TRAINAPP', Configuration 'GNU_ARM_DEBUG_T2', Compiler 'GNU ARM 4.3.4 (HWT1/T2)' ---
Telium 2 binary file information: CODE (base address=0x0, size=83591 bytes); DATA (base address=0x200000, size=6576 bytes).

Elapsed time: 1.57 s.
                                     *-*-*
--- Project 'TRAINAPP', Configuration 'GNU_ARM_DEBUG_T2', Compiler 'GNU ARM 4.3.4 (HWT1/T2)' ---
Build in progress...
'Src/Entry.c' compilation in progress...
Src/Entry.c: In function 'after_reset':
Src/Entry.c:167: error: 'xCfg' undeclared (first use in this function)
Src/Entry.c:167: error: (Each undeclared identifier is reported only once
Src/Entry.c:167: error: for each function it appears in.)
Src/Entry.c:167: error: 'PARAM_DISK' undeclared (first use in this function)
Src/Entry.c:172: error: 'ulSize' undeclared (first use in this function)
Src/Entry.c:175: error: 'tcPath' undeclared (first use in this function)
Src/Entry.c:176: error: 'iRet' undeclared (first use in this function)
Src/Entry.c:176: error: 'uiMode' undeclared (first use in this function)
Src/Entry.c:181: warning: implicit declaration of function 'CHECK'
Src/Entry.c:181: error: 'lblKO' undeclared (first use in this function)
Src/Entry.c:184: warning: implicit declaration of function 'FMG_Init'
Src/Entry.c:185: error: 'FMG_SUCCESS' undeclared (first use in this function)
Src/Entry.c:187: warning: implicit declaration of function 'appReset'
Src/Entry.c:190: warning: implicit declaration of function 'appPut'
Src/Entry.c:190: error: 'appCmpDat' undeclared (first use in this function)
Src/Entry.c:190: warning: implicit declaration of function 'getAppCmpDat'
Src/Entry.c:190: error: 'lenCmpDat' undeclared (first use in this function)
Src/Entry.c:192: error: 'appCmpTim' undeclared (first use in this function)
Src/Entry.c:192: warning: implicit declaration of function 'getAppCmpTim'
Src/Entry.c:192: error: 'lenCmpTim' undeclared (first use in this function)
Src/Entry.c:195: error: 'Progress' undeclared (first use in this function)
Src/Entry.c:196: error: 'sValue' undeclared (first use in this function)
Src/Entry.c:202: error: 'FMG_INIT_OK' undeclared (first use in this function)
Src/Entry.c:204: warning: implicit declaration of function 'appGet'
Src/Entry.c:204: error: 'tcAppDat' undeclared (first use in this function)
Src/Entry.c:206: error: 'tcAppTim' undeclared (first use in this function)
Src/Entry.c:209: warning: passing argument 2 of 'strcmp' makes pointer from integer without a cast
Src/Entry.c:209: warning: passing argument 2 of 'strcmp' makes pointer from integer without a cast
Src/Entry.c:213: warning: passing argument 2 of 'strcmp' makes pointer from integer without a cast
Src/Entry.c:213: warning: passing argument 2 of 'strcmp' makes pointer from integer without a cast
BuildFiles/GNU_ARM_DEBUG_T2/makefile.mk:321: recipe for target 'Obj/GNU_ARM_DEBUG_T2/Entry.o' failed
make: *** [Obj/GNU_ARM_DEBUG_T2/Entry.o] Error 1
make: Target 'build' not remade because of errors.

Elapsed time: 0.85 s.
                                     *-*-*
--- Project 'TRAINAPP', Configuration 'GNU_ARM_DEBUG_T2', Compiler 'GNU ARM 4.3.4 (HWT1/T2)' ---
deleting intermediate files...
done!
                                     *-*-*
--- Project 'TRAINAPP', Configuration 'GNU_ARM_DEBUG_T2', Compiler 'GNU ARM 4.3.4 (HWT1/T2)' ---
deleting binary files...
done!
                                     *-*-*
--- Project 'TRAINAPP', Configuration 'GNU_ARM_DEBUG_T2', Compiler 'GNU ARM 4.3.4 (HWT1/T2)' ---
deleting intermediate files...
done!
                                     *-*-*
--- Project 'TRAINAPP', Configuration 'GNU_ARM_DEBUG_T2', Compiler 'GNU ARM 4.3.4 (HWT1/T2)' ---
deleting binary files...
done!
                                     *-*-*
--- Project 'TRAINAPP', Configuration 'GNU_ARM_DEBUG_T2', Compiler 'GNU ARM 4.3.4 (HWT1/T2)' ---
Build in progress...
'Src/Main.c' compilation in progress...
'Src/Entry.c' compilation in progress...
Src/Entry.c: In function 'after_reset':
Src/Entry.c:157: error: 'lenCmpDat' undeclared (first use in this function)
Src/Entry.c:157: error: (Each undeclared identifier is reported only once
Src/Entry.c:157: error: for each function it appears in.)
Src/Entry.c:157: error: 'lenCmpTim' undeclared (first use in this function)
Src/Entry.c:177: error: 'xCfg' undeclared (first use in this function)
Src/Entry.c:177: error: 'PARAM_DISK' undeclared (first use in this function)
Src/Entry.c:182: error: 'ulSize' undeclared (first use in this function)
Src/Entry.c:191: warning: implicit declaration of function 'CHECK'
Src/Entry.c:191: error: 'lblKO' undeclared (first use in this function)
Src/Entry.c:194: warning: implicit declaration of function 'FMG_Init'
Src/Entry.c:195: error: 'FMG_SUCCESS' undeclared (first use in this function)
Src/Entry.c:197: warning: implicit declaration of function 'appReset'
Src/Entry.c:200: warning: implicit declaration of function 'appPut'
Src/Entry.c:200: error: 'appCmpDat' undeclared (first use in this function)
Src/Entry.c:200: warning: implicit declaration of function 'getAppCmpDat'
Src/Entry.c:202: error: 'appCmpTim' undeclared (first use in this function)
Src/Entry.c:202: warning: implicit declaration of function 'getAppCmpTim'
Src/Entry.c:205: error: 'Progress' undeclared (first use in this function)
Src/Entry.c:212: error: 'FMG_INIT_OK' undeclared (first use in this function)
Src/Entry.c:214: warning: implicit declaration of function 'appGet'
Src/Entry.c:219: warning: passing argument 2 of 'strcmp' makes pointer from integer without a cast
Src/Entry.c:219: warning: passing argument 2 of 'strcmp' makes pointer from integer without a cast
Src/Entry.c:223: warning: passing argument 2 of 'strcmp' makes pointer from integer without a cast
Src/Entry.c:223: warning: passing argument 2 of 'strcmp' makes pointer from integer without a cast
Src/Entry.c:242: warning: label 'lblKO' defined but not used
Src/Entry.c:165: warning: unused variable 'LocalDisplay'
Src/Entry.c:164: warning: unused variable 'retried'
Src/Entry.c:163: warning: unused variable 'i'
Src/Entry.c:159: warning: unused variable 'ucType'
Src/Entry.c:159: warning: unused variable 'ucNew'
Src/Entry.c:157: warning: unused variable 'tcAppTim'
Src/Entry.c:157: warning: unused variable 'tcAppDat'
Src/Entry.c:156: warning: unused variable 'xParam'
make: *** [Obj/GNU_ARM_DEBUG_T2/Entry.o] Error 1
BuildFiles/GNU_ARM_DEBUG_T2/makefile.mk:321: recipe for target 'Obj/GNU_ARM_DEBUG_T2/Entry.o' failed
'Src/Menu.c' compilation in progress...
'Src/ComGPRS.c' compilation in progress...
'Src/Goal.c' compilation in progress...
'Src/Mapapp.c' compilation in progress...
'Src/FMG.c' compilation in progress...
'Src/Utility.c' compilation in progress...
Src/Utility.c: In function 'OpenConverter':
Src/Utility.c:319: warning: assignment from incompatible pointer type
Src/Utility.c:332: warning: passing argument 1 of 'fclose' from incompatible pointer type
'Src/Timer.c' compilation in progress...
make: Target 'build' not remade because of errors.

Elapsed time: 2.97 s.
                                     *-*-*
--- Project 'TRAINAPP', Configuration 'GNU_ARM_DEBUG_T2', Compiler 'GNU ARM 4.3.4 (HWT1/T2)' ---
deleting intermediate files...
done!
                                     *-*-*
--- Project 'TRAINAPP', Configuration 'GNU_ARM_DEBUG_T2', Compiler 'GNU ARM 4.3.4 (HWT1/T2)' ---
deleting binary files...
done!
                                     *-*-*
--- Project 'TRAINAPP', Configuration 'GNU_ARM_DEBUG_T2', Compiler 'GNU ARM 4.3.4 (HWT1/T2)' ---
deleting intermediate files...
done!
                                     *-*-*
--- Project 'TRAINAPP', Configuration 'GNU_ARM_DEBUG_T2', Compiler 'GNU ARM 4.3.4 (HWT1/T2)' ---
deleting binary files...
done!
                                     *-*-*
--- Project 'TRAINAPP', Configuration 'GNU_ARM_DEBUG_T2', Compiler 'GNU ARM 4.3.4 (HWT1/T2)' ---
Build in progress...
'Src/Main.c' compilation in progress...
'Src/Entry.c' compilation in progress...
Src/Entry.c: In function 'after_reset':
Src/Entry.c:178: error: 'xCfg' undeclared (first use in this function)
Src/Entry.c:178: error: (Each undeclared identifier is reported only once
Src/Entry.c:178: error: for each function it appears in.)
Src/Entry.c:183: error: 'ulSize' undeclared (first use in this function)
Src/Entry.c:195: warning: implicit declaration of function 'FMG_Init'
Src/Entry.c:196: error: 'FMG_SUCCESS' undeclared (first use in this function)
Src/Entry.c:201: warning: implicit declaration of function 'getAppCmpDat'
Src/Entry.c:203: warning: implicit declaration of function 'getAppCmpTim'
Src/Entry.c:206: error: 'Progress' undeclared (first use in this function)
Src/Entry.c:213: error: 'FMG_INIT_OK' undeclared (first use in this function)
Src/Entry.c:220: warning: passing argument 2 of 'strcmp' makes pointer from integer without a cast
Src/Entry.c:220: warning: passing argument 2 of 'strcmp' makes pointer from integer without a cast
Src/Entry.c:224: warning: passing argument 2 of 'strcmp' makes pointer from integer without a cast
Src/Entry.c:224: warning: passing argument 2 of 'strcmp' makes pointer from integer without a cast
Src/Entry.c:166: warning: unused variable 'LocalDisplay'
Src/Entry.c:165: warning: unused variable 'retried'
Src/Entry.c:164: warning: unused variable 'i'
Src/Entry.c:160: warning: unused variable 'ucType'
Src/Entry.c:160: warning: unused variable 'ucNew'
Src/Entry.c:157: warning: unused variable 'xParam'
make: *** [Obj/GNU_ARM_DEBUG_T2/Entry.o] Error 1
BuildFiles/GNU_ARM_DEBUG_T2/makefile.mk:321: recipe for target 'Obj/GNU_ARM_DEBUG_T2/Entry.o' failed
'Src/Menu.c' compilation in progress...
'Src/ComGPRS.c' compilation in progress...
'Src/Goal.c' compilation in progress...
'Src/Mapapp.c' compilation in progress...
'Src/FMG.c' compilation in progress...
'Src/Utility.c' compilation in progress...
Src/Utility.c: In function 'OpenConverter':
Src/Utility.c:319: warning: assignment from incompatible pointer type
Src/Utility.c:332: warning: passing argument 1 of 'fclose' from incompatible pointer type
'Src/Timer.c' compilation in progress...
make: Target 'build' not remade because of errors.

Elapsed time: 2.85 s.
                                     *-*-*
--- Project 'TRAINAPP', Configuration 'GNU_ARM_DEBUG_T2', Compiler 'GNU ARM 4.3.4 (HWT1/T2)' ---
deleting intermediate files...
done!
                                     *-*-*
--- Project 'TRAINAPP', Configuration 'GNU_ARM_DEBUG_T2', Compiler 'GNU ARM 4.3.4 (HWT1/T2)' ---
deleting binary files...
done!
                                     *-*-*
--- Project 'TRAINAPP', Configuration 'GNU_ARM_DEBUG_T2', Compiler 'GNU ARM 4.3.4 (HWT1/T2)' ---
deleting intermediate files...
done!
                                     *-*-*
--- Project 'TRAINAPP', Configuration 'GNU_ARM_DEBUG_T2', Compiler 'GNU ARM 4.3.4 (HWT1/T2)' ---
deleting binary files...
done!
                                     *-*-*
--- Project 'TRAINAPP', Configuration 'GNU_ARM_DEBUG_T2', Compiler 'GNU ARM 4.3.4 (HWT1/T2)' ---
Build in progress...
'Src/Main.c' compilation in progress...
'Src/Entry.c' compilation in progress...
Src/Entry.c: In function 'after_reset':
Src/Entry.c:176: error: 'xCfg' undeclared (first use in this function)
Src/Entry.c:176: error: (Each undeclared identifier is reported only once
Src/Entry.c:176: error: for each function it appears in.)
Src/Entry.c:181: error: 'ulSize' undeclared (first use in this function)
Src/Entry.c:193: warning: implicit declaration of function 'FMG_Init'
Src/Entry.c:194: error: 'FMG_SUCCESS' undeclared (first use in this function)
Src/Entry.c:199: warning: implicit declaration of function 'getAppCmpDat'
Src/Entry.c:201: warning: implicit declaration of function 'getAppCmpTim'
Src/Entry.c:204: error: 'Progress' undeclared (first use in this function)
Src/Entry.c:211: error: 'FMG_INIT_OK' undeclared (first use in this function)
Src/Entry.c:218: warning: passing argument 2 of 'strcmp' makes pointer from integer without a cast
Src/Entry.c:218: warning: passing argument 2 of 'strcmp' makes pointer from integer without a cast
Src/Entry.c:222: warning: passing argument 2 of 'strcmp' makes pointer from integer without a cast
Src/Entry.c:222: warning: passing argument 2 of 'strcmp' makes pointer from integer without a cast
Src/Entry.c:160: warning: unused variable 'ucType'
Src/Entry.c:160: warning: unused variable 'ucNew'
Src/Entry.c:157: warning: unused variable 'xParam'
make: *** [Obj/GNU_ARM_DEBUG_T2/Entry.o] Error 1
BuildFiles/GNU_ARM_DEBUG_T2/makefile.mk:321: recipe for target 'Obj/GNU_ARM_DEBUG_T2/Entry.o' failed
'Src/Menu.c' compilation in progress...
'Src/ComGPRS.c' compilation in progress...
'Src/Goal.c' compilation in progress...
'Src/Mapapp.c' compilation in progress...
'Src/FMG.c' compilation in progress...
'Src/Utility.c' compilation in progress...
Src/Utility.c: In function 'OpenConverter':
Src/Utility.c:319: warning: assignment from incompatible pointer type
Src/Utility.c:332: warning: passing argument 1 of 'fclose' from incompatible pointer type
'Src/Timer.c' compilation in progress...
make: Target 'build' not remade because of errors.

Elapsed time: 2.81 s.
                                     *-*-*
--- Project 'TRAINAPP', Configuration 'GNU_ARM_DEBUG_T2', Compiler 'GNU ARM 4.3.4 (HWT1/T2)' ---
deleting intermediate files...
done!
                                     *-*-*
--- Project 'TRAINAPP', Configuration 'GNU_ARM_DEBUG_T2', Compiler 'GNU ARM 4.3.4 (HWT1/T2)' ---
deleting binary files...
done!
                                     *-*-*
--- Project 'TRAINAPP', Configuration 'GNU_ARM_DEBUG_T2', Compiler 'GNU ARM 4.3.4 (HWT1/T2)' ---
deleting intermediate files...
done!
                                     *-*-*
--- Project 'TRAINAPP', Configuration 'GNU_ARM_DEBUG_T2', Compiler 'GNU ARM 4.3.4 (HWT1/T2)' ---
deleting binary files...
done!
                                     *-*-*
--- Project 'TRAINAPP', Configuration 'GNU_ARM_DEBUG_T2', Compiler 'GNU ARM 4.3.4 (HWT1/T2)' ---
Build in progress...
'Src/Main.c' compilation in progress...
'Src/Entry.c' compilation in progress...
Src/Entry.c: In function 'after_reset':
Src/Entry.c:177: error: 'xCfg' undeclared (first use in this function)
Src/Entry.c:177: error: (Each undeclared identifier is reported only once
Src/Entry.c:177: error: for each function it appears in.)
Src/Entry.c:182: error: 'ulSize' undeclared (first use in this function)
Src/Entry.c:200: warning: implicit declaration of function 'getAppCmpDat'
Src/Entry.c:202: warning: implicit declaration of function 'getAppCmpTim'
Src/Entry.c:205: error: 'Progress' undeclared (first use in this function)
Src/Entry.c:219: warning: passing argument 2 of 'strcmp' makes pointer from integer without a cast
Src/Entry.c:219: warning: passing argument 2 of 'strcmp' makes pointer from integer without a cast
Src/Entry.c:223: warning: passing argument 2 of 'strcmp' makes pointer from integer without a cast
Src/Entry.c:223: warning: passing argument 2 of 'strcmp' makes pointer from integer without a cast
Src/Entry.c:161: warning: unused variable 'ucType'
Src/Entry.c:161: warning: unused variable 'ucNew'
Src/Entry.c:158: warning: unused variable 'xParam'
make: *** [Obj/GNU_ARM_DEBUG_T2/Entry.o] Error 1
BuildFiles/GNU_ARM_DEBUG_T2/makefile.mk:321: recipe for target 'Obj/GNU_ARM_DEBUG_T2/Entry.o' failed
'Src/Menu.c' compilation in progress...
'Src/ComGPRS.c' compilation in progress...
'Src/Goal.c' compilation in progress...
'Src/Mapapp.c' compilation in progress...
'Src/FMG.c' compilation in progress...
'Src/Utility.c' compilation in progress...
Src/Utility.c: In function 'OpenConverter':
Src/Utility.c:319: warning: assignment from incompatible pointer type
Src/Utility.c:332: warning: passing argument 1 of 'fclose' from incompatible pointer type
'Src/Timer.c' compilation in progress...
make: Target 'build' not remade because of errors.

Elapsed time: 2.83 s.
                                     *-*-*
--- Project 'TRAINAPP', Configuration 'GNU_ARM_DEBUG_T2', Compiler 'GNU ARM 4.3.4 (HWT1/T2)' ---
deleting intermediate files...
done!
                                     *-*-*
--- Project 'TRAINAPP', Configuration 'GNU_ARM_DEBUG_T2', Compiler 'GNU ARM 4.3.4 (HWT1/T2)' ---
deleting binary files...
done!
                                     *-*-*
--- Project 'TRAINAPP', Configuration 'GNU_ARM_DEBUG_T2', Compiler 'GNU ARM 4.3.4 (HWT1/T2)' ---
deleting intermediate files...
done!
                                     *-*-*
--- Project 'TRAINAPP', Configuration 'GNU_ARM_DEBUG_T2', Compiler 'GNU ARM 4.3.4 (HWT1/T2)' ---
deleting binary files...
done!
                                     *-*-*
--- Project 'TRAINAPP', Configuration 'GNU_ARM_DEBUG_T2', Compiler 'GNU ARM 4.3.4 (HWT1/T2)' ---
Build in progress...
'Src/Main.c' compilation in progress...
'Src/Entry.c' compilation in progress...
Src/Entry.c: In function 'after_reset':
Src/Entry.c:206: warning: implicit declaration of function 'getAppCmpDat'
Src/Entry.c:208: warning: implicit declaration of function 'getAppCmpTim'
Src/Entry.c:211: error: 'Progress' undeclared (first use in this function)
Src/Entry.c:211: error: (Each undeclared identifier is reported only once
Src/Entry.c:211: error: for each function it appears in.)
Src/Entry.c:225: warning: passing argument 2 of 'strcmp' makes pointer from integer without a cast
Src/Entry.c:225: warning: passing argument 2 of 'strcmp' makes pointer from integer without a cast
Src/Entry.c:229: warning: passing argument 2 of 'strcmp' makes pointer from integer without a cast
Src/Entry.c:229: warning: passing argument 2 of 'strcmp' makes pointer from integer without a cast
Src/Entry.c:167: warning: unused variable 'ucType'
Src/Entry.c:167: warning: unused variable 'ucNew'
Src/Entry.c:164: warning: unused variable 'xParam'
make: *** [Obj/GNU_ARM_DEBUG_T2/Entry.o] Error 1
BuildFiles/GNU_ARM_DEBUG_T2/makefile.mk:321: recipe for target 'Obj/GNU_ARM_DEBUG_T2/Entry.o' failed
'Src/Menu.c' compilation in progress...
'Src/ComGPRS.c' compilation in progress...
'Src/Goal.c' compilation in progress...
'Src/Mapapp.c' compilation in progress...
'Src/FMG.c' compilation in progress...
'Src/Utility.c' compilation in progress...
Src/Utility.c: In function 'OpenConverter':
Src/Utility.c:319: warning: assignment from incompatible pointer type
Src/Utility.c:332: warning: passing argument 1 of 'fclose' from incompatible pointer type
'Src/Timer.c' compilation in progress...
make: Target 'build' not remade because of errors.

Elapsed time: 2.71 s.
                                     *-*-*
--- Project 'TRAINAPP', Configuration 'GNU_ARM_DEBUG_T2', Compiler 'GNU ARM 4.3.4 (HWT1/T2)' ---
deleting intermediate files...
done!
                                     *-*-*
--- Project 'TRAINAPP', Configuration 'GNU_ARM_DEBUG_T2', Compiler 'GNU ARM 4.3.4 (HWT1/T2)' ---
deleting binary files...
done!
                                     *-*-*
--- Project 'TRAINAPP', Configuration 'GNU_ARM_DEBUG_T2', Compiler 'GNU ARM 4.3.4 (HWT1/T2)' ---
deleting intermediate files...
done!
                                     *-*-*
--- Project 'TRAINAPP', Configuration 'GNU_ARM_DEBUG_T2', Compiler 'GNU ARM 4.3.4 (HWT1/T2)' ---
deleting binary files...
done!
                                     *-*-*
--- Project 'TRAINAPP', Configuration 'GNU_ARM_DEBUG_T2', Compiler 'GNU ARM 4.3.4 (HWT1/T2)' ---
Build in progress...
'Src/Main.c' compilation in progress...
'Src/Entry.c' compilation in progress...
Src/Entry.c: In function 'after_reset':
Src/Entry.c:217: warning: implicit declaration of function 'getAppCmpDat'
Src/Entry.c:219: warning: implicit declaration of function 'getAppCmpTim'
Src/Entry.c:236: warning: passing argument 2 of 'strcmp' makes pointer from integer without a cast
Src/Entry.c:236: warning: passing argument 2 of 'strcmp' makes pointer from integer without a cast
Src/Entry.c:240: warning: passing argument 2 of 'strcmp' makes pointer from integer without a cast
Src/Entry.c:240: warning: passing argument 2 of 'strcmp' makes pointer from integer without a cast
Src/Entry.c:178: warning: unused variable 'ucType'
Src/Entry.c:178: warning: unused variable 'ucNew'
Src/Entry.c:175: warning: unused variable 'xParam'
'Src/Menu.c' compilation in progress...
'Src/ComGPRS.c' compilation in progress...
'Src/Goal.c' compilation in progress...
'Src/Mapapp.c' compilation in progress...
'Src/FMG.c' compilation in progress...
'Src/Utility.c' compilation in progress...
Src/Utility.c: In function 'OpenConverter':
Src/Utility.c:319: warning: assignment from incompatible pointer type
Src/Utility.c:332: warning: passing argument 1 of 'fclose' from incompatible pointer type
'Src/Timer.c' compilation in progress...
'Obj/GNU_ARM_DEBUG_T2/TRAINAPP.axf' link in progress...
'Bin/GNU_ARM_DEBUG_T2/TRAINAPP.BIN' binary file generated.
done!
                                     *-*-*
--- Project 'TRAINAPP', Configuration 'GNU_ARM_DEBUG_T2', Compiler 'GNU ARM 4.3.4 (HWT1/T2)' ---
SAT Signature in Progress  ...
'Telium 2' project binaries
Adding Scheme: ScCplutlTlv.sgn .
Adding Scheme: STLList_Tlv.sgn .
Adding Scheme: TlvAESCiph.sgn .
Adding Scheme: TlvCipherDa.sgn .
Adding Scheme: TlvDukpTDes.sgn .
Adding Scheme: TlvFirstKey.sgn .
Adding Scheme: TlvFree.sgn .
Adding Scheme: TlvHaMcS224.sgn .
Adding Scheme: TlvHMac.sgn .
Adding Scheme: TlvIso9564.sgn .
Adding Scheme: TlvKeyVerif.sgn .
Adding Scheme: TlvLoadData.sgn .
Adding Scheme: TlvLoadHMAC.sgn .
Adding Scheme: TlvLoadKey.sgn .
Adding Scheme: TlvLoadTR31.sgn .
Adding Scheme: TlvMacTDes.sgn .
Adding Scheme: TlvMAKeyGen.sgn .
'Bin/GNU_ARM_DEBUG_T2/TRAINAPP.AGN' Telium 2 application binary file generated
done!
                                     *-*-*
--- Project 'TRAINAPP', Configuration 'GNU_ARM_DEBUG_T2', Compiler 'GNU ARM 4.3.4 (HWT1/T2)' ---
Telium 2 binary file information: CODE (base address=0x0, size=84583 bytes); DATA (base address=0x200000, size=6628 bytes).

Elapsed time: 3.26 s.
                                     *-*-*
--- Project 'TRAINAPP', Configuration 'GNU_ARM_DEBUG_T2', Compiler 'GNU ARM 4.3.4 (HWT1/T2)' ---
deleting intermediate files...
done!
                                     *-*-*
--- Project 'TRAINAPP', Configuration 'GNU_ARM_DEBUG_T2', Compiler 'GNU ARM 4.3.4 (HWT1/T2)' ---
deleting binary files...
done!
                                     *-*-*
--- Project 'TRAINAPP', Configuration 'GNU_ARM_DEBUG_T2', Compiler 'GNU ARM 4.3.4 (HWT1/T2)' ---
deleting intermediate files...
done!
                                     *-*-*
--- Project 'TRAINAPP', Configuration 'GNU_ARM_DEBUG_T2', Compiler 'GNU ARM 4.3.4 (HWT1/T2)' ---
deleting binary files...
done!
                                     *-*-*
--- Project 'TRAINAPP', Configuration 'GNU_ARM_DEBUG_T2', Compiler 'GNU ARM 4.3.4 (HWT1/T2)' ---
Build in progress...
'Src/Main.c' compilation in progress...
'Src/Entry.c' compilation in progress...
Src/Entry.c: In function 'after_reset':
Src/Entry.c:179: warning: unused variable 'ucType'
Src/Entry.c:179: warning: unused variable 'ucNew'
Src/Entry.c:176: warning: unused variable 'xParam'
'Src/Menu.c' compilation in progress...
'Src/ComGPRS.c' compilation in progress...
'Src/Goal.c' compilation in progress...
'Src/Mapapp.c' compilation in progress...
'Src/FMG.c' compilation in progress...
'Src/Utility.c' compilation in progress...
Src/Utility.c: In function 'OpenConverter':
Src/Utility.c:319: error: lvalue required as left operand of assignment
Src/Utility.c:332: warning: passing argument 1 of 'fclose' from incompatible pointer type
make: *** [Obj/GNU_ARM_DEBUG_T2/Utility.o] Error 1
BuildFiles/GNU_ARM_DEBUG_T2/makefile.mk:381: recipe for target 'Obj/GNU_ARM_DEBUG_T2/Utility.o' failed
'Src/Timer.c' compilation in progress...
make: Target 'build' not remade because of errors.

Elapsed time: 2.8 s.
                                     *-*-*
--- Project 'TRAINAPP', Configuration 'GNU_ARM_DEBUG_T2', Compiler 'GNU ARM 4.3.4 (HWT1/T2)' ---
deleting intermediate files...
done!
                                     *-*-*
--- Project 'TRAINAPP', Configuration 'GNU_ARM_DEBUG_T2', Compiler 'GNU ARM 4.3.4 (HWT1/T2)' ---
deleting binary files...
done!
                                     *-*-*
--- Project 'TRAINAPP', Configuration 'GNU_ARM_DEBUG_T2', Compiler 'GNU ARM 4.3.4 (HWT1/T2)' ---
deleting intermediate files...
done!
                                     *-*-*
--- Project 'TRAINAPP', Configuration 'GNU_ARM_DEBUG_T2', Compiler 'GNU ARM 4.3.4 (HWT1/T2)' ---
deleting binary files...
done!
                                     *-*-*
--- Project 'TRAINAPP', Configuration 'GNU_ARM_DEBUG_T2', Compiler 'GNU ARM 4.3.4 (HWT1/T2)' ---
Build in progress...
'Src/Main.c' compilation in progress...
'Src/Entry.c' compilation in progress...
Src/Entry.c: In function 'after_reset':
Src/Entry.c:179: warning: unused variable 'ucType'
Src/Entry.c:179: warning: unused variable 'ucNew'
Src/Entry.c:176: warning: unused variable 'xParam'
'Src/Menu.c' compilation in progress...
'Src/ComGPRS.c' compilation in progress...
'Src/Goal.c' compilation in progress...
'Src/Mapapp.c' compilation in progress...
'Src/FMG.c' compilation in progress...
'Src/Utility.c' compilation in progress...
Src/Utility.c: In function 'OpenConverter':
Src/Utility.c:332: warning: passing argument 1 of 'fclose' from incompatible pointer type
'Src/Timer.c' compilation in progress...
'Obj/GNU_ARM_DEBUG_T2/TRAINAPP.axf' link in progress...
'Bin/GNU_ARM_DEBUG_T2/TRAINAPP.BIN' binary file generated.
done!
                                     *-*-*
--- Project 'TRAINAPP', Configuration 'GNU_ARM_DEBUG_T2', Compiler 'GNU ARM 4.3.4 (HWT1/T2)' ---
SAT Signature in Progress  ...
'Telium 2' project binaries
Adding Scheme: ScCplutlTlv.sgn .
Adding Scheme: STLList_Tlv.sgn .
Adding Scheme: TlvAESCiph.sgn .
Adding Scheme: TlvCipherDa.sgn .
Adding Scheme: TlvDukpTDes.sgn .
Adding Scheme: TlvFirstKey.sgn .
Adding Scheme: TlvFree.sgn .
Adding Scheme: TlvHaMcS224.sgn .
Adding Scheme: TlvHMac.sgn .
Adding Scheme: TlvIso9564.sgn .
Adding Scheme: TlvKeyVerif.sgn .
Adding Scheme: TlvLoadData.sgn .
Adding Scheme: TlvLoadHMAC.sgn .
Adding Scheme: TlvLoadKey.sgn .
Adding Scheme: TlvLoadTR31.sgn .
Adding Scheme: TlvMacTDes.sgn .
Adding Scheme: TlvMAKeyGen.sgn .
'Bin/GNU_ARM_DEBUG_T2/TRAINAPP.AGN' Telium 2 application binary file generated
done!
                                     *-*-*
--- Project 'TRAINAPP', Configuration 'GNU_ARM_DEBUG_T2', Compiler 'GNU ARM 4.3.4 (HWT1/T2)' ---
Telium 2 binary file information: CODE (base address=0x0, size=82959 bytes); DATA (base address=0x200000, size=6628 bytes).

Elapsed time: 3.72 s.
                                     *-*-*
--- Project 'TRAINAPP', Configuration 'GNU_ARM_DEBUG_T2', Compiler 'GNU ARM 4.3.4 (HWT1/T2)' ---
deleting intermediate files...
done!
                                     *-*-*
--- Project 'TRAINAPP', Configuration 'GNU_ARM_DEBUG_T2', Compiler 'GNU ARM 4.3.4 (HWT1/T2)' ---
deleting binary files...
done!
                                     *-*-*
--- Project 'TRAINAPP', Configuration 'GNU_ARM_DEBUG_T2', Compiler 'GNU ARM 4.3.4 (HWT1/T2)' ---
deleting intermediate files...
done!
                                     *-*-*
--- Project 'TRAINAPP', Configuration 'GNU_ARM_DEBUG_T2', Compiler 'GNU ARM 4.3.4 (HWT1/T2)' ---
deleting binary files...
done!
                                     *-*-*
--- Project 'TRAINAPP', Configuration 'GNU_ARM_DEBUG_T2', Compiler 'GNU ARM 4.3.4 (HWT1/T2)' ---
Build in progress...
'Src/Main.c' compilation in progress...
'Src/Entry.c' compilation in progress...
'Src/Menu.c' compilation in progress...
'Src/ComGPRS.c' compilation in progress...
'Src/Goal.c' compilation in progress...
'Src/Mapapp.c' compilation in progress...
'Src/FMG.c' compilation in progress...
'Src/Utility.c' compilation in progress...
'Src/Timer.c' compilation in progress...
'Obj/GNU_ARM_DEBUG_T2/TRAINAPP.axf' link in progress...
'Bin/GNU_ARM_DEBUG_T2/TRAINAPP.BIN' binary file generated.
done!
                                     *-*-*
--- Project 'TRAINAPP', Configuration 'GNU_ARM_DEBUG_T2', Compiler 'GNU ARM 4.3.4 (HWT1/T2)' ---
SAT Signature in Progress  ...
'Telium 2' project binaries
Adding Scheme: ScCplutlTlv.sgn .
Adding Scheme: STLList_Tlv.sgn .
Adding Scheme: TlvAESCiph.sgn .
Adding Scheme: TlvCipherDa.sgn .
Adding Scheme: TlvDukpTDes.sgn .
Adding Scheme: TlvFirstKey.sgn .
Adding Scheme: TlvFree.sgn .
Adding Scheme: TlvHaMcS224.sgn .
Adding Scheme: TlvHMac.sgn .
Adding Scheme: TlvIso9564.sgn .
Adding Scheme: TlvKeyVerif.sgn .
Adding Scheme: TlvLoadData.sgn .
Adding Scheme: TlvLoadHMAC.sgn .
Adding Scheme: TlvLoadKey.sgn .
Adding Scheme: TlvLoadTR31.sgn .
Adding Scheme: TlvMacTDes.sgn .
Adding Scheme: TlvMAKeyGen.sgn .
'Bin/GNU_ARM_DEBUG_T2/TRAINAPP.AGN' Telium 2 application binary file generated
done!
                                     *-*-*
--- Project 'TRAINAPP', Configuration 'GNU_ARM_DEBUG_T2', Compiler 'GNU ARM 4.3.4 (HWT1/T2)' ---
Telium 2 binary file information: CODE (base address=0x0, size=79650 bytes); DATA (base address=0x200000, size=6448 bytes).

Elapsed time: 4.08 s.
                                     *-*-*
--- Project 'TRAINAPP', Configuration 'GNU_ARM_DEBUG_T2', Compiler 'GNU ARM 4.3.4 (HWT1/T2)' ---
Build in progress...
done!
                                     *-*-*
--- Project 'TRAINAPP', Configuration 'GNU_ARM_DEBUG_T2', Compiler 'GNU ARM 4.3.4 (HWT1/T2)' ---
SAT Signature in Progress  ...
'Telium 2' project binaries
Adding Scheme: ScCplutlTlv.sgn .
Adding Scheme: STLList_Tlv.sgn .
Adding Scheme: TlvAESCiph.sgn .
Adding Scheme: TlvCipherDa.sgn .
Adding Scheme: TlvDukpTDes.sgn .
Adding Scheme: TlvFirstKey.sgn .
Adding Scheme: TlvFree.sgn .
Adding Scheme: TlvHaMcS224.sgn .
Adding Scheme: TlvHMac.sgn .
Adding Scheme: TlvIso9564.sgn .
Adding Scheme: TlvKeyVerif.sgn .
Adding Scheme: TlvLoadData.sgn .
Adding Scheme: TlvLoadHMAC.sgn .
Adding Scheme: TlvLoadKey.sgn .
Adding Scheme: TlvLoadTR31.sgn .
Adding Scheme: TlvMacTDes.sgn .
Adding Scheme: TlvMAKeyGen.sgn .
done!
                                     *-*-*
--- Project 'TRAINAPP', Configuration 'GNU_ARM_DEBUG_T2', Compiler 'GNU ARM 4.3.4 (HWT1/T2)' ---
Telium 2 binary file information: CODE (base address=0x0, size=79650 bytes); DATA (base address=0x200000, size=6448 bytes).

Elapsed time: 0.68 s.
                                     *-*-*
--- Project 'TRAINAPP', Configuration 'GNU_ARM_DEBUG_TETRA', Compiler 'GNU ARM 4.7.xV7A (HWTetra)' ---
deleting intermediate files...
done!
                                     *-*-*
--- Project 'TRAINAPP', Configuration 'GNU_ARM_DEBUG_TETRA', Compiler 'GNU ARM 4.7.xV7A (HWTetra)' ---
deleting binary files...
done!
                                     *-*-*
--- Project 'TRAINAPP', Configuration 'GNU_ARM_DEBUG_TETRA', Compiler 'GNU ARM 4.7.xV7A (HWTetra)' ---
deleting intermediate files...
done!
                                     *-*-*
--- Project 'TRAINAPP', Configuration 'GNU_ARM_DEBUG_TETRA', Compiler 'GNU ARM 4.7.xV7A (HWTetra)' ---
deleting binary files...
done!
                                     *-*-*
--- Project 'TRAINAPP', Configuration 'GNU_ARM_DEBUG_TETRA', Compiler 'GNU ARM 4.7.xV7A (HWTetra)' ---
Build in progress...
Includes file list @option generation: 
'Finished building: Obj/GNU_ARM_DEBUG_TETRA/includesFiles.opt'

'Src/Main.c' compilation in progress...
'Src/Entry.c' compilation in progress...
'Src/Menu.c' compilation in progress...
Src/Menu.c: In function 'initUIContext':
Src/Menu.c:126:4: error: label 'lblKO' used but not defined
make: *** [Obj/GNU_ARM_DEBUG_TETRA/Menu.o] Error 1
BuildFiles/GNU_ARM_DEBUG_TETRA/makefile.mk:445: recipe for target 'Obj/GNU_ARM_DEBUG_TETRA/Menu.o' failed
'Src/ComGPRS.c' compilation in progress...
'Src/Goal.c' compilation in progress...
'Src/Mapapp.c' compilation in progress...
'Src/FMG.c' compilation in progress...
'Src/Utility.c' compilation in progress...
'Src/Timer.c' compilation in progress...
make: Target 'build' not remade because of errors.

Elapsed time: 5.78 s.
                                     *-*-*
--- Project 'TRAINAPP', Configuration 'GNU_ARM_DEBUG_TETRA', Compiler 'GNU ARM 4.7.xV7A (HWTetra)' ---
deleting intermediate files...
done!
                                     *-*-*
--- Project 'TRAINAPP', Configuration 'GNU_ARM_DEBUG_TETRA', Compiler 'GNU ARM 4.7.xV7A (HWTetra)' ---
deleting binary files...
done!
                                     *-*-*
--- Project 'TRAINAPP', Configuration 'GNU_ARM_DEBUG_TETRA', Compiler 'GNU ARM 4.7.xV7A (HWTetra)' ---
deleting intermediate files...
done!
                                     *-*-*
--- Project 'TRAINAPP', Configuration 'GNU_ARM_DEBUG_TETRA', Compiler 'GNU ARM 4.7.xV7A (HWTetra)' ---
deleting binary files...
done!
                                     *-*-*
--- Project 'TRAINAPP', Configuration 'GNU_ARM_DEBUG_TETRA', Compiler 'GNU ARM 4.7.xV7A (HWTetra)' ---
Build in progress...
Includes file list @option generation: 
'Finished building: Obj/GNU_ARM_DEBUG_TETRA/includesFiles.opt'

'Src/Main.c' compilation in progress...
'Src/Entry.c' compilation in progress...
'Src/Menu.c' compilation in progress...
'Src/ComGPRS.c' compilation in progress...
'Src/Goal.c' compilation in progress...
'Src/Mapapp.c' compilation in progress...
'Src/FMG.c' compilation in progress...
'Src/Utility.c' compilation in progress...
'Src/Timer.c' compilation in progress...

Linker file @option generation
'Finished building: Obj/GNU_ARM_DEBUG_TETRA/ldFile.opt'

'Obj/GNU_ARM_DEBUG_TETRA/TRAINAP0101.axf' link in progress...
'Finished building: Obj/GNU_ARM_DEBUG_TETRA/TRAINAP0101.axf'

'Invoking: GNUARM Print Size'
'Finished building: Obj/GNU_ARM_DEBUG_TETRA/TRAINAP0101.siz'

'Obj/GNU_ARM_DEBUG_TETRA/TRAINAP0101.lst' lst file generated.
duplicate bin file :  Bin/GNU_ARM_DEBUG_TETRA/TRAINAP0101.BIN to Obj/GNU_ARM_DEBUG_TETRA/TRAINAP0101.T3A
Stripping terminal binary file: 
'Bin/GNU_ARM_DEBUG_TETRA/TRAINAP0101.BIN' binary file generated.
done!
                                     *-*-*
--- Project 'TRAINAPP', Configuration 'GNU_ARM_DEBUG_TETRA', Compiler 'GNU ARM 4.7.xV7A (HWTetra)' ---
'Telium Tetra' 'TRAINAP0101.T3A' file binaries generation in progress...
Scheme : 500009012100.S3S.mockup added.
Scheme : 500031010200.S3S.mockup added.
Scheme : 500032030200.S3S.mockup added.
Scheme : 500012012100.S3S.mockup added.
Scheme : 500008012100.S3S.mockup added.
Scheme : 500018012100.S3S.mockup added.
Scheme : 500010012100.S3S.mockup added.
Scheme : 500007012100.S3S.mockup added.
Scheme : 500063012100.S3S.mockup added.
Scheme : 500014012100.S3S.mockup added.
Scheme : 500016012100.S3S.mockup added.
Scheme : 500011012100.S3S.mockup added.
Scheme : 500006012100.S3S.mockup added.
Scheme : 500015012100.S3S.mockup added.
'Bin/GNU_ARM_DEBUG_TETRA/TRAINAP0101.T3A' Tetra file generated.
done!
                                     *-*-*
--- Project 'TRAINAPP', Configuration 'GNU_ARM_DEBUG_TETRA', Compiler 'GNU ARM 4.7.xV7A (HWTetra)' ---
Packager in progress for file 'TRAINAP0101.T3A' ...


-----------------  SECURE HASHING COMPONNENTS BUILT-IN ------------------
********************************** TRAINAP0101.T3A **********************************
----  HASHING  COMPONENT
Launching SDK 'sec_hash_file_win32.exe' '-r . --teliumappauto TRAINAP0101.T3A -o pkg.hashes' in 'E:\Program Files\Training_BASE_Test\TRAINAPP\Bin\GNU_ARM_DEBUG_TETRA'.
sec_hash_file_win32.exe: (telium auto) OK: apptype:0x006e, type:A, override:'F;R;;04544;CA006E00000;APPS;d=/home/LEGACY_FS/SYSTEM'
sec_hash_file_win32.exe: hashed (FIL) R desc:/home/LEGACY_FS/SYSTEM/TRAINAP0101.T3A, size:179020 (TRAINAP0101.T3A)
----  TARING  COMPONENT
Tar File:  'E:/Program Files/Training_BASE_Test/TRAINAPP/Bin/GNU_ARM_DEBUG_TETRA/pkg.tar' with '[L/TRAINAPP/Bin/GNU_ARM_DEBUG_TETRA/SWAP/TRAINAP0101.T3A]'.
----  HASHING PKGINFO
Launching SDK 'sec_hash_file_win32.exe' '-r . -D /pkginfo/8001100000_TRAINAPP.P3A /.depend /.t3desc /.needed -o pkginfo.hashes' in 'E:\Program Files\Training_BASE_Test\TRAINAPP\Bin\GNU_ARM_DEBUG_TETRA'.
sec_hash_file_win32.exe: hashed (FIL) R desc:/pkginfo/8001100000_TRAINAPP.P3A/.depend, size:13 (/.depend)
sec_hash_file_win32.exe: hashed (FIL) R desc:/pkginfo/8001100000_TRAINAPP.P3A/.t3desc, size:13 (/.t3desc)
sec_hash_file_win32.exe: hashed (FIL) R desc:/pkginfo/8001100000_TRAINAPP.P3A/.needed, size:13 (/.needed)
----  TARING PKGINFO
Tar File:  'E:/Program Files/Training_BASE_Test/TRAINAPP/Bin/GNU_ARM_DEBUG_TETRA/pkginfo.tar' with '[L/TRAINAPP/Bin/GNU_ARM_DEBUG_TETRA/.depend, L/TRAINAPP/Bin/GNU_ARM_DEBUG_TETRA/.t3desc, L/TRAINAPP/Bin/GNU_ARM_DEBUG_TETRA/.needed]'.
----  TAR PACKAGE
Tar File:  'E:/Program Files/Training_BASE_Test/TRAINAPP/Bin/GNU_ARM_DEBUG_TETRA/8001100000_TRAINAPP.pkg' with '[L/TRAINAPP/Bin/GNU_ARM_DEBUG_TETRA/pkg.tar, L/TRAINAPP/Bin/GNU_ARM_DEBUG_TETRA/pkg.hashes, L/TRAINAPP/Bin/GNU_ARM_DEBUG_TETRA/pkginfo.tar, L/TRAINAPP/Bin/GNU_ARM_DEBUG_TETRA/pkginfo.hashes]'.
----  SIGNING: only generate .jsat file
Launching SDK 'pkg_to_jsat_interface_win32.exe' '--in_cmp_to_type TRAINAP0101.T3A --jsat_f 8001100000_TRAINAPP.jsat --pkg_f 8001100000_TRAINAPP.pkg --pkg_family TRAINAPP --pkg_id 110 --pkg_versions 00,00,00 --pkg_country 0 --pkg_range 0 --root . ' in 'E:\Program Files\Training_BASE_Test\TRAINAPP\Bin\GNU_ARM_DEBUG_TETRA'.
aab6a78915ec79c1676547224ef1741fb07f7c196d13da0be0c2a546c50299e4a05f0997f905dcaa6ad7cbeae223502b3cabb1630d84f5e2862f953d91de8598 - pkg.hashes
3e7e373a1d1ed72aa6edcbff1b34e40ac2d901b6287a7fa2e8582312a155bd453241e7939b29bfed13182ee5a23227dfe2b918bd2deb45e506147348fe6272ad - pkginfo.hashes
----------------------------  DONE  -----------------------------
                                     *-*-*
--- Project 'TRAINAPP', Configuration 'GNU_ARM_DEBUG_TETRA', Compiler 'GNU ARM 4.7.xV7A (HWTetra)' ---
Sign/Kit Signature in Progress ...
For 'Telium Tetra' 'Bin/GNU_ARM_DEBUG_TETRA/8001100000_TRAINAPP.pkg' package file for mode 'PAYMENT'.
'E:/Program Files/Training_BASE_Test/TRAINAPP/Bin/GNU_ARM_DEBUG_TETRA/8001100000_TRAINAPP.P3A' Telium Tetra application file generated in PAYMENT mode.
done!
                                     *-*-*
--- Project 'TRAINAPP', Configuration 'GNU_ARM_DEBUG_TETRA', Compiler 'GNU ARM 4.7.xV7A (HWTetra)' ---
Telium Tetra binary file information: CODE (base address=0x8ca0, size=78156 bytes); DATA (base address=0x24200, size=6664 bytes).

Elapsed time: 6.39 s.
                                     *-*-*
--- Project 'TRAINAPP', Configuration 'GNU_ARM_DEBUG_TETRA', Compiler 'GNU ARM 4.7.xV7A (HWTetra)' ---
Build in progress...
done!
                                     *-*-*
--- Project 'TRAINAPP', Configuration 'GNU_ARM_DEBUG_TETRA', Compiler 'GNU ARM 4.7.xV7A (HWTetra)' ---
'Telium Tetra' 'TRAINAP0101.T3A' file binaries generation in progress...
done!
                                     *-*-*
--- Project 'TRAINAPP', Configuration 'GNU_ARM_DEBUG_TETRA', Compiler 'GNU ARM 4.7.xV7A (HWTetra)' ---
Packager in progress for file 'TRAINAP0101.T3A' ...


done!
                                     *-*-*
--- Project 'TRAINAPP', Configuration 'GNU_ARM_DEBUG_TETRA', Compiler 'GNU ARM 4.7.xV7A (HWTetra)' ---
Sign/Kit Signature in Progress ...
For 'Telium Tetra' 'Bin/GNU_ARM_DEBUG_TETRA/8001100000_TRAINAPP.pkg' package file for mode 'PAYMENT'.
done!
                                     *-*-*
--- Project 'TRAINAPP', Configuration 'GNU_ARM_DEBUG_TETRA', Compiler 'GNU ARM 4.7.xV7A (HWTetra)' ---
Telium Tetra binary file information: CODE (base address=0x8ca0, size=78156 bytes); DATA (base address=0x24200, size=6664 bytes).

Elapsed time: 0.56 s.
                                     *-*-*
--- Project 'TRAINAPP', Configuration 'GNU_ARM_DEBUG_TETRA', Compiler 'GNU ARM 4.7.xV7A (HWTetra)' ---
Build in progress...
done!
                                     *-*-*
--- Project 'TRAINAPP', Configuration 'GNU_ARM_DEBUG_TETRA', Compiler 'GNU ARM 4.7.xV7A (HWTetra)' ---
'Telium Tetra' 'TRAINAP0101.T3A' file binaries generation in progress...
done!
                                     *-*-*
--- Project 'TRAINAPP', Configuration 'GNU_ARM_DEBUG_TETRA', Compiler 'GNU ARM 4.7.xV7A (HWTetra)' ---
Packager in progress for file 'TRAINAP0101.T3A' ...


done!
                                     *-*-*
--- Project 'TRAINAPP', Configuration 'GNU_ARM_DEBUG_TETRA', Compiler 'GNU ARM 4.7.xV7A (HWTetra)' ---
Sign/Kit Signature in Progress ...
For 'Telium Tetra' 'Bin/GNU_ARM_DEBUG_TETRA/8001100000_TRAINAPP.pkg' package file for mode 'PAYMENT'.
done!
                                     *-*-*
--- Project 'TRAINAPP', Configuration 'GNU_ARM_DEBUG_TETRA', Compiler 'GNU ARM 4.7.xV7A (HWTetra)' ---
Telium Tetra binary file information: CODE (base address=0x8ca0, size=78156 bytes); DATA (base address=0x24200, size=6664 bytes).

Elapsed time: 0.59 s.
                                     *-*-*
--- Project 'TRAINAPP', Configuration 'GNU_ARM_DEBUG_TETRA', Compiler 'GNU ARM 4.7.xV7A (HWTetra)' ---
Build in progress...
done!
                                     *-*-*
--- Project 'TRAINAPP', Configuration 'GNU_ARM_DEBUG_TETRA', Compiler 'GNU ARM 4.7.xV7A (HWTetra)' ---
'Telium Tetra' 'TRAINAP0101.T3A' file binaries generation in progress...
done!
                                     *-*-*
--- Project 'TRAINAPP', Configuration 'GNU_ARM_DEBUG_TETRA', Compiler 'GNU ARM 4.7.xV7A (HWTetra)' ---
Packager in progress for file 'TRAINAP0101.T3A' ...


done!
                                     *-*-*
--- Project 'TRAINAPP', Configuration 'GNU_ARM_DEBUG_TETRA', Compiler 'GNU ARM 4.7.xV7A (HWTetra)' ---
Sign/Kit Signature in Progress ...
For 'Telium Tetra' 'Bin/GNU_ARM_DEBUG_TETRA/8001100000_TRAINAPP.pkg' package file for mode 'PAYMENT'.
done!
                                     *-*-*
--- Project 'TRAINAPP', Configuration 'GNU_ARM_DEBUG_TETRA', Compiler 'GNU ARM 4.7.xV7A (HWTetra)' ---
Telium Tetra binary file information: CODE (base address=0x8ca0, size=78156 bytes); DATA (base address=0x24200, size=6664 bytes).

Elapsed time: 0.57 s.
                                     *-*-*
--- Project 'TRAINAPP', Configuration 'GNU_ARM_DEBUG_TETRA', Compiler 'GNU ARM 4.7.3 (HWTetra)', Telium SDK 'v11.16.8.02' ---
deleting intermediate files...
done!
                                     *-*-*
--- Project 'TRAINAPP', Configuration 'GNU_ARM_DEBUG_TETRA', Compiler 'GNU ARM 4.7.3 (HWTetra)', Telium SDK 'v11.16.8.02' ---
deleting binary files...
done!
Project(s) to build:
- TRAINAPP

                                     *-*-*
--- Project 'TRAINAPP', Configuration 'GNU_ARM_DEBUG_TETRA', Compiler 'GNU ARM 4.7.3 (HWTetra)', Telium SDK 'v11.16.8.02' ---
deleting intermediate files...
done!
                                     *-*-*
--- Project 'TRAINAPP', Configuration 'GNU_ARM_DEBUG_TETRA', Compiler 'GNU ARM 4.7.3 (HWTetra)', Telium SDK 'v11.16.8.02' ---
deleting binary files...
done!
                                     *-*-*
--- Project 'TRAINAPP', Configuration 'GNU_ARM_DEBUG_TETRA', Compiler 'GNU ARM 4.7.3 (HWTetra)' ---
Build in progress...
Includes file list @option generation: 
'Finished building: Obj/GNU_ARM_DEBUG_TETRA/includesFiles.opt'

'Src/Main.c' compilation in progress...
'Src/Entry.c' compilation in progress...
'Src/Menu.c' compilation in progress...
'Src/ComGPRS.c' compilation in progress...
'Src/Goal.c' compilation in progress...
'Src/Mapapp.c' compilation in progress...
'Src/FMG.c' compilation in progress...
'Src/Utility.c' compilation in progress...
'Src/Timer.c' compilation in progress...

Linker file @option generation
'Finished building: Obj/GNU_ARM_DEBUG_TETRA/ldFile.opt'

'Obj/GNU_ARM_DEBUG_TETRA/TRAINAP0101.axf' link in progress...
'Finished building: Obj/GNU_ARM_DEBUG_TETRA/TRAINAP0101.axf'

'Invoking: GNUARM Print Size'
'Finished building: Obj/GNU_ARM_DEBUG_TETRA/TRAINAP0101.siz'

'Obj/GNU_ARM_DEBUG_TETRA/TRAINAP0101.lst' lst file generated.
duplicate bin file :  Bin/GNU_ARM_DEBUG_TETRA/TRAINAP0101.BIN to Obj/GNU_ARM_DEBUG_TETRA/TRAINAP0101.T3A
Stripping terminal binary file: 
'Bin/GNU_ARM_DEBUG_TETRA/TRAINAP0101.BIN' binary file generated.
done!
                                     *-*-*
--- Project 'TRAINAPP', Configuration 'GNU_ARM_DEBUG_TETRA', Compiler 'GNU ARM 4.7.3 (HWTetra)', Telium SDK 'v11.16.8.02' ---
'Telium Tetra' 'TRAINAP0101.T3A' file binaries generation in progress...
Scheme : 500006012100.S3S.mockup added.
Scheme : 500007012100.S3S.mockup added.
Scheme : 500008012100.S3S.mockup added.
Scheme : 500009012100.S3S.mockup added.
Scheme : 500010012100.S3S.mockup added.
Scheme : 500011012100.S3S.mockup added.
Scheme : 500012012100.S3S.mockup added.
Scheme : 500014012100.S3S.mockup added.
Scheme : 500015012100.S3S.mockup added.
Scheme : 500016012100.S3S.mockup added.
Scheme : 500018012100.S3S.mockup added.
Scheme : 500031010200.S3S.mockup added.
Scheme : 500032030200.S3S.mockup added.
Scheme : 500063012100.S3S.mockup added.
'Bin/GNU_ARM_DEBUG_TETRA/TRAINAP0101.T3A' Tetra file generated.
done!
                                     *-*-*
--- Project 'TRAINAPP', Configuration 'GNU_ARM_DEBUG_TETRA', Compiler 'GNU ARM 4.7.3 (HWTetra)', Telium SDK 'v11.16.8.02' ---
Packager in progress for file 'TRAINAP0101.T3A' ...


-----------------  SECURE HASHING COMPONNENTS BUILT-IN ------------------
********************************** TRAINAP0101.T3A **********************************
----  HASHING  COMPONENT
----  TARING  COMPONENT
----  HASHING PKGINFO
----  TARING PKGINFO
----  TAR PACKAGE
----  SIGNING: only generate .jsat file
b2a3fc5820bbab27792d98685bf32728618f1889414bb4589cacee75ffbede57f970bcdb2ae66178e8352783ab9c48ee20b5f808fe617a38550e3865339a56a3 - pkg.hashes
820cfd162d727a4c443e78be64d14d004e64d41bf1fd93878cc437933f8a65caf6963d8d51e0d6153fb5fc1713374b0d8e2e1f781cb067bd7cebb7c4e19e86a2 - pkginfo.hashes
----------------------------  DONE  -----------------------------
                                     *-*-*
--- Project 'TRAINAPP', Configuration 'GNU_ARM_DEBUG_TETRA', Compiler 'GNU ARM 4.7.3 (HWTetra)', Telium SDK 'v11.16.8.02' ---

Sign/Kit Signature in Progress ...
For 'Telium Tetra' 'Bin/GNU_ARM_DEBUG_TETRA/8001100000_TRAINAPP.P3A.pkg' package file for mode 'PAYMENT'.
'E:/Program Files/Training_BASE_Test/TRAINAPP/Bin/GNU_ARM_DEBUG_TETRA/8001100000_TRAINAPP.P3A' Telium Tetra application file generated in PAYMENT mode.
done!
                                     *-*-*
--- Project 'TRAINAPP', Configuration 'GNU_ARM_DEBUG_TETRA', Compiler 'GNU ARM 4.7.3 (HWTetra)', Telium SDK 'v11.16.8.02' ---
Telium Tetra Platform binary file information:  CODE (size=78156 bytes); DATA  (size=6664 bytes).

Elapsed time: 11 s.
                                     *-*-*
--- Project 'TRAINAPP', Configuration 'GNU_ARM_DEBUG_T2', Compiler 'GNU ARM 4.3.4 (HWT1/T2)', Telium SDK 'v11.16.8.02' ---
deleting intermediate files...
done!
                                     *-*-*
--- Project 'TRAINAPP', Configuration 'GNU_ARM_DEBUG_T2', Compiler 'GNU ARM 4.3.4 (HWT1/T2)', Telium SDK 'v11.16.8.02' ---
deleting binary files...
done!
Project(s) to build:
- TRAINAPP

                                     *-*-*
--- Project 'TRAINAPP', Configuration 'GNU_ARM_DEBUG_T2', Compiler 'GNU ARM 4.3.4 (HWT1/T2)', Telium SDK 'v11.16.8.02' ---
deleting intermediate files...
done!
                                     *-*-*
--- Project 'TRAINAPP', Configuration 'GNU_ARM_DEBUG_T2', Compiler 'GNU ARM 4.3.4 (HWT1/T2)', Telium SDK 'v11.16.8.02' ---
deleting binary files...
done!
                                     *-*-*
--- Project 'TRAINAPP', Configuration 'GNU_ARM_DEBUG_T2', Compiler 'GNU ARM 4.3.4 (HWT1/T2)' ---
Build in progress...
'Src/Main.c' compilation in progress...
'Src/Entry.c' compilation in progress...
'Src/Menu.c' compilation in progress...
Src/Menu.c: In function 'initUIContext':
Src/Menu.c:128: error: duplicate label 'lblKO'
Src/Menu.c:118: error: previous definition of 'lblKO' was here
make: *** [Obj/GNU_ARM_DEBUG_T2/Menu.o] Error 1
BuildFiles/GNU_ARM_DEBUG_T2/makefile.mk:330: recipe for target 'Obj/GNU_ARM_DEBUG_T2/Menu.o' failed
'Src/ComGPRS.c' compilation in progress...
'Src/Goal.c' compilation in progress...
'Src/Mapapp.c' compilation in progress...
'Src/FMG.c' compilation in progress...
'Src/Utility.c' compilation in progress...
'Src/Timer.c' compilation in progress...
make: Target 'build' not remade because of errors.

Elapsed time: 3 s.
                                     *-*-*
--- Project 'TRAINAPP', Configuration 'GNU_ARM_DEBUG_T2', Compiler 'GNU ARM 4.3.4 (HWT1/T2)', Telium SDK 'v11.16.8.02' ---
deleting intermediate files...
done!
                                     *-*-*
--- Project 'TRAINAPP', Configuration 'GNU_ARM_DEBUG_T2', Compiler 'GNU ARM 4.3.4 (HWT1/T2)', Telium SDK 'v11.16.8.02' ---
deleting binary files...
done!
Project(s) to build:
- TRAINAPP

                                     *-*-*
--- Project 'TRAINAPP', Configuration 'GNU_ARM_DEBUG_T2', Compiler 'GNU ARM 4.3.4 (HWT1/T2)', Telium SDK 'v11.16.8.02' ---
deleting intermediate files...
done!
                                     *-*-*
--- Project 'TRAINAPP', Configuration 'GNU_ARM_DEBUG_T2', Compiler 'GNU ARM 4.3.4 (HWT1/T2)', Telium SDK 'v11.16.8.02' ---
deleting binary files...
done!
                                     *-*-*
--- Project 'TRAINAPP', Configuration 'GNU_ARM_DEBUG_T2', Compiler 'GNU ARM 4.3.4 (HWT1/T2)' ---
Build in progress...
'Src/Main.c' compilation in progress...
'Src/Entry.c' compilation in progress...
'Src/Menu.c' compilation in progress...
'Src/ComGPRS.c' compilation in progress...
'Src/Goal.c' compilation in progress...
'Src/Mapapp.c' compilation in progress...
'Src/FMG.c' compilation in progress...
'Src/Utility.c' compilation in progress...
'Src/Timer.c' compilation in progress...
'Obj/GNU_ARM_DEBUG_T2/TRAINAPP.axf' link in progress...
'Bin/GNU_ARM_DEBUG_T2/TRAINAPP.BIN' binary file generated.
done!
                                     *-*-*
--- Project 'TRAINAPP', Configuration 'GNU_ARM_DEBUG_T2', Compiler 'GNU ARM 4.3.4 (HWT1/T2)', Telium SDK 'v11.16.8.02' ---

Sign/Kit Signature in Progress  ...
'Telium 2' project binaries
Adding Scheme: ScCplutlTlv.sgn .
Adding Scheme: STLList_Tlv.sgn .
Adding Scheme: TlvAESCiph.sgn .
Adding Scheme: TlvCipherDa.sgn .
Adding Scheme: TlvDukpTDes.sgn .
Adding Scheme: TlvFirstKey.sgn .
Adding Scheme: TlvFree.sgn .
Adding Scheme: TlvHaMcS224.sgn .
Adding Scheme: TlvHMac.sgn .
Adding Scheme: TlvIso9564.sgn .
Adding Scheme: TlvKeyVerif.sgn .
Adding Scheme: TlvLoadData.sgn .
Adding Scheme: TlvLoadHMAC.sgn .
Adding Scheme: TlvLoadKey.sgn .
Adding Scheme: TlvLoadTR31.sgn .
Adding Scheme: TlvMacTDes.sgn .
Adding Scheme: TlvMAKeyGen.sgn .
'Bin/GNU_ARM_DEBUG_T2/TRAINAPP.AGN' Telium 2 application binary file generated
done!
                                     *-*-*
--- Project 'TRAINAPP', Configuration 'GNU_ARM_DEBUG_T2', Compiler 'GNU ARM 4.3.4 (HWT1/T2)', Telium SDK 'v11.16.8.02' ---
Telium 2 binary file information: CODE (base address=0x0, size=79642 bytes); DATA (base address=0x200000, size=6448 bytes).

Elapsed time: 3 s.
                                     *-*-*
--- Project 'TRAINAPP', Configuration 'GNU_ARM_DEBUG_TETRA', Compiler 'GNU ARM 4.7.3 (HWTetra)', Telium SDK 'v11.16.8.02' ---
deleting intermediate files...
done!
                                     *-*-*
--- Project 'TRAINAPP', Configuration 'GNU_ARM_DEBUG_TETRA', Compiler 'GNU ARM 4.7.3 (HWTetra)', Telium SDK 'v11.16.8.02' ---
deleting binary files...
done!
Project(s) to build:
- TRAINAPP

                                     *-*-*
--- Project 'TRAINAPP', Configuration 'GNU_ARM_DEBUG_TETRA', Compiler 'GNU ARM 4.7.3 (HWTetra)', Telium SDK 'v11.16.8.02' ---
deleting intermediate files...
done!
                                     *-*-*
--- Project 'TRAINAPP', Configuration 'GNU_ARM_DEBUG_TETRA', Compiler 'GNU ARM 4.7.3 (HWTetra)', Telium SDK 'v11.16.8.02' ---
deleting binary files...
done!
                                     *-*-*
--- Project 'TRAINAPP', Configuration 'GNU_ARM_DEBUG_TETRA', Compiler 'GNU ARM 4.7.3 (HWTetra)' ---
Build in progress...
Includes file list @option generation: 
'Finished building: Obj/GNU_ARM_DEBUG_TETRA/includesFiles.opt'

'Src/Main.c' compilation in progress...
'Src/Entry.c' compilation in progress...
'Src/Menu.c' compilation in progress...
'Src/ComGPRS.c' compilation in progress...
'Src/Goal.c' compilation in progress...
'Src/Mapapp.c' compilation in progress...
'Src/FMG.c' compilation in progress...
'Src/Utility.c' compilation in progress...
'Src/Timer.c' compilation in progress...

Linker file @option generation
'Finished building: Obj/GNU_ARM_DEBUG_TETRA/ldFile.opt'

'Obj/GNU_ARM_DEBUG_TETRA/TRAINAP0101.axf' link in progress...
'Finished building: Obj/GNU_ARM_DEBUG_TETRA/TRAINAP0101.axf'

'Invoking: GNUARM Print Size'
'Finished building: Obj/GNU_ARM_DEBUG_TETRA/TRAINAP0101.siz'

'Obj/GNU_ARM_DEBUG_TETRA/TRAINAP0101.lst' lst file generated.
duplicate bin file :  Bin/GNU_ARM_DEBUG_TETRA/TRAINAP0101.BIN to Obj/GNU_ARM_DEBUG_TETRA/TRAINAP0101.T3A
Stripping terminal binary file: 
'Bin/GNU_ARM_DEBUG_TETRA/TRAINAP0101.BIN' binary file generated.
done!
                                     *-*-*
--- Project 'TRAINAPP', Configuration 'GNU_ARM_DEBUG_TETRA', Compiler 'GNU ARM 4.7.3 (HWTetra)', Telium SDK 'v11.16.8.02' ---
'Telium Tetra' 'TRAINAP0101.T3A' file binaries generation in progress...
Scheme : 500006012100.S3S.mockup added.
Scheme : 500007012100.S3S.mockup added.
Scheme : 500008012100.S3S.mockup added.
Scheme : 500009012100.S3S.mockup added.
Scheme : 500010012100.S3S.mockup added.
Scheme : 500011012100.S3S.mockup added.
Scheme : 500012012100.S3S.mockup added.
Scheme : 500014012100.S3S.mockup added.
Scheme : 500015012100.S3S.mockup added.
Scheme : 500016012100.S3S.mockup added.
Scheme : 500018012100.S3S.mockup added.
Scheme : 500031010200.S3S.mockup added.
Scheme : 500032030200.S3S.mockup added.
Scheme : 500063012100.S3S.mockup added.
'Bin/GNU_ARM_DEBUG_TETRA/TRAINAP0101.T3A' Tetra file generated.
done!
                                     *-*-*
--- Project 'TRAINAPP', Configuration 'GNU_ARM_DEBUG_TETRA', Compiler 'GNU ARM 4.7.3 (HWTetra)', Telium SDK 'v11.16.8.02' ---
Packager in progress for file 'TRAINAP0101.T3A' ...


-----------------  SECURE HASHING COMPONNENTS BUILT-IN ------------------
********************************** TRAINAP0101.T3A **********************************
----  HASHING  COMPONENT
----  TARING  COMPONENT
----  HASHING PKGINFO
----  TARING PKGINFO
----  TAR PACKAGE
----  SIGNING: only generate .jsat file
a37bf6d3103def85741c1ef87b69e37281913f06b73566694e643563726bad6d22264e6cef0033a7759d16c19ff25e78238b949dc7d744492c162e6ad7e62f6a - pkg.hashes
820cfd162d727a4c443e78be64d14d004e64d41bf1fd93878cc437933f8a65caf6963d8d51e0d6153fb5fc1713374b0d8e2e1f781cb067bd7cebb7c4e19e86a2 - pkginfo.hashes
----------------------------  DONE  -----------------------------
                                     *-*-*
--- Project 'TRAINAPP', Configuration 'GNU_ARM_DEBUG_TETRA', Compiler 'GNU ARM 4.7.3 (HWTetra)', Telium SDK 'v11.16.8.02' ---

Sign/Kit Signature in Progress ...
For 'Telium Tetra' 'Bin/GNU_ARM_DEBUG_TETRA/8001100000_TRAINAPP.P3A.pkg' package file for mode 'PAYMENT'.
'E:/Program Files/Training_BASE_Test/TRAINAPP/Bin/GNU_ARM_DEBUG_TETRA/8001100000_TRAINAPP.P3A' Telium Tetra application file generated in PAYMENT mode.
done!
                                     *-*-*
--- Project 'TRAINAPP', Configuration 'GNU_ARM_DEBUG_TETRA', Compiler 'GNU ARM 4.7.3 (HWTetra)', Telium SDK 'v11.16.8.02' ---
Telium Tetra Platform binary file information:  CODE (size=78156 bytes); DATA  (size=6664 bytes).

Elapsed time: 7 s.
Project(s) to build:
- TRAINAPP

                                     *-*-*
--- Project 'TRAINAPP', Configuration 'GNU_ARM_DEBUG_TETRA', Compiler 'GNU ARM 4.7.3 (HWTetra)' ---
Build in progress...
done!
                                     *-*-*
--- Project 'TRAINAPP', Configuration 'GNU_ARM_DEBUG_TETRA', Compiler 'GNU ARM 4.7.3 (HWTetra)', Telium SDK 'v11.16.8.02' ---
'Telium Tetra' 'TRAINAP0101.T3A' file binaries generation in progress...
done!
                                     *-*-*
--- Project 'TRAINAPP', Configuration 'GNU_ARM_DEBUG_TETRA', Compiler 'GNU ARM 4.7.3 (HWTetra)', Telium SDK 'v11.16.8.02' ---
Packager in progress for file 'TRAINAP0101.T3A' ...


done!
                                     *-*-*
--- Project 'TRAINAPP', Configuration 'GNU_ARM_DEBUG_TETRA', Compiler 'GNU ARM 4.7.3 (HWTetra)', Telium SDK 'v11.16.8.02' ---

Sign/Kit Signature in Progress ...
For 'Telium Tetra' 'Bin/GNU_ARM_DEBUG_TETRA/8001100000_TRAINAPP.P3A.pkg' package file for mode 'PAYMENT'.
done!
                                     *-*-*
--- Project 'TRAINAPP', Configuration 'GNU_ARM_DEBUG_TETRA', Compiler 'GNU ARM 4.7.3 (HWTetra)', Telium SDK 'v11.16.8.02' ---
Telium Tetra Platform binary file information:  CODE (size=78156 bytes); DATA  (size=6664 bytes).

Elapsed time: 1 s.
Project(s) to build:
- TRAINAPP

                                     *-*-*
--- Project 'TRAINAPP', Configuration 'GNU_ARM_DEBUG_TETRA', Compiler 'GNU ARM 4.7.3 (HWTetra)' ---
Build in progress...
done!
                                     *-*-*
--- Project 'TRAINAPP', Configuration 'GNU_ARM_DEBUG_TETRA', Compiler 'GNU ARM 4.7.3 (HWTetra)', Telium SDK 'v11.16.8.02' ---
'Telium Tetra' 'TRAINAP0101.T3A' file binaries generation in progress...
done!
                                     *-*-*
--- Project 'TRAINAPP', Configuration 'GNU_ARM_DEBUG_TETRA', Compiler 'GNU ARM 4.7.3 (HWTetra)', Telium SDK 'v11.16.8.02' ---
Packager in progress for file 'TRAINAP0101.T3A' ...


done!
                                     *-*-*
--- Project 'TRAINAPP', Configuration 'GNU_ARM_DEBUG_TETRA', Compiler 'GNU ARM 4.7.3 (HWTetra)', Telium SDK 'v11.16.8.02' ---

Sign/Kit Signature in Progress ...
For 'Telium Tetra' 'Bin/GNU_ARM_DEBUG_TETRA/8001100000_TRAINAPP.P3A.pkg' package file for mode 'PAYMENT'.
done!
                                     *-*-*
--- Project 'TRAINAPP', Configuration 'GNU_ARM_DEBUG_TETRA', Compiler 'GNU ARM 4.7.3 (HWTetra)', Telium SDK 'v11.16.8.02' ---
Telium Tetra Platform binary file information:  CODE (size=78156 bytes); DATA  (size=6664 bytes).

Elapsed time: 0 s.
Project(s) to build:
- TRAINAPP

                                     *-*-*
--- Project 'TRAINAPP', Configuration 'GNU_ARM_DEBUG_T2', Compiler 'GNU ARM 4.3.4 (HWT1/T2)' ---
Build in progress...
done!
                                     *-*-*
--- Project 'TRAINAPP', Configuration 'GNU_ARM_DEBUG_T2', Compiler 'GNU ARM 4.3.4 (HWT1/T2)', Telium SDK 'v11.16.8.02' ---

Sign/Kit Signature in Progress  ...
'Telium 2' project binaries
done!
                                     *-*-*
--- Project 'TRAINAPP', Configuration 'GNU_ARM_DEBUG_T2', Compiler 'GNU ARM 4.3.4 (HWT1/T2)', Telium SDK 'v11.16.8.02' ---
Telium 2 binary file information: CODE (base address=0x0, size=79642 bytes); DATA (base address=0x200000, size=6448 bytes).

Elapsed time: 0 s.
Project(s) to build:
- TRAINAPP

                                     *-*-*
--- Project 'TRAINAPP', Configuration 'GNU_ARM_DEBUG_TETRA', Compiler 'GNU ARM 4.7.3 (HWTetra)' ---
Build in progress...
Includes file list @option generation: 
'Finished building: Obj/GNU_ARM_DEBUG_TETRA/includesFiles.opt'

'Src/Main.c' compilation in progress...
'Src/Entry.c' compilation in progress...
'Src/Menu.c' compilation in progress...
'Src/ComGPRS.c' compilation in progress...
'Src/Goal.c' compilation in progress...
'Src/Mapapp.c' compilation in progress...
'Src/FMG.c' compilation in progress...
'Src/Utility.c' compilation in progress...
'Src/Timer.c' compilation in progress...

Linker file @option generation
'Finished building: Obj/GNU_ARM_DEBUG_TETRA/ldFile.opt'

'Obj/GNU_ARM_DEBUG_TETRA/TRAINAP0101.axf' link in progress...
'Finished building: Obj/GNU_ARM_DEBUG_TETRA/TRAINAP0101.axf'

'Invoking: GNUARM Print Size'
'Finished building: Obj/GNU_ARM_DEBUG_TETRA/TRAINAP0101.siz'

'Obj/GNU_ARM_DEBUG_TETRA/TRAINAP0101.lst' lst file generated.
duplicate bin file :  Bin/GNU_ARM_DEBUG_TETRA/TRAINAP0101.BIN to Obj/GNU_ARM_DEBUG_TETRA/TRAINAP0101.T3A
Stripping terminal binary file: 
'Bin/GNU_ARM_DEBUG_TETRA/TRAINAP0101.BIN' binary file generated.
done!
                                     *-*-*
--- Project 'TRAINAPP', Configuration 'GNU_ARM_DEBUG_TETRA', Compiler 'GNU ARM 4.7.3 (HWTetra)', Telium SDK 'v11.16.8.02' ---
'Telium Tetra' 'TRAINAP0101.T3A' file binaries generation in progress...
Scheme : 500006012100.S3S.mockup added.
Scheme : 500007012100.S3S.mockup added.
Scheme : 500008012100.S3S.mockup added.
Scheme : 500009012100.S3S.mockup added.
Scheme : 500010012100.S3S.mockup added.
Scheme : 500011012100.S3S.mockup added.
Scheme : 500012012100.S3S.mockup added.
Scheme : 500014012100.S3S.mockup added.
Scheme : 500015012100.S3S.mockup added.
Scheme : 500016012100.S3S.mockup added.
Scheme : 500018012100.S3S.mockup added.
Scheme : 500031010200.S3S.mockup added.
Scheme : 500032030200.S3S.mockup added.
Scheme : 500063012100.S3S.mockup added.
'Bin/GNU_ARM_DEBUG_TETRA/TRAINAP0101.T3A' Tetra file generated.
done!
                                     *-*-*
--- Project 'TRAINAPP', Configuration 'GNU_ARM_DEBUG_TETRA', Compiler 'GNU ARM 4.7.3 (HWTetra)', Telium SDK 'v11.16.8.02' ---
Packager in progress for file 'TRAINAP0101.T3A' ...


-----------------  SECURE HASHING COMPONNENTS BUILT-IN ------------------
********************************** TRAINAP0101.T3A **********************************
----  HASHING  COMPONENT
----  TARING  COMPONENT
----  HASHING PKGINFO
----  TARING PKGINFO
----  TAR PACKAGE
----  SIGNING: only generate .jsat file
3d11f3b2186d25e8e2fa698bef34c73bf7716ab85e1b66565033e9b0a554fb4402d706e8ef5acce5f94cd29d6cdf3e7035618717fb6b7bec09cbde1193ffbd07 - pkg.hashes
820cfd162d727a4c443e78be64d14d004e64d41bf1fd93878cc437933f8a65caf6963d8d51e0d6153fb5fc1713374b0d8e2e1f781cb067bd7cebb7c4e19e86a2 - pkginfo.hashes
----------------------------  DONE  -----------------------------
                                     *-*-*
--- Project 'TRAINAPP', Configuration 'GNU_ARM_DEBUG_TETRA', Compiler 'GNU ARM 4.7.3 (HWTetra)', Telium SDK 'v11.16.8.02' ---

Sign/Kit Signature in Progress ...
For 'Telium Tetra' 'Bin/GNU_ARM_DEBUG_TETRA/8001100000_TRAINAPP.P3A.pkg' package file for mode 'PAYMENT'.
'C:/Users/bkariri/Documents/projects/POS_STUFF/trainapp2/TRAINAPP/Bin/GNU_ARM_DEBUG_TETRA/8001100000_TRAINAPP.P3A' Telium Tetra application file generated in PAYMENT mode.
done!
                                     *-*-*
--- Project 'TRAINAPP', Configuration 'GNU_ARM_DEBUG_TETRA', Compiler 'GNU ARM 4.7.3 (HWTetra)', Telium SDK 'v11.16.8.02' ---
Telium Tetra Platform binary file information:  CODE (size=78156 bytes); DATA  (size=6664 bytes).

Elapsed time: 56 s.
                                     *-*-*
--- Project 'TRAINAPP', Configuration 'GNU_ARM_DEBUG_T2', Compiler 'GNU ARM 4.3.4 (HWT1/T2)', Telium SDK 'v11.16.8.02' ---
deleting intermediate files...
done!
                                     *-*-*
--- Project 'TRAINAPP', Configuration 'GNU_ARM_DEBUG_T2', Compiler 'GNU ARM 4.3.4 (HWT1/T2)', Telium SDK 'v11.16.8.02' ---
deleting binary files...
done!
Project(s) to build:
- TRAINAPP

                                     *-*-*
--- Project 'TRAINAPP', Configuration 'GNU_ARM_DEBUG_T2', Compiler 'GNU ARM 4.3.4 (HWT1/T2)', Telium SDK 'v11.16.8.02' ---
deleting intermediate files...
done!
                                     *-*-*
--- Project 'TRAINAPP', Configuration 'GNU_ARM_DEBUG_T2', Compiler 'GNU ARM 4.3.4 (HWT1/T2)', Telium SDK 'v11.16.8.02' ---
deleting binary files...
done!
                                     *-*-*
--- Project 'TRAINAPP', Configuration 'GNU_ARM_DEBUG_T2', Compiler 'GNU ARM 4.3.4 (HWT1/T2)' ---
Build in progress...
'Src/Main.c' compilation in progress...
'Src/Entry.c' compilation in progress...
'Src/Menu.c' compilation in progress...
'Src/ComGPRS.c' compilation in progress...
'Src/Goal.c' compilation in progress...
'Src/Mapapp.c' compilation in progress...
'Src/FMG.c' compilation in progress...
'Src/Utility.c' compilation in progress...
'Src/Timer.c' compilation in progress...
'Obj/GNU_ARM_DEBUG_T2/TRAINAPP.axf' link in progress...
'Bin/GNU_ARM_DEBUG_T2/TRAINAPP.BIN' binary file generated.
done!
                                     *-*-*
--- Project 'TRAINAPP', Configuration 'GNU_ARM_DEBUG_T2', Compiler 'GNU ARM 4.3.4 (HWT1/T2)', Telium SDK 'v11.16.8.02' ---

Sign/Kit Signature in Progress  ...
'Telium 2' project binaries
Adding Scheme: ScCplutlTlv.sgn .
Adding Scheme: STLList_Tlv.sgn .
Adding Scheme: TlvAESCiph.sgn .
Adding Scheme: TlvCipherDa.sgn .
Adding Scheme: TlvDukpTDes.sgn .
Adding Scheme: TlvFirstKey.sgn .
Adding Scheme: TlvFree.sgn .
Adding Scheme: TlvHaMcS224.sgn .
Adding Scheme: TlvHMac.sgn .
Adding Scheme: TlvIso9564.sgn .
Adding Scheme: TlvKeyVerif.sgn .
Adding Scheme: TlvLoadData.sgn .
Adding Scheme: TlvLoadHMAC.sgn .
Adding Scheme: TlvLoadKey.sgn .
Adding Scheme: TlvLoadTR31.sgn .
Adding Scheme: TlvMacTDes.sgn .
Adding Scheme: TlvMAKeyGen.sgn .
'Bin/GNU_ARM_DEBUG_T2/TRAINAPP.AGN' Telium 2 application binary file generated
done!
                                     *-*-*
--- Project 'TRAINAPP', Configuration 'GNU_ARM_DEBUG_T2', Compiler 'GNU ARM 4.3.4 (HWT1/T2)', Telium SDK 'v11.16.8.02' ---
Telium 2 binary file information: CODE (base address=0x0, size=79642 bytes); DATA (base address=0x200000, size=6448 bytes).

Elapsed time: 8 s.
Project(s) to build:
- TRAINAPP

                                     *-*-*
--- Project 'TRAINAPP', Configuration 'GNU_ARM_DEBUG_TETRA', Compiler 'GNU ARM 4.7.3 (HWTetra)' ---
Build in progress...
done!
                                     *-*-*
--- Project 'TRAINAPP', Configuration 'GNU_ARM_DEBUG_TETRA', Compiler 'GNU ARM 4.7.3 (HWTetra)', Telium SDK 'v11.16.8.02' ---
'Telium Tetra' 'TRAINAP0101.T3A' file binaries generation in progress...
done!
                                     *-*-*
--- Project 'TRAINAPP', Configuration 'GNU_ARM_DEBUG_TETRA', Compiler 'GNU ARM 4.7.3 (HWTetra)', Telium SDK 'v11.16.8.02' ---
Packager in progress for file 'TRAINAP0101.T3A' ...


done!
                                     *-*-*
--- Project 'TRAINAPP', Configuration 'GNU_ARM_DEBUG_TETRA', Compiler 'GNU ARM 4.7.3 (HWTetra)', Telium SDK 'v11.16.8.02' ---

Sign/Kit Signature in Progress ...
For 'Telium Tetra' 'Bin/GNU_ARM_DEBUG_TETRA/8001100000_TRAINAPP.P3A.pkg' package file for mode 'PAYMENT'.
done!
                                     *-*-*
--- Project 'TRAINAPP', Configuration 'GNU_ARM_DEBUG_TETRA', Compiler 'GNU ARM 4.7.3 (HWTetra)', Telium SDK 'v11.16.8.02' ---
Telium Tetra Platform binary file information:  CODE (size=78156 bytes); DATA  (size=6664 bytes).

Elapsed time: 0 s.
                                     *-*-*
--- Project 'TRAINAPP', Configuration 'GNU_ARM_DEBUG_TETRA', Compiler 'GNU ARM 4.7.3 (HWTetra)', Telium SDK 'v11.16.8.02' ---
deleting intermediate files...
done!
                                     *-*-*
--- Project 'TRAINAPP', Configuration 'GNU_ARM_DEBUG_TETRA', Compiler 'GNU ARM 4.7.3 (HWTetra)', Telium SDK 'v11.16.8.02' ---
deleting binary files...
done!
Project(s) to build:
- TRAINAPP

                                     *-*-*
--- Project 'TRAINAPP', Configuration 'GNU_ARM_DEBUG_TETRA', Compiler 'GNU ARM 4.7.3 (HWTetra)', Telium SDK 'v11.16.8.02' ---
deleting intermediate files...
done!
                                     *-*-*
--- Project 'TRAINAPP', Configuration 'GNU_ARM_DEBUG_TETRA', Compiler 'GNU ARM 4.7.3 (HWTetra)', Telium SDK 'v11.16.8.02' ---
deleting binary files...
done!
                                     *-*-*
--- Project 'TRAINAPP', Configuration 'GNU_ARM_DEBUG_TETRA', Compiler 'GNU ARM 4.7.3 (HWTetra)' ---
Build in progress...
Includes file list @option generation: 
'Finished building: Obj/GNU_ARM_DEBUG_TETRA/includesFiles.opt'

'Src/Main.c' compilation in progress...
'Src/Entry.c' compilation in progress...
'Src/Menu.c' compilation in progress...
'Src/ComGPRS.c' compilation in progress...
'Src/Goal.c' compilation in progress...
'Src/Mapapp.c' compilation in progress...
'Src/FMG.c' compilation in progress...
'Src/Utility.c' compilation in progress...
'Src/Timer.c' compilation in progress...

Linker file @option generation
'Finished building: Obj/GNU_ARM_DEBUG_TETRA/ldFile.opt'

'Obj/GNU_ARM_DEBUG_TETRA/TRAINAP0101.axf' link in progress...
'Finished building: Obj/GNU_ARM_DEBUG_TETRA/TRAINAP0101.axf'

'Invoking: GNUARM Print Size'
'Finished building: Obj/GNU_ARM_DEBUG_TETRA/TRAINAP0101.siz'

'Obj/GNU_ARM_DEBUG_TETRA/TRAINAP0101.lst' lst file generated.
duplicate bin file :  Bin/GNU_ARM_DEBUG_TETRA/TRAINAP0101.BIN to Obj/GNU_ARM_DEBUG_TETRA/TRAINAP0101.T3A
Stripping terminal binary file: 
'Bin/GNU_ARM_DEBUG_TETRA/TRAINAP0101.BIN' binary file generated.
done!
                                     *-*-*
--- Project 'TRAINAPP', Configuration 'GNU_ARM_DEBUG_TETRA', Compiler 'GNU ARM 4.7.3 (HWTetra)', Telium SDK 'v11.16.8.02' ---
'Telium Tetra' 'TRAINAP0101.T3A' file binaries generation in progress...
Scheme : 500006012100.S3S.mockup added.
Scheme : 500007012100.S3S.mockup added.
Scheme : 500008012100.S3S.mockup added.
Scheme : 500009012100.S3S.mockup added.
Scheme : 500010012100.S3S.mockup added.
Scheme : 500011012100.S3S.mockup added.
Scheme : 500012012100.S3S.mockup added.
Scheme : 500014012100.S3S.mockup added.
Scheme : 500015012100.S3S.mockup added.
Scheme : 500016012100.S3S.mockup added.
Scheme : 500018012100.S3S.mockup added.
Scheme : 500031010200.S3S.mockup added.
Scheme : 500032030200.S3S.mockup added.
Scheme : 500063012100.S3S.mockup added.
'Bin/GNU_ARM_DEBUG_TETRA/TRAINAP0101.T3A' Tetra file generated.
done!
                                     *-*-*
--- Project 'TRAINAPP', Configuration 'GNU_ARM_DEBUG_TETRA', Compiler 'GNU ARM 4.7.3 (HWTetra)', Telium SDK 'v11.16.8.02' ---
Packager in progress for file 'TRAINAP0101.T3A' ...


-----------------  SECURE HASHING COMPONNENTS BUILT-IN ------------------
********************************** TRAINAP0101.T3A **********************************
----  HASHING  COMPONENT
----  TARING  COMPONENT
----  HASHING PKGINFO
----  TARING PKGINFO
----  TAR PACKAGE
----  SIGNING: only generate .jsat file
5db6d326ed15edfa679fd83d469f040d76d84e114015e895b2cdfcdf152b4e67105937b1f6761fa5a5abb25e46d3552ffdc327ee71434222d0483ce1928beb96 - pkg.hashes
820cfd162d727a4c443e78be64d14d004e64d41bf1fd93878cc437933f8a65caf6963d8d51e0d6153fb5fc1713374b0d8e2e1f781cb067bd7cebb7c4e19e86a2 - pkginfo.hashes
----------------------------  DONE  -----------------------------
                                     *-*-*
--- Project 'TRAINAPP', Configuration 'GNU_ARM_DEBUG_TETRA', Compiler 'GNU ARM 4.7.3 (HWTetra)', Telium SDK 'v11.16.8.02' ---

Sign/Kit Signature in Progress ...
For 'Telium Tetra' 'Bin/GNU_ARM_DEBUG_TETRA/8001100000_TRAINAPP.P3A.pkg' package file for mode 'PAYMENT'.
'C:/Users/bkariri/Documents/projects/POS_STUFF/trainapp2/TRAINAPP/Bin/GNU_ARM_DEBUG_TETRA/8001100000_TRAINAPP.P3A' Telium Tetra application file generated in PAYMENT mode.
done!
                                     *-*-*
--- Project 'TRAINAPP', Configuration 'GNU_ARM_DEBUG_TETRA', Compiler 'GNU ARM 4.7.3 (HWTetra)', Telium SDK 'v11.16.8.02' ---
Telium Tetra Platform binary file information:  CODE (size=78156 bytes); DATA  (size=6664 bytes).

Elapsed time: 40 s.
                                     *-*-*
--- Project 'TRAINAPP', Configuration 'GNU_ARM_DEBUG_TETRA', Compiler 'GNU ARM 4.7.3 (HWTetra)', Telium SDK 'v11.16.8.02' ---
deleting intermediate files...
done!
                                     *-*-*
--- Project 'TRAINAPP', Configuration 'GNU_ARM_DEBUG_TETRA', Compiler 'GNU ARM 4.7.3 (HWTetra)', Telium SDK 'v11.16.8.02' ---
deleting binary files...
done!
Project(s) to build:
- TRAINAPP

                                     *-*-*
--- Project 'TRAINAPP', Configuration 'GNU_ARM_DEBUG_TETRA', Compiler 'GNU ARM 4.7.3 (HWTetra)', Telium SDK 'v11.16.8.02' ---
deleting intermediate files...
done!
                                     *-*-*
--- Project 'TRAINAPP', Configuration 'GNU_ARM_DEBUG_TETRA', Compiler 'GNU ARM 4.7.3 (HWTetra)', Telium SDK 'v11.16.8.02' ---
deleting binary files...
done!
                                     *-*-*
--- Project 'TRAINAPP', Configuration 'GNU_ARM_DEBUG_TETRA', Compiler 'GNU ARM 4.7.3 (HWTetra)' ---
Build in progress...
Includes file list @option generation: 
'Finished building: Obj/GNU_ARM_DEBUG_TETRA/includesFiles.opt'

'Src/Main.c' compilation in progress...
'Src/Entry.c' compilation in progress...
'Src/Menu.c' compilation in progress...
'Src/ComGPRS.c' compilation in progress...
'Src/Goal.c' compilation in progress...
'Src/Mapapp.c' compilation in progress...
'Src/FMG.c' compilation in progress...
'Src/Utility.c' compilation in progress...
'Src/Timer.c' compilation in progress...

Linker file @option generation
'Finished building: Obj/GNU_ARM_DEBUG_TETRA/ldFile.opt'

'Obj/GNU_ARM_DEBUG_TETRA/TRAINAP0101.axf' link in progress...
'Finished building: Obj/GNU_ARM_DEBUG_TETRA/TRAINAP0101.axf'

'Invoking: GNUARM Print Size'
'Finished building: Obj/GNU_ARM_DEBUG_TETRA/TRAINAP0101.siz'

'Obj/GNU_ARM_DEBUG_TETRA/TRAINAP0101.lst' lst file generated.
duplicate bin file :  Bin/GNU_ARM_DEBUG_TETRA/TRAINAP0101.BIN to Obj/GNU_ARM_DEBUG_TETRA/TRAINAP0101.T3A
Stripping terminal binary file: 
'Bin/GNU_ARM_DEBUG_TETRA/TRAINAP0101.BIN' binary file generated.
done!
                                     *-*-*
--- Project 'TRAINAPP', Configuration 'GNU_ARM_DEBUG_TETRA', Compiler 'GNU ARM 4.7.3 (HWTetra)', Telium SDK 'v11.16.8.02' ---
'Telium Tetra' 'TRAINAP0101.T3A' file binaries generation in progress...
Scheme : 500006012100.S3S.mockup added.
Scheme : 500007012100.S3S.mockup added.
Scheme : 500008012100.S3S.mockup added.
Scheme : 500009012100.S3S.mockup added.
Scheme : 500010012100.S3S.mockup added.
Scheme : 500011012100.S3S.mockup added.
Scheme : 500012012100.S3S.mockup added.
Scheme : 500014012100.S3S.mockup added.
Scheme : 500015012100.S3S.mockup added.
Scheme : 500016012100.S3S.mockup added.
Scheme : 500018012100.S3S.mockup added.
Scheme : 500031010200.S3S.mockup added.
Scheme : 500032030200.S3S.mockup added.
Scheme : 500063012100.S3S.mockup added.
'Bin/GNU_ARM_DEBUG_TETRA/TRAINAP0101.T3A' Tetra file generated.
done!
                                     *-*-*
--- Project 'TRAINAPP', Configuration 'GNU_ARM_DEBUG_TETRA', Compiler 'GNU ARM 4.7.3 (HWTetra)', Telium SDK 'v11.16.8.02' ---
Packager in progress for file 'TRAINAP0101.T3A' ...


-----------------  SECURE HASHING COMPONNENTS BUILT-IN ------------------
********************************** TRAINAP0101.T3A **********************************
----  HASHING  COMPONENT
----  TARING  COMPONENT
----  HASHING PKGINFO
----  TARING PKGINFO
----  TAR PACKAGE
----  SIGNING: only generate .jsat file
11dc6b70b514055f52be2e4f0dd6c05e2b9a284e88b594b5fa025f3c5a89ff3cb89c19461b5b8936d34f9cbea5760bf71373264857bafa4897dd87662b33471b - pkg.hashes
820cfd162d727a4c443e78be64d14d004e64d41bf1fd93878cc437933f8a65caf6963d8d51e0d6153fb5fc1713374b0d8e2e1f781cb067bd7cebb7c4e19e86a2 - pkginfo.hashes
----------------------------  DONE  -----------------------------
                                     *-*-*
--- Project 'TRAINAPP', Configuration 'GNU_ARM_DEBUG_TETRA', Compiler 'GNU ARM 4.7.3 (HWTetra)', Telium SDK 'v11.16.8.02' ---

Sign/Kit Signature in Progress ...
For 'Telium Tetra' 'Bin/GNU_ARM_DEBUG_TETRA/8001100000_TRAINAPP.P3A.pkg' package file for mode 'PAYMENT'.
'C:/Users/bkariri/Documents/projects/POS_STUFF/trainapp2/TRAINAPP/Bin/GNU_ARM_DEBUG_TETRA/8001100000_TRAINAPP.P3A' Telium Tetra application file generated in PAYMENT mode.
done!
                                     *-*-*
--- Project 'TRAINAPP', Configuration 'GNU_ARM_DEBUG_TETRA', Compiler 'GNU ARM 4.7.3 (HWTetra)', Telium SDK 'v11.16.8.02' ---
Telium Tetra Platform binary file information:  CODE (size=78156 bytes); DATA  (size=6664 bytes).

Elapsed time: 40 s.
Project(s) to build:
- TRAINAPP

                                     *-*-*
--- Project 'TRAINAPP', Configuration 'GNU_ARM_DEBUG_TETRA', Compiler 'GNU ARM 4.7.3 (HWTetra)' ---
Build in progress...
done!
                                     *-*-*
--- Project 'TRAINAPP', Configuration 'GNU_ARM_DEBUG_TETRA', Compiler 'GNU ARM 4.7.3 (HWTetra)', Telium SDK 'v11.16.8.02' ---
'Telium Tetra' 'TRAINAP0101.T3A' file binaries generation in progress...
done!
                                     *-*-*
--- Project 'TRAINAPP', Configuration 'GNU_ARM_DEBUG_TETRA', Compiler 'GNU ARM 4.7.3 (HWTetra)', Telium SDK 'v11.16.8.02' ---
Packager in progress for file 'TRAINAP0101.T3A' ...


done!
                                     *-*-*
--- Project 'TRAINAPP', Configuration 'GNU_ARM_DEBUG_TETRA', Compiler 'GNU ARM 4.7.3 (HWTetra)', Telium SDK 'v11.16.8.02' ---

Sign/Kit Signature in Progress ...
For 'Telium Tetra' 'Bin/GNU_ARM_DEBUG_TETRA/8001100000_TRAINAPP.P3A.pkg' package file for mode 'PAYMENT'.
done!
                                     *-*-*
--- Project 'TRAINAPP', Configuration 'GNU_ARM_DEBUG_TETRA', Compiler 'GNU ARM 4.7.3 (HWTetra)', Telium SDK 'v11.16.8.02' ---
Telium Tetra Platform binary file information:  CODE (size=78156 bytes); DATA  (size=6664 bytes).

Elapsed time: 0 s.
Project(s) to build:
- TRAINAPP

                                     *-*-*
--- Project 'TRAINAPP', Configuration 'GNU_ARM_DEBUG_TETRA', Compiler 'GNU ARM 4.7.3 (HWTetra)' ---
Build in progress...
'Src/ComGPRS.c' compilation in progress...
Src/ComGPRS.c: In function 'StopGPRS':
Src/ComGPRS.c:735:2: warning: 'iRet' is used uninitialized in this function [-Wuninitialized]

Linker file @option generation
'Finished building: Obj/GNU_ARM_DEBUG_TETRA/ldFile.opt'

'Obj/GNU_ARM_DEBUG_TETRA/TRAINAP0101.axf' link in progress...
'Finished building: Obj/GNU_ARM_DEBUG_TETRA/TRAINAP0101.axf'

'Invoking: GNUARM Print Size'
'Finished building: Obj/GNU_ARM_DEBUG_TETRA/TRAINAP0101.siz'

'Obj/GNU_ARM_DEBUG_TETRA/TRAINAP0101.lst' lst file generated.
duplicate bin file :  Bin/GNU_ARM_DEBUG_TETRA/TRAINAP0101.BIN to Obj/GNU_ARM_DEBUG_TETRA/TRAINAP0101.T3A
Stripping terminal binary file: 
'Bin/GNU_ARM_DEBUG_TETRA/TRAINAP0101.BIN' binary file generated.
done!
                                     *-*-*
--- Project 'TRAINAPP', Configuration 'GNU_ARM_DEBUG_TETRA', Compiler 'GNU ARM 4.7.3 (HWTetra)', Telium SDK 'v11.16.8.02' ---
'Telium Tetra' 'TRAINAP0101.T3A' file binaries generation in progress...
Scheme : 500006012100.S3S.mockup added.
Scheme : 500007012100.S3S.mockup added.
Scheme : 500008012100.S3S.mockup added.
Scheme : 500009012100.S3S.mockup added.
Scheme : 500010012100.S3S.mockup added.
Scheme : 500011012100.S3S.mockup added.
Scheme : 500012012100.S3S.mockup added.
Scheme : 500014012100.S3S.mockup added.
Scheme : 500015012100.S3S.mockup added.
Scheme : 500016012100.S3S.mockup added.
Scheme : 500018012100.S3S.mockup added.
Scheme : 500031010200.S3S.mockup added.
Scheme : 500032030200.S3S.mockup added.
Scheme : 500063012100.S3S.mockup added.
'Bin/GNU_ARM_DEBUG_TETRA/TRAINAP0101.T3A' Tetra file generated.
done!
                                     *-*-*
--- Project 'TRAINAPP', Configuration 'GNU_ARM_DEBUG_TETRA', Compiler 'GNU ARM 4.7.3 (HWTetra)', Telium SDK 'v11.16.8.02' ---
Packager in progress for file 'TRAINAP0101.T3A' ...


-----------------  SECURE HASHING COMPONNENTS BUILT-IN ------------------
********************************** TRAINAP0101.T3A **********************************
----  HASHING  COMPONENT
----  TARING  COMPONENT
----  HASHING PKGINFO
----  TARING PKGINFO
----  TAR PACKAGE
----  SIGNING: only generate .jsat file
7c0090e3bd49e6e8763cab67734d2957cac2e92fcf9694ec6e31eb13ef9b3eebe9effde0e9aa471e2f1250afc826602a922007d8190df02f46be5d7c19df5983 - pkg.hashes
820cfd162d727a4c443e78be64d14d004e64d41bf1fd93878cc437933f8a65caf6963d8d51e0d6153fb5fc1713374b0d8e2e1f781cb067bd7cebb7c4e19e86a2 - pkginfo.hashes
----------------------------  DONE  -----------------------------
                                     *-*-*
--- Project 'TRAINAPP', Configuration 'GNU_ARM_DEBUG_TETRA', Compiler 'GNU ARM 4.7.3 (HWTetra)', Telium SDK 'v11.16.8.02' ---

Sign/Kit Signature in Progress ...
For 'Telium Tetra' 'Bin/GNU_ARM_DEBUG_TETRA/8001100000_TRAINAPP.P3A.pkg' package file for mode 'PAYMENT'.
'C:/Users/bkariri/Documents/projects/POS_STUFF/trainapp2/TRAINAPP/Bin/GNU_ARM_DEBUG_TETRA/8001100000_TRAINAPP.P3A' Telium Tetra application file generated in PAYMENT mode.
done!
                                     *-*-*
--- Project 'TRAINAPP', Configuration 'GNU_ARM_DEBUG_TETRA', Compiler 'GNU ARM 4.7.3 (HWTetra)', Telium SDK 'v11.16.8.02' ---
Telium Tetra Platform binary file information:  CODE (size=78100 bytes); DATA  (size=6648 bytes).

Elapsed time: 36 s.
Project(s) to build:
- TRAINAPP

                                     *-*-*
--- Project 'TRAINAPP', Configuration 'GNU_ARM_DEBUG_TETRA', Compiler 'GNU ARM 4.7.3 (HWTetra)' ---
Build in progress...
done!
                                     *-*-*
--- Project 'TRAINAPP', Configuration 'GNU_ARM_DEBUG_TETRA', Compiler 'GNU ARM 4.7.3 (HWTetra)', Telium SDK 'v11.16.8.02' ---
'Telium Tetra' 'TRAINAP0101.T3A' file binaries generation in progress...
done!
                                     *-*-*
--- Project 'TRAINAPP', Configuration 'GNU_ARM_DEBUG_TETRA', Compiler 'GNU ARM 4.7.3 (HWTetra)', Telium SDK 'v11.16.8.02' ---
Packager in progress for file 'TRAINAP0101.T3A' ...


done!
                                     *-*-*
--- Project 'TRAINAPP', Configuration 'GNU_ARM_DEBUG_TETRA', Compiler 'GNU ARM 4.7.3 (HWTetra)', Telium SDK 'v11.16.8.02' ---

Sign/Kit Signature in Progress ...
For 'Telium Tetra' 'Bin/GNU_ARM_DEBUG_TETRA/8001100000_TRAINAPP.P3A.pkg' package file for mode 'PAYMENT'.
done!
                                     *-*-*
--- Project 'TRAINAPP', Configuration 'GNU_ARM_DEBUG_TETRA', Compiler 'GNU ARM 4.7.3 (HWTetra)', Telium SDK 'v11.16.8.02' ---
Telium Tetra Platform binary file information:  CODE (size=78100 bytes); DATA  (size=6648 bytes).

Elapsed time: 0 s.
Project(s) to build:
- TRAINAPP

                                     *-*-*
--- Project 'TRAINAPP', Configuration 'GNU_ARM_DEBUG_TETRA', Compiler 'GNU ARM 4.7.3 (HWTetra)' ---
Build in progress...
done!
                                     *-*-*
--- Project 'TRAINAPP', Configuration 'GNU_ARM_DEBUG_TETRA', Compiler 'GNU ARM 4.7.3 (HWTetra)', Telium SDK 'v11.16.8.02' ---
'Telium Tetra' 'TRAINAP0101.T3A' file binaries generation in progress...
done!
                                     *-*-*
--- Project 'TRAINAPP', Configuration 'GNU_ARM_DEBUG_TETRA', Compiler 'GNU ARM 4.7.3 (HWTetra)', Telium SDK 'v11.16.8.02' ---
Packager in progress for file 'TRAINAP0101.T3A' ...


done!
                                     *-*-*
--- Project 'TRAINAPP', Configuration 'GNU_ARM_DEBUG_TETRA', Compiler 'GNU ARM 4.7.3 (HWTetra)', Telium SDK 'v11.16.8.02' ---

Sign/Kit Signature in Progress ...
For 'Telium Tetra' 'Bin/GNU_ARM_DEBUG_TETRA/8001100000_TRAINAPP.P3A.pkg' package file for mode 'PAYMENT'.
done!
                                     *-*-*
--- Project 'TRAINAPP', Configuration 'GNU_ARM_DEBUG_TETRA', Compiler 'GNU ARM 4.7.3 (HWTetra)', Telium SDK 'v11.16.8.02' ---
Telium Tetra Platform binary file information:  CODE (size=78100 bytes); DATA  (size=6648 bytes).

Elapsed time: 0 s.
Project(s) to build:
- TRAINAPP

                                     *-*-*
--- Project 'TRAINAPP', Configuration 'GNU_ARM_DEBUG_TETRA', Compiler 'GNU ARM 4.7.3 (HWTetra)' ---
Build in progress...
done!
                                     *-*-*
--- Project 'TRAINAPP', Configuration 'GNU_ARM_DEBUG_TETRA', Compiler 'GNU ARM 4.7.3 (HWTetra)', Telium SDK 'v11.16.8.02' ---
'Telium Tetra' 'TRAINAP0101.T3A' file binaries generation in progress...
done!
                                     *-*-*
--- Project 'TRAINAPP', Configuration 'GNU_ARM_DEBUG_TETRA', Compiler 'GNU ARM 4.7.3 (HWTetra)', Telium SDK 'v11.16.8.02' ---
Packager in progress for file 'TRAINAP0101.T3A' ...


done!
                                     *-*-*
--- Project 'TRAINAPP', Configuration 'GNU_ARM_DEBUG_TETRA', Compiler 'GNU ARM 4.7.3 (HWTetra)', Telium SDK 'v11.16.8.02' ---

Sign/Kit Signature in Progress ...
For 'Telium Tetra' 'Bin/GNU_ARM_DEBUG_TETRA/8001100000_TRAINAPP.P3A.pkg' package file for mode 'PAYMENT'.
done!
                                     *-*-*
--- Project 'TRAINAPP', Configuration 'GNU_ARM_DEBUG_TETRA', Compiler 'GNU ARM 4.7.3 (HWTetra)', Telium SDK 'v11.16.8.02' ---
Telium Tetra Platform binary file information:  CODE (size=78100 bytes); DATA  (size=6648 bytes).

Elapsed time: 0 s.
Project(s) to build:
- TRAINAPP

                                     *-*-*
--- Project 'TRAINAPP', Configuration 'GNU_ARM_DEBUG_TETRA', Compiler 'GNU ARM 4.7.3 (HWTetra)' ---
Build in progress...
done!
                                     *-*-*
--- Project 'TRAINAPP', Configuration 'GNU_ARM_DEBUG_TETRA', Compiler 'GNU ARM 4.7.3 (HWTetra)', Telium SDK 'v11.16.8.02' ---
'Telium Tetra' 'TRAINAP0101.T3A' file binaries generation in progress...
done!
                                     *-*-*
--- Project 'TRAINAPP', Configuration 'GNU_ARM_DEBUG_TETRA', Compiler 'GNU ARM 4.7.3 (HWTetra)', Telium SDK 'v11.16.8.02' ---
Packager in progress for file 'TRAINAP0101.T3A' ...


done!
                                     *-*-*
--- Project 'TRAINAPP', Configuration 'GNU_ARM_DEBUG_TETRA', Compiler 'GNU ARM 4.7.3 (HWTetra)', Telium SDK 'v11.16.8.02' ---

Sign/Kit Signature in Progress ...
For 'Telium Tetra' 'Bin/GNU_ARM_DEBUG_TETRA/8001100000_TRAINAPP.P3A.pkg' package file for mode 'PAYMENT'.
done!
                                     *-*-*
--- Project 'TRAINAPP', Configuration 'GNU_ARM_DEBUG_TETRA', Compiler 'GNU ARM 4.7.3 (HWTetra)', Telium SDK 'v11.16.8.02' ---
Telium Tetra Platform binary file information:  CODE (size=78100 bytes); DATA  (size=6648 bytes).

Elapsed time: 0 s.
                                     *-*-*
--- Project 'TRAINAPP', Configuration 'GNU_ARM_DEBUG_TETRA', Compiler 'GNU ARM 4.7.3 (HWTetra)', Telium SDK 'v11.16.8.02' ---
deleting intermediate files...
done!
                                     *-*-*
--- Project 'TRAINAPP', Configuration 'GNU_ARM_DEBUG_TETRA', Compiler 'GNU ARM 4.7.3 (HWTetra)', Telium SDK 'v11.16.8.02' ---
deleting binary files...
done!
Project(s) to build:
- TRAINAPP

                                     *-*-*
--- Project 'TRAINAPP', Configuration 'GNU_ARM_DEBUG_TETRA', Compiler 'GNU ARM 4.7.3 (HWTetra)', Telium SDK 'v11.16.8.02' ---
deleting intermediate files...
done!
                                     *-*-*
--- Project 'TRAINAPP', Configuration 'GNU_ARM_DEBUG_TETRA', Compiler 'GNU ARM 4.7.3 (HWTetra)', Telium SDK 'v11.16.8.02' ---
deleting binary files...
done!
                                     *-*-*
--- Project 'TRAINAPP', Configuration 'GNU_ARM_DEBUG_TETRA', Compiler 'GNU ARM 4.7.3 (HWTetra)' ---
Build in progress...
Includes file list @option generation: 
'Finished building: Obj/GNU_ARM_DEBUG_TETRA/includesFiles.opt'

'Src/Main.c' compilation in progress...
'Src/Entry.c' compilation in progress...
'Src/Menu.c' compilation in progress...
'Src/ComGPRS.c' compilation in progress...
Src/ComGPRS.c: In function 'StopGPRS':
Src/ComGPRS.c:735:2: warning: 'iRet' is used uninitialized in this function [-Wuninitialized]
'Src/Goal.c' compilation in progress...
'Src/Mapapp.c' compilation in progress...
'Src/FMG.c' compilation in progress...
'Src/Utility.c' compilation in progress...
'Src/Timer.c' compilation in progress...

Linker file @option generation
'Finished building: Obj/GNU_ARM_DEBUG_TETRA/ldFile.opt'

'Obj/GNU_ARM_DEBUG_TETRA/TRAINAP0101.axf' link in progress...
'Finished building: Obj/GNU_ARM_DEBUG_TETRA/TRAINAP0101.axf'

'Invoking: GNUARM Print Size'
'Finished building: Obj/GNU_ARM_DEBUG_TETRA/TRAINAP0101.siz'

'Obj/GNU_ARM_DEBUG_TETRA/TRAINAP0101.lst' lst file generated.
duplicate bin file :  Bin/GNU_ARM_DEBUG_TETRA/TRAINAP0101.BIN to Obj/GNU_ARM_DEBUG_TETRA/TRAINAP0101.T3A
Stripping terminal binary file: 
'Bin/GNU_ARM_DEBUG_TETRA/TRAINAP0101.BIN' binary file generated.
done!
                                     *-*-*
--- Project 'TRAINAPP', Configuration 'GNU_ARM_DEBUG_TETRA', Compiler 'GNU ARM 4.7.3 (HWTetra)', Telium SDK 'v11.16.8.02' ---
'Telium Tetra' 'TRAINAP0101.T3A' file binaries generation in progress...
Scheme : 500006012100.S3S.mockup added.
Scheme : 500007012100.S3S.mockup added.
Scheme : 500008012100.S3S.mockup added.
Scheme : 500009012100.S3S.mockup added.
Scheme : 500010012100.S3S.mockup added.
Scheme : 500011012100.S3S.mockup added.
Scheme : 500012012100.S3S.mockup added.
Scheme : 500014012100.S3S.mockup added.
Scheme : 500015012100.S3S.mockup added.
Scheme : 500016012100.S3S.mockup added.
Scheme : 500018012100.S3S.mockup added.
Scheme : 500031010200.S3S.mockup added.
Scheme : 500032030200.S3S.mockup added.
Scheme : 500063012100.S3S.mockup added.
'Bin/GNU_ARM_DEBUG_TETRA/TRAINAP0101.T3A' Tetra file generated.
done!
                                     *-*-*
--- Project 'TRAINAPP', Configuration 'GNU_ARM_DEBUG_TETRA', Compiler 'GNU ARM 4.7.3 (HWTetra)', Telium SDK 'v11.16.8.02' ---
Packager in progress for file 'TRAINAP0101.T3A' ...


-----------------  SECURE HASHING COMPONNENTS BUILT-IN ------------------
********************************** TRAINAP0101.T3A **********************************
----  HASHING  COMPONENT
----  TARING  COMPONENT
----  HASHING PKGINFO
----  TARING PKGINFO
----  TAR PACKAGE
----  SIGNING: only generate .jsat file
650ef0e76e60a5f0f732383e39eeabcf437444976f7ca7204bbc85780ac84a85a4fc8a981a930c3f48632744038f69916946ff8fb5ddf959690c01c525ac2688 - pkg.hashes
820cfd162d727a4c443e78be64d14d004e64d41bf1fd93878cc437933f8a65caf6963d8d51e0d6153fb5fc1713374b0d8e2e1f781cb067bd7cebb7c4e19e86a2 - pkginfo.hashes
----------------------------  DONE  -----------------------------
                                     *-*-*
--- Project 'TRAINAPP', Configuration 'GNU_ARM_DEBUG_TETRA', Compiler 'GNU ARM 4.7.3 (HWTetra)', Telium SDK 'v11.16.8.02' ---

Sign/Kit Signature in Progress ...
For 'Telium Tetra' 'Bin/GNU_ARM_DEBUG_TETRA/8001100000_TRAINAPP.P3A.pkg' package file for mode 'PAYMENT'.
'C:/Users/bkariri/Documents/projects/POS_STUFF/trainapp2/TRAINAPP/Bin/GNU_ARM_DEBUG_TETRA/8001100000_TRAINAPP.P3A' Telium Tetra application file generated in PAYMENT mode.
done!
                                     *-*-*
--- Project 'TRAINAPP', Configuration 'GNU_ARM_DEBUG_TETRA', Compiler 'GNU ARM 4.7.3 (HWTetra)', Telium SDK 'v11.16.8.02' ---
Telium Tetra Platform binary file information:  CODE (size=78000 bytes); DATA  (size=6648 bytes).

Elapsed time: 39 s.
Project(s) to build:
- TRAINAPP

                                     *-*-*
--- Project 'TRAINAPP', Configuration 'GNU_ARM_DEBUG_TETRA', Compiler 'GNU ARM 4.7.3 (HWTetra)' ---
Build in progress...
done!
                                     *-*-*
--- Project 'TRAINAPP', Configuration 'GNU_ARM_DEBUG_TETRA', Compiler 'GNU ARM 4.7.3 (HWTetra)', Telium SDK 'v11.16.8.02' ---
'Telium Tetra' 'TRAINAP0101.T3A' file binaries generation in progress...
done!
                                     *-*-*
--- Project 'TRAINAPP', Configuration 'GNU_ARM_DEBUG_TETRA', Compiler 'GNU ARM 4.7.3 (HWTetra)', Telium SDK 'v11.16.8.02' ---
Packager in progress for file 'TRAINAP0101.T3A' ...


done!
                                     *-*-*
--- Project 'TRAINAPP', Configuration 'GNU_ARM_DEBUG_TETRA', Compiler 'GNU ARM 4.7.3 (HWTetra)', Telium SDK 'v11.16.8.02' ---

Sign/Kit Signature in Progress ...
For 'Telium Tetra' 'Bin/GNU_ARM_DEBUG_TETRA/8001100000_TRAINAPP.P3A.pkg' package file for mode 'PAYMENT'.
done!
                                     *-*-*
--- Project 'TRAINAPP', Configuration 'GNU_ARM_DEBUG_TETRA', Compiler 'GNU ARM 4.7.3 (HWTetra)', Telium SDK 'v11.16.8.02' ---
Telium Tetra Platform binary file information:  CODE (size=78000 bytes); DATA  (size=6648 bytes).

Elapsed time: 0 s.
                                     *-*-*
--- Project 'TRAINAPP', Configuration 'GNU_ARM_DEBUG_TETRA', Compiler 'GNU ARM 4.7.3 (HWTetra)', Telium SDK 'v11.16.8.02' ---
deleting intermediate files...
done!
                                     *-*-*
--- Project 'TRAINAPP', Configuration 'GNU_ARM_DEBUG_TETRA', Compiler 'GNU ARM 4.7.3 (HWTetra)', Telium SDK 'v11.16.8.02' ---
deleting binary files...
done!
Project(s) to build:
- TRAINAPP

                                     *-*-*
--- Project 'TRAINAPP', Configuration 'GNU_ARM_DEBUG_TETRA', Compiler 'GNU ARM 4.7.3 (HWTetra)', Telium SDK 'v11.16.8.02' ---
deleting intermediate files...
done!
                                     *-*-*
--- Project 'TRAINAPP', Configuration 'GNU_ARM_DEBUG_TETRA', Compiler 'GNU ARM 4.7.3 (HWTetra)', Telium SDK 'v11.16.8.02' ---
deleting binary files...
done!
                                     *-*-*
--- Project 'TRAINAPP', Configuration 'GNU_ARM_DEBUG_TETRA', Compiler 'GNU ARM 4.7.3 (HWTetra)' ---
Build in progress...
Includes file list @option generation: 
'Finished building: Obj/GNU_ARM_DEBUG_TETRA/includesFiles.opt'

'Src/Main.c' compilation in progress...
'Src/Entry.c' compilation in progress...
'Src/Menu.c' compilation in progress...
'Src/ComGPRS.c' compilation in progress...
Src/ComGPRS.c: In function 'StopGPRS':
Src/ComGPRS.c:737:2: warning: 'iRet' is used uninitialized in this function [-Wuninitialized]
'Src/Goal.c' compilation in progress...
'Src/Mapapp.c' compilation in progress...
'Src/FMG.c' compilation in progress...
'Src/Utility.c' compilation in progress...
'Src/Timer.c' compilation in progress...

Linker file @option generation
'Finished building: Obj/GNU_ARM_DEBUG_TETRA/ldFile.opt'

'Obj/GNU_ARM_DEBUG_TETRA/TRAINAP0101.axf' link in progress...
'Finished building: Obj/GNU_ARM_DEBUG_TETRA/TRAINAP0101.axf'

'Invoking: GNUARM Print Size'
'Finished building: Obj/GNU_ARM_DEBUG_TETRA/TRAINAP0101.siz'

'Obj/GNU_ARM_DEBUG_TETRA/TRAINAP0101.lst' lst file generated.
duplicate bin file :  Bin/GNU_ARM_DEBUG_TETRA/TRAINAP0101.BIN to Obj/GNU_ARM_DEBUG_TETRA/TRAINAP0101.T3A
Stripping terminal binary file: 
'Bin/GNU_ARM_DEBUG_TETRA/TRAINAP0101.BIN' binary file generated.
done!
                                     *-*-*
--- Project 'TRAINAPP', Configuration 'GNU_ARM_DEBUG_TETRA', Compiler 'GNU ARM 4.7.3 (HWTetra)', Telium SDK 'v11.16.8.02' ---
'Telium Tetra' 'TRAINAP0101.T3A' file binaries generation in progress...
Scheme : 500006012100.S3S.mockup added.
Scheme : 500007012100.S3S.mockup added.
Scheme : 500008012100.S3S.mockup added.
Scheme : 500009012100.S3S.mockup added.
Scheme : 500010012100.S3S.mockup added.
Scheme : 500011012100.S3S.mockup added.
Scheme : 500012012100.S3S.mockup added.
Scheme : 500014012100.S3S.mockup added.
Scheme : 500015012100.S3S.mockup added.
Scheme : 500016012100.S3S.mockup added.
Scheme : 500018012100.S3S.mockup added.
Scheme : 500031010200.S3S.mockup added.
Scheme : 500032030200.S3S.mockup added.
Scheme : 500063012100.S3S.mockup added.
'Bin/GNU_ARM_DEBUG_TETRA/TRAINAP0101.T3A' Tetra file generated.
done!
                                     *-*-*
--- Project 'TRAINAPP', Configuration 'GNU_ARM_DEBUG_TETRA', Compiler 'GNU ARM 4.7.3 (HWTetra)', Telium SDK 'v11.16.8.02' ---
Packager in progress for file 'TRAINAP0101.T3A' ...


-----------------  SECURE HASHING COMPONNENTS BUILT-IN ------------------
********************************** TRAINAP0101.T3A **********************************
----  HASHING  COMPONENT
----  TARING  COMPONENT
----  HASHING PKGINFO
----  TARING PKGINFO
----  TAR PACKAGE
----  SIGNING: only generate .jsat file
8fcb1510de6d302f84ffa85fba9664058e386f49373431879e8f081fe190d2935ce6fb124090415ca92a1270ddbc0f3d80b6be2984448d8f04e96c3ba9f98784 - pkg.hashes
820cfd162d727a4c443e78be64d14d004e64d41bf1fd93878cc437933f8a65caf6963d8d51e0d6153fb5fc1713374b0d8e2e1f781cb067bd7cebb7c4e19e86a2 - pkginfo.hashes
----------------------------  DONE  -----------------------------
                                     *-*-*
--- Project 'TRAINAPP', Configuration 'GNU_ARM_DEBUG_TETRA', Compiler 'GNU ARM 4.7.3 (HWTetra)', Telium SDK 'v11.16.8.02' ---

Sign/Kit Signature in Progress ...
For 'Telium Tetra' 'Bin/GNU_ARM_DEBUG_TETRA/8001100000_TRAINAPP.P3A.pkg' package file for mode 'PAYMENT'.
'C:/Users/bkariri/Documents/projects/POS_STUFF/trainapp2/TRAINAPP/Bin/GNU_ARM_DEBUG_TETRA/8001100000_TRAINAPP.P3A' Telium Tetra application file generated in PAYMENT mode.
done!
                                     *-*-*
--- Project 'TRAINAPP', Configuration 'GNU_ARM_DEBUG_TETRA', Compiler 'GNU ARM 4.7.3 (HWTetra)', Telium SDK 'v11.16.8.02' ---
Telium Tetra Platform binary file information:  CODE (size=77960 bytes); DATA  (size=6648 bytes).

Elapsed time: 42 s.
Project(s) to build:
- TRAINAPP

                                     *-*-*
--- Project 'TRAINAPP', Configuration 'GNU_ARM_DEBUG_TETRA', Compiler 'GNU ARM 4.7.3 (HWTetra)' ---
Build in progress...
done!
                                     *-*-*
--- Project 'TRAINAPP', Configuration 'GNU_ARM_DEBUG_TETRA', Compiler 'GNU ARM 4.7.3 (HWTetra)', Telium SDK 'v11.16.8.02' ---
'Telium Tetra' 'TRAINAP0101.T3A' file binaries generation in progress...
done!
                                     *-*-*
--- Project 'TRAINAPP', Configuration 'GNU_ARM_DEBUG_TETRA', Compiler 'GNU ARM 4.7.3 (HWTetra)', Telium SDK 'v11.16.8.02' ---
Packager in progress for file 'TRAINAP0101.T3A' ...


done!
                                     *-*-*
--- Project 'TRAINAPP', Configuration 'GNU_ARM_DEBUG_TETRA', Compiler 'GNU ARM 4.7.3 (HWTetra)', Telium SDK 'v11.16.8.02' ---

Sign/Kit Signature in Progress ...
For 'Telium Tetra' 'Bin/GNU_ARM_DEBUG_TETRA/8001100000_TRAINAPP.P3A.pkg' package file for mode 'PAYMENT'.
done!
                                     *-*-*
--- Project 'TRAINAPP', Configuration 'GNU_ARM_DEBUG_TETRA', Compiler 'GNU ARM 4.7.3 (HWTetra)', Telium SDK 'v11.16.8.02' ---
Telium Tetra Platform binary file information:  CODE (size=77960 bytes); DATA  (size=6648 bytes).

Elapsed time: 0 s.
Project(s) to build:
- TRAINAPP

                                     *-*-*
--- Project 'TRAINAPP', Configuration 'GNU_ARM_DEBUG_TETRA', Compiler 'GNU ARM 4.7.3 (HWTetra)' ---
Build in progress...
done!
                                     *-*-*
--- Project 'TRAINAPP', Configuration 'GNU_ARM_DEBUG_TETRA', Compiler 'GNU ARM 4.7.3 (HWTetra)', Telium SDK 'v11.16.8.02' ---
'Telium Tetra' 'TRAINAP0101.T3A' file binaries generation in progress...
done!
                                     *-*-*
--- Project 'TRAINAPP', Configuration 'GNU_ARM_DEBUG_TETRA', Compiler 'GNU ARM 4.7.3 (HWTetra)', Telium SDK 'v11.16.8.02' ---
Packager in progress for file 'TRAINAP0101.T3A' ...


done!
                                     *-*-*
--- Project 'TRAINAPP', Configuration 'GNU_ARM_DEBUG_TETRA', Compiler 'GNU ARM 4.7.3 (HWTetra)', Telium SDK 'v11.16.8.02' ---

Sign/Kit Signature in Progress ...
For 'Telium Tetra' 'Bin/GNU_ARM_DEBUG_TETRA/8001100000_TRAINAPP.P3A.pkg' package file for mode 'PAYMENT'.
done!
                                     *-*-*
--- Project 'TRAINAPP', Configuration 'GNU_ARM_DEBUG_TETRA', Compiler 'GNU ARM 4.7.3 (HWTetra)', Telium SDK 'v11.16.8.02' ---
Telium Tetra Platform binary file information:  CODE (size=77960 bytes); DATA  (size=6648 bytes).

Elapsed time: 0 s.
Project(s) to build:
- TRAINAPP

                                     *-*-*
--- Project 'TRAINAPP', Configuration 'GNU_ARM_DEBUG_TETRA', Compiler 'GNU ARM 4.7.3 (HWTetra)', Telium SDK 'v11.16.8.02' ---
deleting intermediate files...
done!
                                     *-*-*
--- Project 'TRAINAPP', Configuration 'GNU_ARM_DEBUG_TETRA', Compiler 'GNU ARM 4.7.3 (HWTetra)', Telium SDK 'v11.16.8.02' ---
deleting binary files...
done!
                                     *-*-*
--- Project 'TRAINAPP', Configuration 'GNU_ARM_DEBUG_TETRA', Compiler 'GNU ARM 4.7.3 (HWTetra)' ---
Build in progress...
Includes file list @option generation: 
'Finished building: Obj/GNU_ARM_DEBUG_TETRA/includesFiles.opt'

'Src/Main.c' compilation in progress...
'Src/Entry.c' compilation in progress...
'Src/Menu.c' compilation in progress...
'Src/ComGPRS.c' compilation in progress...
Src/ComGPRS.c: In function 'StopGPRS':
Src/ComGPRS.c:737:2: warning: 'iRet' is used uninitialized in this function [-Wuninitialized]
'Src/Goal.c' compilation in progress...
'Src/Mapapp.c' compilation in progress...
'Src/FMG.c' compilation in progress...
'Src/Utility.c' compilation in progress...
'Src/Timer.c' compilation in progress...
'Src/iso8583.c' compilation in progress...

Linker file @option generation
'Finished building: Obj/GNU_ARM_DEBUG_TETRA/ldFile.opt'

'Obj/GNU_ARM_DEBUG_TETRA/TRAINAP0101.axf' link in progress...
'Finished building: Obj/GNU_ARM_DEBUG_TETRA/TRAINAP0101.axf'

'Invoking: GNUARM Print Size'
'Finished building: Obj/GNU_ARM_DEBUG_TETRA/TRAINAP0101.siz'

'Obj/GNU_ARM_DEBUG_TETRA/TRAINAP0101.lst' lst file generated.
duplicate bin file :  Bin/GNU_ARM_DEBUG_TETRA/TRAINAP0101.BIN to Obj/GNU_ARM_DEBUG_TETRA/TRAINAP0101.T3A
Stripping terminal binary file: 
'Bin/GNU_ARM_DEBUG_TETRA/TRAINAP0101.BIN' binary file generated.
done!
                                     *-*-*
--- Project 'TRAINAPP', Configuration 'GNU_ARM_DEBUG_TETRA', Compiler 'GNU ARM 4.7.3 (HWTetra)', Telium SDK 'v11.16.8.02' ---
'Telium Tetra' 'TRAINAP0101.T3A' file binaries generation in progress...
Scheme : 500006012100.S3S.mockup added.
Scheme : 500007012100.S3S.mockup added.
Scheme : 500008012100.S3S.mockup added.
Scheme : 500009012100.S3S.mockup added.
Scheme : 500010012100.S3S.mockup added.
Scheme : 500011012100.S3S.mockup added.
Scheme : 500012012100.S3S.mockup added.
Scheme : 500014012100.S3S.mockup added.
Scheme : 500015012100.S3S.mockup added.
Scheme : 500016012100.S3S.mockup added.
Scheme : 500018012100.S3S.mockup added.
Scheme : 500031010200.S3S.mockup added.
Scheme : 500032030200.S3S.mockup added.
Scheme : 500063012100.S3S.mockup added.
'Bin/GNU_ARM_DEBUG_TETRA/TRAINAP0101.T3A' Tetra file generated.
done!
                                     *-*-*
--- Project 'TRAINAPP', Configuration 'GNU_ARM_DEBUG_TETRA', Compiler 'GNU ARM 4.7.3 (HWTetra)', Telium SDK 'v11.16.8.02' ---
Packager in progress for file 'TRAINAP0101.T3A' ...


-----------------  SECURE HASHING COMPONNENTS BUILT-IN ------------------
********************************** TRAINAP0101.T3A **********************************
----  HASHING  COMPONENT
----  TARING  COMPONENT
----  HASHING PKGINFO
----  TARING PKGINFO
----  TAR PACKAGE
----  SIGNING: only generate .jsat file
c24f9b678c29adb86e317d6bbf7f3b99b701a58784ddd141a6aa8f29a57b36c5066c1f118bf1c036dea849e3866e57c2ab950ff76c451f64ac79b83e62fded10 - pkg.hashes
820cfd162d727a4c443e78be64d14d004e64d41bf1fd93878cc437933f8a65caf6963d8d51e0d6153fb5fc1713374b0d8e2e1f781cb067bd7cebb7c4e19e86a2 - pkginfo.hashes
----------------------------  DONE  -----------------------------
                                     *-*-*
--- Project 'TRAINAPP', Configuration 'GNU_ARM_DEBUG_TETRA', Compiler 'GNU ARM 4.7.3 (HWTetra)', Telium SDK 'v11.16.8.02' ---

Sign/Kit Signature in Progress ...
For 'Telium Tetra' 'Bin/GNU_ARM_DEBUG_TETRA/8001100000_TRAINAPP.P3A.pkg' package file for mode 'PAYMENT'.
'C:/Users/bkariri/Documents/projects/POS_STUFF/trainapp2/TRAINAPP/Bin/GNU_ARM_DEBUG_TETRA/8001100000_TRAINAPP.P3A' Telium Tetra application file generated in PAYMENT mode.
done!
                                     *-*-*
--- Project 'TRAINAPP', Configuration 'GNU_ARM_DEBUG_TETRA', Compiler 'GNU ARM 4.7.3 (HWTetra)', Telium SDK 'v11.16.8.02' ---
Telium Tetra Platform binary file information:  CODE (size=77960 bytes); DATA  (size=6648 bytes).

Elapsed time: 56 s.
                                     *-*-*
--- Project 'TRAINAPP', Configuration 'GNU_ARM_DEBUG_TETRA', Compiler 'GNU ARM 4.7.3 (HWTetra)', Telium SDK 'v11.16.8.02' ---
deleting intermediate files...
done!
                                     *-*-*
--- Project 'TRAINAPP', Configuration 'GNU_ARM_DEBUG_TETRA', Compiler 'GNU ARM 4.7.3 (HWTetra)', Telium SDK 'v11.16.8.02' ---
deleting binary files...
done!
Project(s) to build:
- TRAINAPP

                                     *-*-*
--- Project 'TRAINAPP', Configuration 'GNU_ARM_DEBUG_TETRA', Compiler 'GNU ARM 4.7.3 (HWTetra)', Telium SDK 'v11.16.8.02' ---
deleting intermediate files...
done!
                                     *-*-*
--- Project 'TRAINAPP', Configuration 'GNU_ARM_DEBUG_TETRA', Compiler 'GNU ARM 4.7.3 (HWTetra)', Telium SDK 'v11.16.8.02' ---
deleting binary files...
done!
                                     *-*-*
--- Project 'TRAINAPP', Configuration 'GNU_ARM_DEBUG_TETRA', Compiler 'GNU ARM 4.7.3 (HWTetra)' ---
Build in progress...
Includes file list @option generation: 
'Finished building: Obj/GNU_ARM_DEBUG_TETRA/includesFiles.opt'

'Src/Main.c' compilation in progress...
'Src/Entry.c' compilation in progress...
'Src/Menu.c' compilation in progress...
'Src/ComGPRS.c' compilation in progress...
Src/ComGPRS.c: In function 'PromptGPRS':
Src/ComGPRS.c:758:13: warning: unused variable 'uiIp' [-Wunused-variable]
'Src/Goal.c' compilation in progress...
'Src/Mapapp.c' compilation in progress...
'Src/FMG.c' compilation in progress...
'Src/Utility.c' compilation in progress...
'Src/Timer.c' compilation in progress...
'Src/iso8583.c' compilation in progress...

Linker file @option generation
'Finished building: Obj/GNU_ARM_DEBUG_TETRA/ldFile.opt'

'Obj/GNU_ARM_DEBUG_TETRA/TRAINAP0101.axf' link in progress...
'Finished building: Obj/GNU_ARM_DEBUG_TETRA/TRAINAP0101.axf'

'Invoking: GNUARM Print Size'
'Finished building: Obj/GNU_ARM_DEBUG_TETRA/TRAINAP0101.siz'

'Obj/GNU_ARM_DEBUG_TETRA/TRAINAP0101.lst' lst file generated.
duplicate bin file :  Bin/GNU_ARM_DEBUG_TETRA/TRAINAP0101.BIN to Obj/GNU_ARM_DEBUG_TETRA/TRAINAP0101.T3A
Stripping terminal binary file: 
'Bin/GNU_ARM_DEBUG_TETRA/TRAINAP0101.BIN' binary file generated.
done!
                                     *-*-*
--- Project 'TRAINAPP', Configuration 'GNU_ARM_DEBUG_TETRA', Compiler 'GNU ARM 4.7.3 (HWTetra)', Telium SDK 'v11.16.8.02' ---
'Telium Tetra' 'TRAINAP0101.T3A' file binaries generation in progress...
Scheme : 500006012100.S3S.mockup added.
Scheme : 500007012100.S3S.mockup added.
Scheme : 500008012100.S3S.mockup added.
Scheme : 500009012100.S3S.mockup added.
Scheme : 500010012100.S3S.mockup added.
Scheme : 500011012100.S3S.mockup added.
Scheme : 500012012100.S3S.mockup added.
Scheme : 500014012100.S3S.mockup added.
Scheme : 500015012100.S3S.mockup added.
Scheme : 500016012100.S3S.mockup added.
Scheme : 500018012100.S3S.mockup added.
Scheme : 500031010200.S3S.mockup added.
Scheme : 500032030200.S3S.mockup added.
Scheme : 500063012100.S3S.mockup added.
'Bin/GNU_ARM_DEBUG_TETRA/TRAINAP0101.T3A' Tetra file generated.
done!
                                     *-*-*
--- Project 'TRAINAPP', Configuration 'GNU_ARM_DEBUG_TETRA', Compiler 'GNU ARM 4.7.3 (HWTetra)', Telium SDK 'v11.16.8.02' ---
Packager in progress for file 'TRAINAP0101.T3A' ...


-----------------  SECURE HASHING COMPONNENTS BUILT-IN ------------------
********************************** TRAINAP0101.T3A **********************************
----  HASHING  COMPONENT
----  TARING  COMPONENT
----  HASHING PKGINFO
----  TARING PKGINFO
----  TAR PACKAGE
----  SIGNING: only generate .jsat file
4ba77d559f5be05d2a5dca200142e6fa605883129f2920c57bd18908c448a515b5dd41252b92dbd58d1b3bf53f096735001ce3481de1d31eafe571bd7af04b2e - pkg.hashes
820cfd162d727a4c443e78be64d14d004e64d41bf1fd93878cc437933f8a65caf6963d8d51e0d6153fb5fc1713374b0d8e2e1f781cb067bd7cebb7c4e19e86a2 - pkginfo.hashes
----------------------------  DONE  -----------------------------
                                     *-*-*
--- Project 'TRAINAPP', Configuration 'GNU_ARM_DEBUG_TETRA', Compiler 'GNU ARM 4.7.3 (HWTetra)', Telium SDK 'v11.16.8.02' ---

Sign/Kit Signature in Progress ...
For 'Telium Tetra' 'Bin/GNU_ARM_DEBUG_TETRA/8001100000_TRAINAPP.P3A.pkg' package file for mode 'PAYMENT'.
'C:/Users/bkariri/Documents/projects/POS_STUFF/trainapp2/TRAINAPP/Bin/GNU_ARM_DEBUG_TETRA/8001100000_TRAINAPP.P3A' Telium Tetra application file generated in PAYMENT mode.
done!
                                     *-*-*
--- Project 'TRAINAPP', Configuration 'GNU_ARM_DEBUG_TETRA', Compiler 'GNU ARM 4.7.3 (HWTetra)', Telium SDK 'v11.16.8.02' ---
Telium Tetra Platform binary file information:  CODE (size=78264 bytes); DATA  (size=6632 bytes).

Elapsed time: 38 s.
Project(s) to build:
- TRAINAPP

                                     *-*-*
--- Project 'TRAINAPP', Configuration 'GNU_ARM_DEBUG_TETRA', Compiler 'GNU ARM 4.7.3 (HWTetra)' ---
Build in progress...
done!
                                     *-*-*
--- Project 'TRAINAPP', Configuration 'GNU_ARM_DEBUG_TETRA', Compiler 'GNU ARM 4.7.3 (HWTetra)', Telium SDK 'v11.16.8.02' ---
'Telium Tetra' 'TRAINAP0101.T3A' file binaries generation in progress...
done!
                                     *-*-*
--- Project 'TRAINAPP', Configuration 'GNU_ARM_DEBUG_TETRA', Compiler 'GNU ARM 4.7.3 (HWTetra)', Telium SDK 'v11.16.8.02' ---
Packager in progress for file 'TRAINAP0101.T3A' ...


done!
                                     *-*-*
--- Project 'TRAINAPP', Configuration 'GNU_ARM_DEBUG_TETRA', Compiler 'GNU ARM 4.7.3 (HWTetra)', Telium SDK 'v11.16.8.02' ---

Sign/Kit Signature in Progress ...
For 'Telium Tetra' 'Bin/GNU_ARM_DEBUG_TETRA/8001100000_TRAINAPP.P3A.pkg' package file for mode 'PAYMENT'.
done!
                                     *-*-*
--- Project 'TRAINAPP', Configuration 'GNU_ARM_DEBUG_TETRA', Compiler 'GNU ARM 4.7.3 (HWTetra)', Telium SDK 'v11.16.8.02' ---
Telium Tetra Platform binary file information:  CODE (size=78264 bytes); DATA  (size=6632 bytes).

Elapsed time: 0 s.
                                     *-*-*
--- Project 'TRAINAPP', Configuration 'GNU_ARM_DEBUG_TETRA', Compiler 'GNU ARM 4.7.3 (HWTetra)', Telium SDK 'v11.16.8.02' ---
deleting intermediate files...
done!
                                     *-*-*
--- Project 'TRAINAPP', Configuration 'GNU_ARM_DEBUG_TETRA', Compiler 'GNU ARM 4.7.3 (HWTetra)', Telium SDK 'v11.16.8.02' ---
deleting binary files...
done!
Project(s) to build:
- TRAINAPP

                                     *-*-*
--- Project 'TRAINAPP', Configuration 'GNU_ARM_DEBUG_TETRA', Compiler 'GNU ARM 4.7.3 (HWTetra)', Telium SDK 'v11.16.8.02' ---
deleting intermediate files...
done!
                                     *-*-*
--- Project 'TRAINAPP', Configuration 'GNU_ARM_DEBUG_TETRA', Compiler 'GNU ARM 4.7.3 (HWTetra)', Telium SDK 'v11.16.8.02' ---
deleting binary files...
done!
                                     *-*-*
--- Project 'TRAINAPP', Configuration 'GNU_ARM_DEBUG_TETRA', Compiler 'GNU ARM 4.7.3 (HWTetra)' ---
Build in progress...
Includes file list @option generation: 
'Finished building: Obj/GNU_ARM_DEBUG_TETRA/includesFiles.opt'

'Src/Main.c' compilation in progress...
'Src/Entry.c' compilation in progress...
'Src/Menu.c' compilation in progress...
'Src/ComGPRS.c' compilation in progress...
Src/ComGPRS.c: In function 'PromptGPRS':
Src/ComGPRS.c:758:13: warning: unused variable 'uiIp' [-Wunused-variable]
'Src/Goal.c' compilation in progress...
'Src/Mapapp.c' compilation in progress...
'Src/FMG.c' compilation in progress...
'Src/Utility.c' compilation in progress...
'Src/Timer.c' compilation in progress...
'Src/iso8583.c' compilation in progress...

Linker file @option generation
'Finished building: Obj/GNU_ARM_DEBUG_TETRA/ldFile.opt'

'Obj/GNU_ARM_DEBUG_TETRA/TRAINAP0101.axf' link in progress...
'Finished building: Obj/GNU_ARM_DEBUG_TETRA/TRAINAP0101.axf'

'Invoking: GNUARM Print Size'
'Finished building: Obj/GNU_ARM_DEBUG_TETRA/TRAINAP0101.siz'

'Obj/GNU_ARM_DEBUG_TETRA/TRAINAP0101.lst' lst file generated.
duplicate bin file :  Bin/GNU_ARM_DEBUG_TETRA/TRAINAP0101.BIN to Obj/GNU_ARM_DEBUG_TETRA/TRAINAP0101.T3A
Stripping terminal binary file: 
'Bin/GNU_ARM_DEBUG_TETRA/TRAINAP0101.BIN' binary file generated.
done!
                                     *-*-*
--- Project 'TRAINAPP', Configuration 'GNU_ARM_DEBUG_TETRA', Compiler 'GNU ARM 4.7.3 (HWTetra)', Telium SDK 'v11.16.8.02' ---
'Telium Tetra' 'TRAINAP0101.T3A' file binaries generation in progress...
Scheme : 500006012100.S3S.mockup added.
Scheme : 500007012100.S3S.mockup added.
Scheme : 500008012100.S3S.mockup added.
Scheme : 500009012100.S3S.mockup added.
Scheme : 500010012100.S3S.mockup added.
Scheme : 500011012100.S3S.mockup added.
Scheme : 500012012100.S3S.mockup added.
Scheme : 500014012100.S3S.mockup added.
Scheme : 500015012100.S3S.mockup added.
Scheme : 500016012100.S3S.mockup added.
Scheme : 500018012100.S3S.mockup added.
Scheme : 500031010200.S3S.mockup added.
Scheme : 500032030200.S3S.mockup added.
Scheme : 500063012100.S3S.mockup added.
'Bin/GNU_ARM_DEBUG_TETRA/TRAINAP0101.T3A' Tetra file generated.
done!
                                     *-*-*
--- Project 'TRAINAPP', Configuration 'GNU_ARM_DEBUG_TETRA', Compiler 'GNU ARM 4.7.3 (HWTetra)', Telium SDK 'v11.16.8.02' ---
Packager in progress for file 'TRAINAP0101.T3A' ...


-----------------  SECURE HASHING COMPONNENTS BUILT-IN ------------------
********************************** TRAINAP0101.T3A **********************************
----  HASHING  COMPONENT
----  TARING  COMPONENT
----  HASHING PKGINFO
----  TARING PKGINFO
----  TAR PACKAGE
----  SIGNING: only generate .jsat file
d23fe4e495386c55096184a8c99b7dc9a45c053665ae811d03eb2556ca82faf67c93e7dfd4963fb3319ec8d46f9d220b8552c3ef82b37df34c55c022c0099965 - pkg.hashes
820cfd162d727a4c443e78be64d14d004e64d41bf1fd93878cc437933f8a65caf6963d8d51e0d6153fb5fc1713374b0d8e2e1f781cb067bd7cebb7c4e19e86a2 - pkginfo.hashes
----------------------------  DONE  -----------------------------
                                     *-*-*
--- Project 'TRAINAPP', Configuration 'GNU_ARM_DEBUG_TETRA', Compiler 'GNU ARM 4.7.3 (HWTetra)', Telium SDK 'v11.16.8.02' ---

Sign/Kit Signature in Progress ...
For 'Telium Tetra' 'Bin/GNU_ARM_DEBUG_TETRA/8001100000_TRAINAPP.P3A.pkg' package file for mode 'PAYMENT'.
'C:/Users/bkariri/Documents/projects/POS_STUFF/trainapp2/TRAINAPP/Bin/GNU_ARM_DEBUG_TETRA/8001100000_TRAINAPP.P3A' Telium Tetra application file generated in PAYMENT mode.
done!
                                     *-*-*
--- Project 'TRAINAPP', Configuration 'GNU_ARM_DEBUG_TETRA', Compiler 'GNU ARM 4.7.3 (HWTetra)', Telium SDK 'v11.16.8.02' ---
Telium Tetra Platform binary file information:  CODE (size=78268 bytes); DATA  (size=6632 bytes).

Elapsed time: 46 s.
Project(s) to build:
- TRAINAPP

                                     *-*-*
--- Project 'TRAINAPP', Configuration 'GNU_ARM_DEBUG_TETRA', Compiler 'GNU ARM 4.7.3 (HWTetra)' ---
Build in progress...
done!
                                     *-*-*
--- Project 'TRAINAPP', Configuration 'GNU_ARM_DEBUG_TETRA', Compiler 'GNU ARM 4.7.3 (HWTetra)', Telium SDK 'v11.16.8.02' ---
'Telium Tetra' 'TRAINAP0101.T3A' file binaries generation in progress...
done!
                                     *-*-*
--- Project 'TRAINAPP', Configuration 'GNU_ARM_DEBUG_TETRA', Compiler 'GNU ARM 4.7.3 (HWTetra)', Telium SDK 'v11.16.8.02' ---
Packager in progress for file 'TRAINAP0101.T3A' ...


done!
                                     *-*-*
--- Project 'TRAINAPP', Configuration 'GNU_ARM_DEBUG_TETRA', Compiler 'GNU ARM 4.7.3 (HWTetra)', Telium SDK 'v11.16.8.02' ---

Sign/Kit Signature in Progress ...
For 'Telium Tetra' 'Bin/GNU_ARM_DEBUG_TETRA/8001100000_TRAINAPP.P3A.pkg' package file for mode 'PAYMENT'.
done!
                                     *-*-*
--- Project 'TRAINAPP', Configuration 'GNU_ARM_DEBUG_TETRA', Compiler 'GNU ARM 4.7.3 (HWTetra)', Telium SDK 'v11.16.8.02' ---
Telium Tetra Platform binary file information:  CODE (size=78268 bytes); DATA  (size=6632 bytes).

Elapsed time: 2 s.
Project(s) to build:
- TRAINAPP

                                     *-*-*
--- Project 'TRAINAPP', Configuration 'GNU_ARM_DEBUG_TETRA', Compiler 'GNU ARM 4.7.3 (HWTetra)' ---
Build in progress...
'Src/ComGPRS.c' compilation in progress...
Src/ComGPRS.c: In function 'PromptGPRS':
Src/ComGPRS.c:758:13: warning: unused variable 'uiIp' [-Wunused-variable]

Linker file @option generation
'Finished building: Obj/GNU_ARM_DEBUG_TETRA/ldFile.opt'

'Obj/GNU_ARM_DEBUG_TETRA/TRAINAP0101.axf' link in progress...
'Finished building: Obj/GNU_ARM_DEBUG_TETRA/TRAINAP0101.axf'

'Invoking: GNUARM Print Size'
'Finished building: Obj/GNU_ARM_DEBUG_TETRA/TRAINAP0101.siz'

'Obj/GNU_ARM_DEBUG_TETRA/TRAINAP0101.lst' lst file generated.
duplicate bin file :  Bin/GNU_ARM_DEBUG_TETRA/TRAINAP0101.BIN to Obj/GNU_ARM_DEBUG_TETRA/TRAINAP0101.T3A
Stripping terminal binary file: 
'Bin/GNU_ARM_DEBUG_TETRA/TRAINAP0101.BIN' binary file generated.
done!
                                     *-*-*
--- Project 'TRAINAPP', Configuration 'GNU_ARM_DEBUG_TETRA', Compiler 'GNU ARM 4.7.3 (HWTetra)', Telium SDK 'v11.16.8.02' ---
'Telium Tetra' 'TRAINAP0101.T3A' file binaries generation in progress...
Scheme : 500006012100.S3S.mockup added.
Scheme : 500007012100.S3S.mockup added.
Scheme : 500008012100.S3S.mockup added.
Scheme : 500009012100.S3S.mockup added.
Scheme : 500010012100.S3S.mockup added.
Scheme : 500011012100.S3S.mockup added.
Scheme : 500012012100.S3S.mockup added.
Scheme : 500014012100.S3S.mockup added.
Scheme : 500015012100.S3S.mockup added.
Scheme : 500016012100.S3S.mockup added.
Scheme : 500018012100.S3S.mockup added.
Scheme : 500031010200.S3S.mockup added.
Scheme : 500032030200.S3S.mockup added.
Scheme : 500063012100.S3S.mockup added.
'Bin/GNU_ARM_DEBUG_TETRA/TRAINAP0101.T3A' Tetra file generated.
done!
                                     *-*-*
--- Project 'TRAINAPP', Configuration 'GNU_ARM_DEBUG_TETRA', Compiler 'GNU ARM 4.7.3 (HWTetra)', Telium SDK 'v11.16.8.02' ---
Packager in progress for file 'TRAINAP0101.T3A' ...


-----------------  SECURE HASHING COMPONNENTS BUILT-IN ------------------
********************************** TRAINAP0101.T3A **********************************
----  HASHING  COMPONENT
----  TARING  COMPONENT
----  HASHING PKGINFO
----  TARING PKGINFO
----  TAR PACKAGE
----  SIGNING: only generate .jsat file
b9c5cc708194008605ae441ab8800dfab2893a420302c8b6a0a08f6c1f0db08dc7e176e9bf07e905d6ac63cd5fb94bd1d76d87bf02efd45a6e814329541d87eb - pkg.hashes
820cfd162d727a4c443e78be64d14d004e64d41bf1fd93878cc437933f8a65caf6963d8d51e0d6153fb5fc1713374b0d8e2e1f781cb067bd7cebb7c4e19e86a2 - pkginfo.hashes
----------------------------  DONE  -----------------------------
                                     *-*-*
--- Project 'TRAINAPP', Configuration 'GNU_ARM_DEBUG_TETRA', Compiler 'GNU ARM 4.7.3 (HWTetra)', Telium SDK 'v11.16.8.02' ---

Sign/Kit Signature in Progress ...
For 'Telium Tetra' 'Bin/GNU_ARM_DEBUG_TETRA/8001100000_TRAINAPP.P3A.pkg' package file for mode 'PAYMENT'.
'C:/Users/bkariri/Documents/projects/POS_STUFF/trainapp2/TRAINAPP/Bin/GNU_ARM_DEBUG_TETRA/8001100000_TRAINAPP.P3A' Telium Tetra application file generated in PAYMENT mode.
done!
                                     *-*-*
--- Project 'TRAINAPP', Configuration 'GNU_ARM_DEBUG_TETRA', Compiler 'GNU ARM 4.7.3 (HWTetra)', Telium SDK 'v11.16.8.02' ---
Telium Tetra Platform binary file information:  CODE (size=78284 bytes); DATA  (size=6632 bytes).

Elapsed time: 43 s.
Project(s) to build:
- TRAINAPP

                                     *-*-*
--- Project 'TRAINAPP', Configuration 'GNU_ARM_DEBUG_TETRA', Compiler 'GNU ARM 4.7.3 (HWTetra)' ---
Build in progress...
done!
                                     *-*-*
--- Project 'TRAINAPP', Configuration 'GNU_ARM_DEBUG_TETRA', Compiler 'GNU ARM 4.7.3 (HWTetra)', Telium SDK 'v11.16.8.02' ---
'Telium Tetra' 'TRAINAP0101.T3A' file binaries generation in progress...
done!
                                     *-*-*
--- Project 'TRAINAPP', Configuration 'GNU_ARM_DEBUG_TETRA', Compiler 'GNU ARM 4.7.3 (HWTetra)', Telium SDK 'v11.16.8.02' ---
Packager in progress for file 'TRAINAP0101.T3A' ...


done!
                                     *-*-*
--- Project 'TRAINAPP', Configuration 'GNU_ARM_DEBUG_TETRA', Compiler 'GNU ARM 4.7.3 (HWTetra)', Telium SDK 'v11.16.8.02' ---

Sign/Kit Signature in Progress ...
For 'Telium Tetra' 'Bin/GNU_ARM_DEBUG_TETRA/8001100000_TRAINAPP.P3A.pkg' package file for mode 'PAYMENT'.
done!
                                     *-*-*
--- Project 'TRAINAPP', Configuration 'GNU_ARM_DEBUG_TETRA', Compiler 'GNU ARM 4.7.3 (HWTetra)', Telium SDK 'v11.16.8.02' ---
Telium Tetra Platform binary file information:  CODE (size=78284 bytes); DATA  (size=6632 bytes).

Elapsed time: 0 s.
                                     *-*-*
--- Project 'TRAINAPP', Configuration 'GNU_ARM_DEBUG_TETRA', Compiler 'GNU ARM 4.7.3 (HWTetra)', Telium SDK 'v11.16.8.02' ---
deleting intermediate files...
done!
                                     *-*-*
--- Project 'TRAINAPP', Configuration 'GNU_ARM_DEBUG_TETRA', Compiler 'GNU ARM 4.7.3 (HWTetra)', Telium SDK 'v11.16.8.02' ---
deleting binary files...
done!
Project(s) to build:
- TRAINAPP

                                     *-*-*
--- Project 'TRAINAPP', Configuration 'GNU_ARM_DEBUG_TETRA', Compiler 'GNU ARM 4.7.3 (HWTetra)', Telium SDK 'v11.16.8.02' ---
deleting intermediate files...
done!
                                     *-*-*
--- Project 'TRAINAPP', Configuration 'GNU_ARM_DEBUG_TETRA', Compiler 'GNU ARM 4.7.3 (HWTetra)', Telium SDK 'v11.16.8.02' ---
deleting binary files...
done!
                                     *-*-*
--- Project 'TRAINAPP', Configuration 'GNU_ARM_DEBUG_TETRA', Compiler 'GNU ARM 4.7.3 (HWTetra)' ---
Build in progress...
Includes file list @option generation: 
'Finished building: Obj/GNU_ARM_DEBUG_TETRA/includesFiles.opt'

'Src/Main.c' compilation in progress...
'Src/Entry.c' compilation in progress...
'Src/Menu.c' compilation in progress...
'Src/ComGPRS.c' compilation in progress...
Src/ComGPRS.c: In function 'PromptGPRS':
Src/ComGPRS.c:758:13: warning: unused variable 'uiIp' [-Wunused-variable]
'Src/Goal.c' compilation in progress...
'Src/Mapapp.c' compilation in progress...
'Src/FMG.c' compilation in progress...
'Src/Utility.c' compilation in progress...
'Src/Timer.c' compilation in progress...
'Src/iso8583.c' compilation in progress...

Linker file @option generation
'Finished building: Obj/GNU_ARM_DEBUG_TETRA/ldFile.opt'

'Obj/GNU_ARM_DEBUG_TETRA/TRAINAP0101.axf' link in progress...
'Finished building: Obj/GNU_ARM_DEBUG_TETRA/TRAINAP0101.axf'

'Invoking: GNUARM Print Size'
'Finished building: Obj/GNU_ARM_DEBUG_TETRA/TRAINAP0101.siz'

'Obj/GNU_ARM_DEBUG_TETRA/TRAINAP0101.lst' lst file generated.
duplicate bin file :  Bin/GNU_ARM_DEBUG_TETRA/TRAINAP0101.BIN to Obj/GNU_ARM_DEBUG_TETRA/TRAINAP0101.T3A
Stripping terminal binary file: 
'Bin/GNU_ARM_DEBUG_TETRA/TRAINAP0101.BIN' binary file generated.
done!
                                     *-*-*
--- Project 'TRAINAPP', Configuration 'GNU_ARM_DEBUG_TETRA', Compiler 'GNU ARM 4.7.3 (HWTetra)', Telium SDK 'v11.16.8.02' ---
'Telium Tetra' 'TRAINAP0101.T3A' file binaries generation in progress...
Scheme : 500006012100.S3S.mockup added.
Scheme : 500007012100.S3S.mockup added.
Scheme : 500008012100.S3S.mockup added.
Scheme : 500009012100.S3S.mockup added.
Scheme : 500010012100.S3S.mockup added.
Scheme : 500011012100.S3S.mockup added.
Scheme : 500012012100.S3S.mockup added.
Scheme : 500014012100.S3S.mockup added.
Scheme : 500015012100.S3S.mockup added.
Scheme : 500016012100.S3S.mockup added.
Scheme : 500018012100.S3S.mockup added.
Scheme : 500031010200.S3S.mockup added.
Scheme : 500032030200.S3S.mockup added.
Scheme : 500063012100.S3S.mockup added.
'Bin/GNU_ARM_DEBUG_TETRA/TRAINAP0101.T3A' Tetra file generated.
done!
                                     *-*-*
--- Project 'TRAINAPP', Configuration 'GNU_ARM_DEBUG_TETRA', Compiler 'GNU ARM 4.7.3 (HWTetra)', Telium SDK 'v11.16.8.02' ---
Packager in progress for file 'TRAINAP0101.T3A' ...


-----------------  SECURE HASHING COMPONNENTS BUILT-IN ------------------
********************************** TRAINAP0101.T3A **********************************
----  HASHING  COMPONENT
----  TARING  COMPONENT
----  HASHING PKGINFO
----  TARING PKGINFO
----  TAR PACKAGE
----  SIGNING: only generate .jsat file
78a777b09c464acc08e73549ead546bb80a6ad2df2b7f80156cee74fa06668c3815ae59b1ad40df6743ecfd52b4ed0181438adb9f905fdec9999d097f5f40ed6 - pkg.hashes
820cfd162d727a4c443e78be64d14d004e64d41bf1fd93878cc437933f8a65caf6963d8d51e0d6153fb5fc1713374b0d8e2e1f781cb067bd7cebb7c4e19e86a2 - pkginfo.hashes
----------------------------  DONE  -----------------------------
                                     *-*-*
--- Project 'TRAINAPP', Configuration 'GNU_ARM_DEBUG_TETRA', Compiler 'GNU ARM 4.7.3 (HWTetra)', Telium SDK 'v11.16.8.02' ---

Sign/Kit Signature in Progress ...
For 'Telium Tetra' 'Bin/GNU_ARM_DEBUG_TETRA/8001100000_TRAINAPP.P3A.pkg' package file for mode 'PAYMENT'.
'C:/Users/bkariri/Documents/projects/POS_STUFF/trainapp2/TRAINAPP/Bin/GNU_ARM_DEBUG_TETRA/8001100000_TRAINAPP.P3A' Telium Tetra application file generated in PAYMENT mode.
done!
                                     *-*-*
--- Project 'TRAINAPP', Configuration 'GNU_ARM_DEBUG_TETRA', Compiler 'GNU ARM 4.7.3 (HWTetra)', Telium SDK 'v11.16.8.02' ---
Telium Tetra Platform binary file information:  CODE (size=78348 bytes); DATA  (size=6632 bytes).

Elapsed time: 38 s.
Project(s) to build:
- TRAINAPP

                                     *-*-*
--- Project 'TRAINAPP', Configuration 'GNU_ARM_DEBUG_TETRA', Compiler 'GNU ARM 4.7.3 (HWTetra)' ---
Build in progress...
done!
                                     *-*-*
--- Project 'TRAINAPP', Configuration 'GNU_ARM_DEBUG_TETRA', Compiler 'GNU ARM 4.7.3 (HWTetra)', Telium SDK 'v11.16.8.02' ---
'Telium Tetra' 'TRAINAP0101.T3A' file binaries generation in progress...
done!
                                     *-*-*
--- Project 'TRAINAPP', Configuration 'GNU_ARM_DEBUG_TETRA', Compiler 'GNU ARM 4.7.3 (HWTetra)', Telium SDK 'v11.16.8.02' ---
Packager in progress for file 'TRAINAP0101.T3A' ...


done!
                                     *-*-*
--- Project 'TRAINAPP', Configuration 'GNU_ARM_DEBUG_TETRA', Compiler 'GNU ARM 4.7.3 (HWTetra)', Telium SDK 'v11.16.8.02' ---

Sign/Kit Signature in Progress ...
For 'Telium Tetra' 'Bin/GNU_ARM_DEBUG_TETRA/8001100000_TRAINAPP.P3A.pkg' package file for mode 'PAYMENT'.
done!
                                     *-*-*
--- Project 'TRAINAPP', Configuration 'GNU_ARM_DEBUG_TETRA', Compiler 'GNU ARM 4.7.3 (HWTetra)', Telium SDK 'v11.16.8.02' ---
Telium Tetra Platform binary file information:  CODE (size=78348 bytes); DATA  (size=6632 bytes).

Elapsed time: 0 s.
Project(s) to build:
- TRAINAPP

                                     *-*-*
--- Project 'TRAINAPP', Configuration 'GNU_ARM_DEBUG_TETRA', Compiler 'GNU ARM 4.7.3 (HWTetra)' ---
Build in progress...
done!
                                     *-*-*
--- Project 'TRAINAPP', Configuration 'GNU_ARM_DEBUG_TETRA', Compiler 'GNU ARM 4.7.3 (HWTetra)', Telium SDK 'v11.16.8.02' ---
'Telium Tetra' 'TRAINAP0101.T3A' file binaries generation in progress...
done!
                                     *-*-*
--- Project 'TRAINAPP', Configuration 'GNU_ARM_DEBUG_TETRA', Compiler 'GNU ARM 4.7.3 (HWTetra)', Telium SDK 'v11.16.8.02' ---
Packager in progress for file 'TRAINAP0101.T3A' ...


done!
                                     *-*-*
--- Project 'TRAINAPP', Configuration 'GNU_ARM_DEBUG_TETRA', Compiler 'GNU ARM 4.7.3 (HWTetra)', Telium SDK 'v11.16.8.02' ---

Sign/Kit Signature in Progress ...
For 'Telium Tetra' 'Bin/GNU_ARM_DEBUG_TETRA/8001100000_TRAINAPP.P3A.pkg' package file for mode 'PAYMENT'.
done!
                                     *-*-*
--- Project 'TRAINAPP', Configuration 'GNU_ARM_DEBUG_TETRA', Compiler 'GNU ARM 4.7.3 (HWTetra)', Telium SDK 'v11.16.8.02' ---
Telium Tetra Platform binary file information:  CODE (size=78348 bytes); DATA  (size=6632 bytes).

Elapsed time: 0 s.
